/home/sunrise/TWStateMachine/install/robot_comm/lib/python3.10/site-packages/robot_comm/main.py
/home/sunrise/TWStateMachine/install/robot_comm/lib/python3.10/site-packages/robot_comm/__init__.py
/home/sunrise/TWStateMachine/install/robot_comm/lib/python3.10/site-packages/robot_comm/node/subscribers.py
/home/sunrise/TWStateMachine/install/robot_comm/lib/python3.10/site-packages/robot_comm/node/cloud_service.py
/home/sunrise/TWStateMachine/install/robot_comm/lib/python3.10/site-packages/robot_comm/node/__init__.py
/home/sunrise/TWStateMachine/install/robot_comm/lib/python3.10/site-packages/robot_comm/grpc/client.py
/home/sunrise/TWStateMachine/install/robot_comm/lib/python3.10/site-packages/robot_comm/grpc/__init__.py
/home/sunrise/TWStateMachine/install/robot_comm/lib/python3.10/site-packages/robot_comm/grpc/proto/__init__.py
/home/sunrise/TWStateMachine/install/robot_comm/lib/python3.10/site-packages/robot_comm/grpc/proto/robot_comm_pb2.py
/home/sunrise/TWStateMachine/install/robot_comm/lib/python3.10/site-packages/robot_comm/grpc/proto/robot_comm_pb2_grpc.py
/home/sunrise/TWStateMachine/install/robot_comm/lib/python3.10/site-packages/robot_comm/grpc/proto/media_stream_pb2.py
/home/sunrise/TWStateMachine/install/robot_comm/lib/python3.10/site-packages/robot_comm/grpc/proto/media_stream_pb2_grpc.py
/home/sunrise/TWStateMachine/install/robot_comm/lib/python3.10/site-packages/robot_comm/config/settings.py
/home/sunrise/TWStateMachine/install/robot_comm/lib/python3.10/site-packages/robot_comm/config/__init__.py
/home/sunrise/TWStateMachine/install/robot_comm/lib/python3.10/site-packages/robot_comm/__pycache__/main.cpython-310.pyc
/home/sunrise/TWStateMachine/install/robot_comm/lib/python3.10/site-packages/robot_comm/__pycache__/__init__.cpython-310.pyc
/home/sunrise/TWStateMachine/install/robot_comm/lib/python3.10/site-packages/robot_comm/node/__pycache__/subscribers.cpython-310.pyc
/home/sunrise/TWStateMachine/install/robot_comm/lib/python3.10/site-packages/robot_comm/node/__pycache__/cloud_service.cpython-310.pyc
/home/sunrise/TWStateMachine/install/robot_comm/lib/python3.10/site-packages/robot_comm/node/__pycache__/__init__.cpython-310.pyc
/home/sunrise/TWStateMachine/install/robot_comm/lib/python3.10/site-packages/robot_comm/grpc/__pycache__/client.cpython-310.pyc
/home/sunrise/TWStateMachine/install/robot_comm/lib/python3.10/site-packages/robot_comm/grpc/__pycache__/__init__.cpython-310.pyc
/home/sunrise/TWStateMachine/install/robot_comm/lib/python3.10/site-packages/robot_comm/grpc/proto/__pycache__/__init__.cpython-310.pyc
/home/sunrise/TWStateMachine/install/robot_comm/lib/python3.10/site-packages/robot_comm/grpc/proto/__pycache__/robot_comm_pb2.cpython-310.pyc
/home/sunrise/TWStateMachine/install/robot_comm/lib/python3.10/site-packages/robot_comm/grpc/proto/__pycache__/robot_comm_pb2_grpc.cpython-310.pyc
/home/sunrise/TWStateMachine/install/robot_comm/lib/python3.10/site-packages/robot_comm/grpc/proto/__pycache__/media_stream_pb2.cpython-310.pyc
/home/sunrise/TWStateMachine/install/robot_comm/lib/python3.10/site-packages/robot_comm/grpc/proto/__pycache__/media_stream_pb2_grpc.cpython-310.pyc
/home/sunrise/TWStateMachine/install/robot_comm/lib/python3.10/site-packages/robot_comm/config/__pycache__/settings.cpython-310.pyc
/home/sunrise/TWStateMachine/install/robot_comm/lib/python3.10/site-packages/robot_comm/config/__pycache__/__init__.cpython-310.pyc
/home/sunrise/TWStateMachine/install/robot_comm/share/ament_index/resource_index/packages/robot_comm
/home/sunrise/TWStateMachine/install/robot_comm/share/robot_comm/package.xml
/home/sunrise/TWStateMachine/install/robot_comm/share/robot_comm/LICENSE
/home/sunrise/TWStateMachine/install/robot_comm/lib/python3.10/site-packages/robot_comm-0.0.1-py3.10.egg-info/SOURCES.txt
/home/sunrise/TWStateMachine/install/robot_comm/lib/python3.10/site-packages/robot_comm-0.0.1-py3.10.egg-info/zip-safe
/home/sunrise/TWStateMachine/install/robot_comm/lib/python3.10/site-packages/robot_comm-0.0.1-py3.10.egg-info/entry_points.txt
/home/sunrise/TWStateMachine/install/robot_comm/lib/python3.10/site-packages/robot_comm-0.0.1-py3.10.egg-info/requires.txt
/home/sunrise/TWStateMachine/install/robot_comm/lib/python3.10/site-packages/robot_comm-0.0.1-py3.10.egg-info/dependency_links.txt
/home/sunrise/TWStateMachine/install/robot_comm/lib/python3.10/site-packages/robot_comm-0.0.1-py3.10.egg-info/top_level.txt
/home/sunrise/TWStateMachine/install/robot_comm/lib/python3.10/site-packages/robot_comm-0.0.1-py3.10.egg-info/PKG-INFO
/home/sunrise/TWStateMachine/install/robot_comm/lib/robot_comm/robot_comm
