/home/sunrise/TWStateMachine/install/robot_state_machine/lib/python3.10/site-packages/robot_state_machine/main_node_online_npy.py
/home/sunrise/TWStateMachine/install/robot_state_machine/lib/python3.10/site-packages/robot_state_machine/robot_pose_solver.py
/home/sunrise/TWStateMachine/install/robot_state_machine/lib/python3.10/site-packages/robot_state_machine/main_node.py
/home/sunrise/TWStateMachine/install/robot_state_machine/lib/python3.10/site-packages/robot_state_machine/search_follow_module.py
/home/sunrise/TWStateMachine/install/robot_state_machine/lib/python3.10/site-packages/robot_state_machine/obstacle_avoidance_module.py
/home/sunrise/TWStateMachine/install/robot_state_machine/lib/python3.10/site-packages/robot_state_machine/mpu_read_parse.py
/home/sunrise/TWStateMachine/install/robot_state_machine/lib/python3.10/site-packages/robot_state_machine/edge_min_hw_pipeline.py
/home/sunrise/TWStateMachine/install/robot_state_machine/lib/python3.10/site-packages/robot_state_machine/follow_module.py
/home/sunrise/TWStateMachine/install/robot_state_machine/lib/python3.10/site-packages/robot_state_machine/search_module.py
/home/sunrise/TWStateMachine/install/robot_state_machine/lib/python3.10/site-packages/robot_state_machine/external_force_state.py
/home/sunrise/TWStateMachine/install/robot_state_machine/lib/python3.10/site-packages/robot_state_machine/online_npy_test.py
/home/sunrise/TWStateMachine/install/robot_state_machine/lib/python3.10/site-packages/robot_state_machine/__init__.py
/home/sunrise/TWStateMachine/install/robot_state_machine/lib/python3.10/site-packages/robot_state_machine/out_node.py
/home/sunrise/TWStateMachine/install/robot_state_machine/lib/python3.10/site-packages/robot_state_machine/main_node_offline_npy.py
/home/sunrise/TWStateMachine/install/robot_state_machine/lib/python3.10/site-packages/robot_state_machine/main_node_offline.py
/home/sunrise/TWStateMachine/install/robot_state_machine/lib/python3.10/site-packages/robot_state_machine/main_node_online_v2.py
/home/sunrise/TWStateMachine/install/robot_state_machine/lib/python3.10/site-packages/robot_state_machine/scan_module.py
/home/sunrise/TWStateMachine/install/robot_state_machine/lib/python3.10/site-packages/robot_state_machine/utils/monitor_npy.py
/home/sunrise/TWStateMachine/install/robot_state_machine/lib/python3.10/site-packages/robot_state_machine/utils/robot_protocol.py
/home/sunrise/TWStateMachine/install/robot_state_machine/lib/python3.10/site-packages/robot_state_machine/utils/cloude_http_client.py
/home/sunrise/TWStateMachine/install/robot_state_machine/lib/python3.10/site-packages/robot_state_machine/utils/mpu_test.py
/home/sunrise/TWStateMachine/install/robot_state_machine/lib/python3.10/site-packages/robot_state_machine/utils/cubic_spline.py
/home/sunrise/TWStateMachine/install/robot_state_machine/lib/python3.10/site-packages/robot_state_machine/utils/robot_protocol_single.py
/home/sunrise/TWStateMachine/install/robot_state_machine/lib/python3.10/site-packages/robot_state_machine/utils/split_npz.py
/home/sunrise/TWStateMachine/install/robot_state_machine/lib/python3.10/site-packages/robot_state_machine/utils/readnpy.py
/home/sunrise/TWStateMachine/install/robot_state_machine/lib/python3.10/site-packages/robot_state_machine/utils/admittance_calculate.py
/home/sunrise/TWStateMachine/install/robot_state_machine/lib/python3.10/site-packages/robot_state_machine/utils/gazeShifting_mechanism_simulation.py
/home/sunrise/TWStateMachine/install/robot_state_machine/lib/python3.10/site-packages/robot_state_machine/utils/robot_protocol_trajectory_test.py
/home/sunrise/TWStateMachine/install/robot_state_machine/lib/python3.10/site-packages/robot_state_machine/utils/__init__.py
/home/sunrise/TWStateMachine/install/robot_state_machine/lib/python3.10/site-packages/robot_state_machine/utils/robot_protocol_out.py
/home/sunrise/TWStateMachine/install/robot_state_machine/lib/python3.10/site-packages/robot_state_machine/utils/mpu_read_test.py
/home/sunrise/TWStateMachine/install/robot_state_machine/lib/python3.10/site-packages/robot_state_machine/utils/readnpz.py
/home/sunrise/TWStateMachine/install/robot_state_machine/lib/python3.10/site-packages/robot_state_machine/utils/imu_vibration_monitor.py
/home/sunrise/TWStateMachine/install/robot_state_machine/lib/python3.10/site-packages/robot_state_machine/utils/Interpolation/easy_MotionInterpolator.py
/home/sunrise/TWStateMachine/install/robot_state_machine/lib/python3.10/site-packages/robot_state_machine/utils/Interpolation/__init__.py
/home/sunrise/TWStateMachine/install/robot_state_machine/lib/python3.10/site-packages/robot_state_machine/utils/IK_Redirection/txt_visual.py
/home/sunrise/TWStateMachine/install/robot_state_machine/lib/python3.10/site-packages/robot_state_machine/utils/IK_Redirection/npy_visual.py
/home/sunrise/TWStateMachine/install/robot_state_machine/lib/python3.10/site-packages/robot_state_machine/utils/IK_Redirection/__init__.py
/home/sunrise/TWStateMachine/install/robot_state_machine/lib/python3.10/site-packages/robot_state_machine/utils/IK_Redirection/ik_redirection_new.py
/home/sunrise/TWStateMachine/install/robot_state_machine/lib/python3.10/site-packages/robot_state_machine/utils/IK_Redirection/config.py
/home/sunrise/TWStateMachine/install/robot_state_machine/lib/python3.10/site-packages/robot_state_machine/utils/IK_Redirection/ik_redirection.py
/home/sunrise/TWStateMachine/install/robot_state_machine/lib/python3.10/site-packages/robot_state_machine/utils/IK_V2/easy_MotionInterpolator.py
/home/sunrise/TWStateMachine/install/robot_state_machine/lib/python3.10/site-packages/robot_state_machine/utils/IK_V2/__init__.py
/home/sunrise/TWStateMachine/install/robot_state_machine/lib/python3.10/site-packages/robot_state_machine/utils/IK_V2/ik_redirection_npy.py
/home/sunrise/TWStateMachine/install/robot_state_machine/lib/python3.10/site-packages/robot_state_machine/utils/IK_V2/vis.py
/home/sunrise/TWStateMachine/install/robot_state_machine/lib/python3.10/site-packages/robot_state_machine/utils/Interpolation/phc/__init__.py
/home/sunrise/TWStateMachine/install/robot_state_machine/lib/python3.10/site-packages/robot_state_machine/utils/Interpolation/phc/run.py
/home/sunrise/TWStateMachine/install/robot_state_machine/lib/python3.10/site-packages/robot_state_machine/utils/Interpolation/phc/learning/vq_quantizer.py
/home/sunrise/TWStateMachine/install/robot_state_machine/lib/python3.10/site-packages/robot_state_machine/utils/Interpolation/phc/learning/network_builder.py
/home/sunrise/TWStateMachine/install/robot_state_machine/lib/python3.10/site-packages/robot_state_machine/utils/Interpolation/phc/learning/loss_functions.py
/home/sunrise/TWStateMachine/install/robot_state_machine/lib/python3.10/site-packages/robot_state_machine/utils/Interpolation/phc/learning/pnn.py
/home/sunrise/TWStateMachine/install/robot_state_machine/lib/python3.10/site-packages/robot_state_machine/utils/Interpolation/phc/learning/common_player.py
/home/sunrise/TWStateMachine/install/robot_state_machine/lib/python3.10/site-packages/robot_state_machine/utils/Interpolation/phc/learning/amp_network_mcp_builder.py
/home/sunrise/TWStateMachine/install/robot_state_machine/lib/python3.10/site-packages/robot_state_machine/utils/Interpolation/phc/learning/amp_models.py
/home/sunrise/TWStateMachine/install/robot_state_machine/lib/python3.10/site-packages/robot_state_machine/utils/Interpolation/phc/learning/im_amp.py
/home/sunrise/TWStateMachine/install/robot_state_machine/lib/python3.10/site-packages/robot_state_machine/utils/Interpolation/phc/learning/__init__.py
/home/sunrise/TWStateMachine/install/robot_state_machine/lib/python3.10/site-packages/robot_state_machine/utils/Interpolation/phc/learning/ar_prior.py
/home/sunrise/TWStateMachine/install/robot_state_machine/lib/python3.10/site-packages/robot_state_machine/utils/Interpolation/phc/learning/replay_buffer.py
/home/sunrise/TWStateMachine/install/robot_state_machine/lib/python3.10/site-packages/robot_state_machine/utils/Interpolation/phc/learning/running_norm.py
/home/sunrise/TWStateMachine/install/robot_state_machine/lib/python3.10/site-packages/robot_state_machine/utils/Interpolation/phc/learning/transformer.py
/home/sunrise/TWStateMachine/install/robot_state_machine/lib/python3.10/site-packages/robot_state_machine/utils/Interpolation/phc/learning/amp_network_builder.py
/home/sunrise/TWStateMachine/install/robot_state_machine/lib/python3.10/site-packages/robot_state_machine/utils/Interpolation/phc/learning/amp_agent.py
/home/sunrise/TWStateMachine/install/robot_state_machine/lib/python3.10/site-packages/robot_state_machine/utils/Interpolation/phc/learning/amp_datasets.py
/home/sunrise/TWStateMachine/install/robot_state_machine/lib/python3.10/site-packages/robot_state_machine/utils/Interpolation/phc/learning/amp_network_pnn_builder.py
/home/sunrise/TWStateMachine/install/robot_state_machine/lib/python3.10/site-packages/robot_state_machine/utils/Interpolation/phc/learning/common_agent.py
/home/sunrise/TWStateMachine/install/robot_state_machine/lib/python3.10/site-packages/robot_state_machine/utils/Interpolation/phc/learning/im_amp_players.py
/home/sunrise/TWStateMachine/install/robot_state_machine/lib/python3.10/site-packages/robot_state_machine/utils/Interpolation/phc/learning/network_loader.py
/home/sunrise/TWStateMachine/install/robot_state_machine/lib/python3.10/site-packages/robot_state_machine/utils/Interpolation/phc/learning/amp_players.py
/home/sunrise/TWStateMachine/install/robot_state_machine/lib/python3.10/site-packages/robot_state_machine/utils/Interpolation/phc/learning/transformer_layers.py
/home/sunrise/TWStateMachine/install/robot_state_machine/lib/python3.10/site-packages/robot_state_machine/utils/Interpolation/phc/env/__init__.py
/home/sunrise/TWStateMachine/install/robot_state_machine/lib/python3.10/site-packages/robot_state_machine/utils/Interpolation/phc/utils/pytorch3d_transforms.py
/home/sunrise/TWStateMachine/install/robot_state_machine/lib/python3.10/site-packages/robot_state_machine/utils/Interpolation/phc/utils/rotation_conversions.py
/home/sunrise/TWStateMachine/install/robot_state_machine/lib/python3.10/site-packages/robot_state_machine/utils/Interpolation/phc/utils/flags.py
/home/sunrise/TWStateMachine/install/robot_state_machine/lib/python3.10/site-packages/robot_state_machine/utils/Interpolation/phc/utils/torch_MMRAV6_Assembly_batch.py
/home/sunrise/TWStateMachine/install/robot_state_machine/lib/python3.10/site-packages/robot_state_machine/utils/Interpolation/phc/utils/o3d_utils.py
/home/sunrise/TWStateMachine/install/robot_state_machine/lib/python3.10/site-packages/robot_state_machine/utils/Interpolation/phc/utils/traj_generator.py
/home/sunrise/TWStateMachine/install/robot_state_machine/lib/python3.10/site-packages/robot_state_machine/utils/Interpolation/phc/utils/running_mean_std.py
/home/sunrise/TWStateMachine/install/robot_state_machine/lib/python3.10/site-packages/robot_state_machine/utils/Interpolation/phc/utils/draw_utils.py
/home/sunrise/TWStateMachine/install/robot_state_machine/lib/python3.10/site-packages/robot_state_machine/utils/Interpolation/phc/utils/torch_h1_humanoid_batch.py
/home/sunrise/TWStateMachine/install/robot_state_machine/lib/python3.10/site-packages/robot_state_machine/utils/Interpolation/phc/utils/logger.py
/home/sunrise/TWStateMachine/install/robot_state_machine/lib/python3.10/site-packages/robot_state_machine/utils/Interpolation/phc/utils/data_tree.py
/home/sunrise/TWStateMachine/install/robot_state_machine/lib/python3.10/site-packages/robot_state_machine/utils/Interpolation/phc/utils/__init__.py
/home/sunrise/TWStateMachine/install/robot_state_machine/lib/python3.10/site-packages/robot_state_machine/utils/Interpolation/phc/utils/plot_script.py
/home/sunrise/TWStateMachine/install/robot_state_machine/lib/python3.10/site-packages/robot_state_machine/utils/Interpolation/phc/utils/torch_utils.py
/home/sunrise/TWStateMachine/install/robot_state_machine/lib/python3.10/site-packages/robot_state_machine/utils/Interpolation/phc/utils/motion_lib_base.py
/home/sunrise/TWStateMachine/install/robot_state_machine/lib/python3.10/site-packages/robot_state_machine/utils/Interpolation/phc/utils/uhc_transform_utils.py
/home/sunrise/TWStateMachine/install/robot_state_machine/lib/python3.10/site-packages/robot_state_machine/utils/Interpolation/phc/utils/motion_lib_smpl.py
/home/sunrise/TWStateMachine/install/robot_state_machine/lib/python3.10/site-packages/robot_state_machine/utils/Interpolation/phc/utils/parse_task.py
/home/sunrise/TWStateMachine/install/robot_state_machine/lib/python3.10/site-packages/robot_state_machine/utils/Interpolation/phc/utils/config.py
/home/sunrise/TWStateMachine/install/robot_state_machine/lib/python3.10/site-packages/robot_state_machine/utils/Interpolation/phc/utils/transform_utils.py
/home/sunrise/TWStateMachine/install/robot_state_machine/lib/python3.10/site-packages/robot_state_machine/utils/Interpolation/phc/utils/benchmarking.py
/home/sunrise/TWStateMachine/install/robot_state_machine/lib/python3.10/site-packages/robot_state_machine/utils/Interpolation/phc/utils/motion_lib_h1.py
/home/sunrise/TWStateMachine/install/robot_state_machine/lib/python3.10/site-packages/robot_state_machine/utils/Interpolation/phc/learning/unrealego/unrealego_autoencoder_model.py
/home/sunrise/TWStateMachine/install/robot_state_machine/lib/python3.10/site-packages/robot_state_machine/utils/Interpolation/phc/learning/unrealego/base_model.py
/home/sunrise/TWStateMachine/install/robot_state_machine/lib/python3.10/site-packages/robot_state_machine/utils/Interpolation/phc/learning/unrealego/unrealego_heatmap_shared_model.py
/home/sunrise/TWStateMachine/install/robot_state_machine/lib/python3.10/site-packages/robot_state_machine/utils/Interpolation/phc/learning/unrealego/__init__.py
/home/sunrise/TWStateMachine/install/robot_state_machine/lib/python3.10/site-packages/robot_state_machine/utils/Interpolation/phc/learning/unrealego/network.py
/home/sunrise/TWStateMachine/install/robot_state_machine/lib/python3.10/site-packages/robot_state_machine/utils/Interpolation/phc/learning/unrealego/egoglass_model.py
/home/sunrise/TWStateMachine/install/robot_state_machine/lib/python3.10/site-packages/robot_state_machine/utils/Interpolation/phc/learning/unrealego/network_debug.py
/home/sunrise/TWStateMachine/install/robot_state_machine/lib/python3.10/site-packages/robot_state_machine/utils/Interpolation/phc/learning/unrealego/models.py
/home/sunrise/TWStateMachine/install/robot_state_machine/lib/python3.10/site-packages/robot_state_machine/utils/Interpolation/phc/env/tasks/humanoid_speed.py
/home/sunrise/TWStateMachine/install/robot_state_machine/lib/python3.10/site-packages/robot_state_machine/utils/Interpolation/phc/env/tasks/vec_task.py
/home/sunrise/TWStateMachine/install/robot_state_machine/lib/python3.10/site-packages/robot_state_machine/utils/Interpolation/phc/env/tasks/humanoid_im_mcp.py
/home/sunrise/TWStateMachine/install/robot_state_machine/lib/python3.10/site-packages/robot_state_machine/utils/Interpolation/phc/env/tasks/humanoid_amp_getup.py
/home/sunrise/TWStateMachine/install/robot_state_machine/lib/python3.10/site-packages/robot_state_machine/utils/Interpolation/phc/env/tasks/humanoid_im_demo.py
/home/sunrise/TWStateMachine/install/robot_state_machine/lib/python3.10/site-packages/robot_state_machine/utils/Interpolation/phc/env/tasks/humanoid_im_getup.py
/home/sunrise/TWStateMachine/install/robot_state_machine/lib/python3.10/site-packages/robot_state_machine/utils/Interpolation/phc/env/tasks/base_task.py
/home/sunrise/TWStateMachine/install/robot_state_machine/lib/python3.10/site-packages/robot_state_machine/utils/Interpolation/phc/env/tasks/humanoid_im.py
/home/sunrise/TWStateMachine/install/robot_state_machine/lib/python3.10/site-packages/robot_state_machine/utils/Interpolation/phc/env/tasks/__init__.py
/home/sunrise/TWStateMachine/install/robot_state_machine/lib/python3.10/site-packages/robot_state_machine/utils/Interpolation/phc/env/tasks/vec_task_wrappers.py
/home/sunrise/TWStateMachine/install/robot_state_machine/lib/python3.10/site-packages/robot_state_machine/utils/Interpolation/phc/env/tasks/humanoid_amp_task.py
/home/sunrise/TWStateMachine/install/robot_state_machine/lib/python3.10/site-packages/robot_state_machine/utils/Interpolation/phc/env/tasks/humanoid_im_mcp_demo.py
/home/sunrise/TWStateMachine/install/robot_state_machine/lib/python3.10/site-packages/robot_state_machine/utils/Interpolation/phc/env/tasks/humanoid.py
/home/sunrise/TWStateMachine/install/robot_state_machine/lib/python3.10/site-packages/robot_state_machine/utils/Interpolation/phc/env/tasks/humanoid_im_mcp_getup.py
/home/sunrise/TWStateMachine/install/robot_state_machine/lib/python3.10/site-packages/robot_state_machine/utils/Interpolation/phc/env/tasks/humanoid_amp.py
/home/sunrise/TWStateMachine/install/robot_state_machine/lib/python3.10/site-packages/robot_state_machine/__pycache__/main_node_online_npy.cpython-310.pyc
/home/sunrise/TWStateMachine/install/robot_state_machine/lib/python3.10/site-packages/robot_state_machine/__pycache__/robot_pose_solver.cpython-310.pyc
/home/sunrise/TWStateMachine/install/robot_state_machine/lib/python3.10/site-packages/robot_state_machine/__pycache__/main_node.cpython-310.pyc
/home/sunrise/TWStateMachine/install/robot_state_machine/lib/python3.10/site-packages/robot_state_machine/__pycache__/search_follow_module.cpython-310.pyc
/home/sunrise/TWStateMachine/install/robot_state_machine/lib/python3.10/site-packages/robot_state_machine/__pycache__/obstacle_avoidance_module.cpython-310.pyc
/home/sunrise/TWStateMachine/install/robot_state_machine/lib/python3.10/site-packages/robot_state_machine/__pycache__/mpu_read_parse.cpython-310.pyc
/home/sunrise/TWStateMachine/install/robot_state_machine/lib/python3.10/site-packages/robot_state_machine/__pycache__/edge_min_hw_pipeline.cpython-310.pyc
/home/sunrise/TWStateMachine/install/robot_state_machine/lib/python3.10/site-packages/robot_state_machine/__pycache__/follow_module.cpython-310.pyc
/home/sunrise/TWStateMachine/install/robot_state_machine/lib/python3.10/site-packages/robot_state_machine/__pycache__/search_module.cpython-310.pyc
/home/sunrise/TWStateMachine/install/robot_state_machine/lib/python3.10/site-packages/robot_state_machine/__pycache__/external_force_state.cpython-310.pyc
/home/sunrise/TWStateMachine/install/robot_state_machine/lib/python3.10/site-packages/robot_state_machine/__pycache__/online_npy_test.cpython-310.pyc
/home/sunrise/TWStateMachine/install/robot_state_machine/lib/python3.10/site-packages/robot_state_machine/__pycache__/__init__.cpython-310.pyc
/home/sunrise/TWStateMachine/install/robot_state_machine/lib/python3.10/site-packages/robot_state_machine/__pycache__/out_node.cpython-310.pyc
/home/sunrise/TWStateMachine/install/robot_state_machine/lib/python3.10/site-packages/robot_state_machine/__pycache__/main_node_offline_npy.cpython-310.pyc
/home/sunrise/TWStateMachine/install/robot_state_machine/lib/python3.10/site-packages/robot_state_machine/__pycache__/main_node_offline.cpython-310.pyc
/home/sunrise/TWStateMachine/install/robot_state_machine/lib/python3.10/site-packages/robot_state_machine/__pycache__/main_node_online_v2.cpython-310.pyc
/home/sunrise/TWStateMachine/install/robot_state_machine/lib/python3.10/site-packages/robot_state_machine/__pycache__/scan_module.cpython-310.pyc
/home/sunrise/TWStateMachine/install/robot_state_machine/lib/python3.10/site-packages/robot_state_machine/utils/__pycache__/monitor_npy.cpython-310.pyc
/home/sunrise/TWStateMachine/install/robot_state_machine/lib/python3.10/site-packages/robot_state_machine/utils/__pycache__/robot_protocol.cpython-310.pyc
/home/sunrise/TWStateMachine/install/robot_state_machine/lib/python3.10/site-packages/robot_state_machine/utils/__pycache__/cloude_http_client.cpython-310.pyc
/home/sunrise/TWStateMachine/install/robot_state_machine/lib/python3.10/site-packages/robot_state_machine/utils/__pycache__/mpu_test.cpython-310.pyc
/home/sunrise/TWStateMachine/install/robot_state_machine/lib/python3.10/site-packages/robot_state_machine/utils/__pycache__/cubic_spline.cpython-310.pyc
/home/sunrise/TWStateMachine/install/robot_state_machine/lib/python3.10/site-packages/robot_state_machine/utils/__pycache__/robot_protocol_single.cpython-310.pyc
/home/sunrise/TWStateMachine/install/robot_state_machine/lib/python3.10/site-packages/robot_state_machine/utils/__pycache__/split_npz.cpython-310.pyc
/home/sunrise/TWStateMachine/install/robot_state_machine/lib/python3.10/site-packages/robot_state_machine/utils/__pycache__/readnpy.cpython-310.pyc
/home/sunrise/TWStateMachine/install/robot_state_machine/lib/python3.10/site-packages/robot_state_machine/utils/__pycache__/admittance_calculate.cpython-310.pyc
/home/sunrise/TWStateMachine/install/robot_state_machine/lib/python3.10/site-packages/robot_state_machine/utils/__pycache__/gazeShifting_mechanism_simulation.cpython-310.pyc
/home/sunrise/TWStateMachine/install/robot_state_machine/lib/python3.10/site-packages/robot_state_machine/utils/__pycache__/robot_protocol_trajectory_test.cpython-310.pyc
/home/sunrise/TWStateMachine/install/robot_state_machine/lib/python3.10/site-packages/robot_state_machine/utils/__pycache__/__init__.cpython-310.pyc
/home/sunrise/TWStateMachine/install/robot_state_machine/lib/python3.10/site-packages/robot_state_machine/utils/__pycache__/robot_protocol_out.cpython-310.pyc
/home/sunrise/TWStateMachine/install/robot_state_machine/lib/python3.10/site-packages/robot_state_machine/utils/__pycache__/mpu_read_test.cpython-310.pyc
/home/sunrise/TWStateMachine/install/robot_state_machine/lib/python3.10/site-packages/robot_state_machine/utils/__pycache__/readnpz.cpython-310.pyc
/home/sunrise/TWStateMachine/install/robot_state_machine/lib/python3.10/site-packages/robot_state_machine/utils/__pycache__/imu_vibration_monitor.cpython-310.pyc
/home/sunrise/TWStateMachine/install/robot_state_machine/lib/python3.10/site-packages/robot_state_machine/utils/Interpolation/__pycache__/easy_MotionInterpolator.cpython-310.pyc
/home/sunrise/TWStateMachine/install/robot_state_machine/lib/python3.10/site-packages/robot_state_machine/utils/Interpolation/__pycache__/__init__.cpython-310.pyc
/home/sunrise/TWStateMachine/install/robot_state_machine/lib/python3.10/site-packages/robot_state_machine/utils/IK_Redirection/__pycache__/txt_visual.cpython-310.pyc
/home/sunrise/TWStateMachine/install/robot_state_machine/lib/python3.10/site-packages/robot_state_machine/utils/IK_Redirection/__pycache__/npy_visual.cpython-310.pyc
/home/sunrise/TWStateMachine/install/robot_state_machine/lib/python3.10/site-packages/robot_state_machine/utils/IK_Redirection/__pycache__/__init__.cpython-310.pyc
/home/sunrise/TWStateMachine/install/robot_state_machine/lib/python3.10/site-packages/robot_state_machine/utils/IK_Redirection/__pycache__/ik_redirection_new.cpython-310.pyc
/home/sunrise/TWStateMachine/install/robot_state_machine/lib/python3.10/site-packages/robot_state_machine/utils/IK_Redirection/__pycache__/config.cpython-310.pyc
/home/sunrise/TWStateMachine/install/robot_state_machine/lib/python3.10/site-packages/robot_state_machine/utils/IK_Redirection/__pycache__/ik_redirection.cpython-310.pyc
/home/sunrise/TWStateMachine/install/robot_state_machine/lib/python3.10/site-packages/robot_state_machine/utils/IK_V2/__pycache__/easy_MotionInterpolator.cpython-310.pyc
/home/sunrise/TWStateMachine/install/robot_state_machine/lib/python3.10/site-packages/robot_state_machine/utils/IK_V2/__pycache__/__init__.cpython-310.pyc
/home/sunrise/TWStateMachine/install/robot_state_machine/lib/python3.10/site-packages/robot_state_machine/utils/IK_V2/__pycache__/ik_redirection_npy.cpython-310.pyc
/home/sunrise/TWStateMachine/install/robot_state_machine/lib/python3.10/site-packages/robot_state_machine/utils/IK_V2/__pycache__/vis.cpython-310.pyc
/home/sunrise/TWStateMachine/install/robot_state_machine/lib/python3.10/site-packages/robot_state_machine/utils/Interpolation/phc/__pycache__/__init__.cpython-310.pyc
/home/sunrise/TWStateMachine/install/robot_state_machine/lib/python3.10/site-packages/robot_state_machine/utils/Interpolation/phc/__pycache__/run.cpython-310.pyc
/home/sunrise/TWStateMachine/install/robot_state_machine/lib/python3.10/site-packages/robot_state_machine/utils/Interpolation/phc/learning/__pycache__/vq_quantizer.cpython-310.pyc
/home/sunrise/TWStateMachine/install/robot_state_machine/lib/python3.10/site-packages/robot_state_machine/utils/Interpolation/phc/learning/__pycache__/network_builder.cpython-310.pyc
/home/sunrise/TWStateMachine/install/robot_state_machine/lib/python3.10/site-packages/robot_state_machine/utils/Interpolation/phc/learning/__pycache__/loss_functions.cpython-310.pyc
/home/sunrise/TWStateMachine/install/robot_state_machine/lib/python3.10/site-packages/robot_state_machine/utils/Interpolation/phc/learning/__pycache__/pnn.cpython-310.pyc
/home/sunrise/TWStateMachine/install/robot_state_machine/lib/python3.10/site-packages/robot_state_machine/utils/Interpolation/phc/learning/__pycache__/common_player.cpython-310.pyc
/home/sunrise/TWStateMachine/install/robot_state_machine/lib/python3.10/site-packages/robot_state_machine/utils/Interpolation/phc/learning/__pycache__/amp_network_mcp_builder.cpython-310.pyc
/home/sunrise/TWStateMachine/install/robot_state_machine/lib/python3.10/site-packages/robot_state_machine/utils/Interpolation/phc/learning/__pycache__/amp_models.cpython-310.pyc
/home/sunrise/TWStateMachine/install/robot_state_machine/lib/python3.10/site-packages/robot_state_machine/utils/Interpolation/phc/learning/__pycache__/im_amp.cpython-310.pyc
/home/sunrise/TWStateMachine/install/robot_state_machine/lib/python3.10/site-packages/robot_state_machine/utils/Interpolation/phc/learning/__pycache__/__init__.cpython-310.pyc
/home/sunrise/TWStateMachine/install/robot_state_machine/lib/python3.10/site-packages/robot_state_machine/utils/Interpolation/phc/learning/__pycache__/ar_prior.cpython-310.pyc
/home/sunrise/TWStateMachine/install/robot_state_machine/lib/python3.10/site-packages/robot_state_machine/utils/Interpolation/phc/learning/__pycache__/replay_buffer.cpython-310.pyc
/home/sunrise/TWStateMachine/install/robot_state_machine/lib/python3.10/site-packages/robot_state_machine/utils/Interpolation/phc/learning/__pycache__/running_norm.cpython-310.pyc
/home/sunrise/TWStateMachine/install/robot_state_machine/lib/python3.10/site-packages/robot_state_machine/utils/Interpolation/phc/learning/__pycache__/transformer.cpython-310.pyc
/home/sunrise/TWStateMachine/install/robot_state_machine/lib/python3.10/site-packages/robot_state_machine/utils/Interpolation/phc/learning/__pycache__/amp_network_builder.cpython-310.pyc
/home/sunrise/TWStateMachine/install/robot_state_machine/lib/python3.10/site-packages/robot_state_machine/utils/Interpolation/phc/learning/__pycache__/amp_agent.cpython-310.pyc
/home/sunrise/TWStateMachine/install/robot_state_machine/lib/python3.10/site-packages/robot_state_machine/utils/Interpolation/phc/learning/__pycache__/amp_datasets.cpython-310.pyc
/home/sunrise/TWStateMachine/install/robot_state_machine/lib/python3.10/site-packages/robot_state_machine/utils/Interpolation/phc/learning/__pycache__/amp_network_pnn_builder.cpython-310.pyc
/home/sunrise/TWStateMachine/install/robot_state_machine/lib/python3.10/site-packages/robot_state_machine/utils/Interpolation/phc/learning/__pycache__/common_agent.cpython-310.pyc
/home/sunrise/TWStateMachine/install/robot_state_machine/lib/python3.10/site-packages/robot_state_machine/utils/Interpolation/phc/learning/__pycache__/im_amp_players.cpython-310.pyc
/home/sunrise/TWStateMachine/install/robot_state_machine/lib/python3.10/site-packages/robot_state_machine/utils/Interpolation/phc/learning/__pycache__/network_loader.cpython-310.pyc
/home/sunrise/TWStateMachine/install/robot_state_machine/lib/python3.10/site-packages/robot_state_machine/utils/Interpolation/phc/learning/__pycache__/amp_players.cpython-310.pyc
/home/sunrise/TWStateMachine/install/robot_state_machine/lib/python3.10/site-packages/robot_state_machine/utils/Interpolation/phc/learning/__pycache__/transformer_layers.cpython-310.pyc
/home/sunrise/TWStateMachine/install/robot_state_machine/lib/python3.10/site-packages/robot_state_machine/utils/Interpolation/phc/env/__pycache__/__init__.cpython-310.pyc
/home/sunrise/TWStateMachine/install/robot_state_machine/lib/python3.10/site-packages/robot_state_machine/utils/Interpolation/phc/utils/__pycache__/pytorch3d_transforms.cpython-310.pyc
/home/sunrise/TWStateMachine/install/robot_state_machine/lib/python3.10/site-packages/robot_state_machine/utils/Interpolation/phc/utils/__pycache__/rotation_conversions.cpython-310.pyc
/home/sunrise/TWStateMachine/install/robot_state_machine/lib/python3.10/site-packages/robot_state_machine/utils/Interpolation/phc/utils/__pycache__/flags.cpython-310.pyc
/home/sunrise/TWStateMachine/install/robot_state_machine/lib/python3.10/site-packages/robot_state_machine/utils/Interpolation/phc/utils/__pycache__/torch_MMRAV6_Assembly_batch.cpython-310.pyc
/home/sunrise/TWStateMachine/install/robot_state_machine/lib/python3.10/site-packages/robot_state_machine/utils/Interpolation/phc/utils/__pycache__/o3d_utils.cpython-310.pyc
/home/sunrise/TWStateMachine/install/robot_state_machine/lib/python3.10/site-packages/robot_state_machine/utils/Interpolation/phc/utils/__pycache__/traj_generator.cpython-310.pyc
/home/sunrise/TWStateMachine/install/robot_state_machine/lib/python3.10/site-packages/robot_state_machine/utils/Interpolation/phc/utils/__pycache__/running_mean_std.cpython-310.pyc
/home/sunrise/TWStateMachine/install/robot_state_machine/lib/python3.10/site-packages/robot_state_machine/utils/Interpolation/phc/utils/__pycache__/draw_utils.cpython-310.pyc
/home/sunrise/TWStateMachine/install/robot_state_machine/lib/python3.10/site-packages/robot_state_machine/utils/Interpolation/phc/utils/__pycache__/torch_h1_humanoid_batch.cpython-310.pyc
/home/sunrise/TWStateMachine/install/robot_state_machine/lib/python3.10/site-packages/robot_state_machine/utils/Interpolation/phc/utils/__pycache__/logger.cpython-310.pyc
/home/sunrise/TWStateMachine/install/robot_state_machine/lib/python3.10/site-packages/robot_state_machine/utils/Interpolation/phc/utils/__pycache__/data_tree.cpython-310.pyc
/home/sunrise/TWStateMachine/install/robot_state_machine/lib/python3.10/site-packages/robot_state_machine/utils/Interpolation/phc/utils/__pycache__/__init__.cpython-310.pyc
/home/sunrise/TWStateMachine/install/robot_state_machine/lib/python3.10/site-packages/robot_state_machine/utils/Interpolation/phc/utils/__pycache__/plot_script.cpython-310.pyc
/home/sunrise/TWStateMachine/install/robot_state_machine/lib/python3.10/site-packages/robot_state_machine/utils/Interpolation/phc/utils/__pycache__/torch_utils.cpython-310.pyc
/home/sunrise/TWStateMachine/install/robot_state_machine/lib/python3.10/site-packages/robot_state_machine/utils/Interpolation/phc/utils/__pycache__/motion_lib_base.cpython-310.pyc
/home/sunrise/TWStateMachine/install/robot_state_machine/lib/python3.10/site-packages/robot_state_machine/utils/Interpolation/phc/utils/__pycache__/uhc_transform_utils.cpython-310.pyc
/home/sunrise/TWStateMachine/install/robot_state_machine/lib/python3.10/site-packages/robot_state_machine/utils/Interpolation/phc/utils/__pycache__/motion_lib_smpl.cpython-310.pyc
/home/sunrise/TWStateMachine/install/robot_state_machine/lib/python3.10/site-packages/robot_state_machine/utils/Interpolation/phc/utils/__pycache__/parse_task.cpython-310.pyc
/home/sunrise/TWStateMachine/install/robot_state_machine/lib/python3.10/site-packages/robot_state_machine/utils/Interpolation/phc/utils/__pycache__/config.cpython-310.pyc
/home/sunrise/TWStateMachine/install/robot_state_machine/lib/python3.10/site-packages/robot_state_machine/utils/Interpolation/phc/utils/__pycache__/transform_utils.cpython-310.pyc
/home/sunrise/TWStateMachine/install/robot_state_machine/lib/python3.10/site-packages/robot_state_machine/utils/Interpolation/phc/utils/__pycache__/benchmarking.cpython-310.pyc
/home/sunrise/TWStateMachine/install/robot_state_machine/lib/python3.10/site-packages/robot_state_machine/utils/Interpolation/phc/utils/__pycache__/motion_lib_h1.cpython-310.pyc
/home/sunrise/TWStateMachine/install/robot_state_machine/lib/python3.10/site-packages/robot_state_machine/utils/Interpolation/phc/learning/unrealego/__pycache__/unrealego_autoencoder_model.cpython-310.pyc
/home/sunrise/TWStateMachine/install/robot_state_machine/lib/python3.10/site-packages/robot_state_machine/utils/Interpolation/phc/learning/unrealego/__pycache__/base_model.cpython-310.pyc
/home/sunrise/TWStateMachine/install/robot_state_machine/lib/python3.10/site-packages/robot_state_machine/utils/Interpolation/phc/learning/unrealego/__pycache__/unrealego_heatmap_shared_model.cpython-310.pyc
/home/sunrise/TWStateMachine/install/robot_state_machine/lib/python3.10/site-packages/robot_state_machine/utils/Interpolation/phc/learning/unrealego/__pycache__/__init__.cpython-310.pyc
/home/sunrise/TWStateMachine/install/robot_state_machine/lib/python3.10/site-packages/robot_state_machine/utils/Interpolation/phc/learning/unrealego/__pycache__/network.cpython-310.pyc
/home/sunrise/TWStateMachine/install/robot_state_machine/lib/python3.10/site-packages/robot_state_machine/utils/Interpolation/phc/learning/unrealego/__pycache__/egoglass_model.cpython-310.pyc
/home/sunrise/TWStateMachine/install/robot_state_machine/lib/python3.10/site-packages/robot_state_machine/utils/Interpolation/phc/learning/unrealego/__pycache__/network_debug.cpython-310.pyc
/home/sunrise/TWStateMachine/install/robot_state_machine/lib/python3.10/site-packages/robot_state_machine/utils/Interpolation/phc/learning/unrealego/__pycache__/models.cpython-310.pyc
/home/sunrise/TWStateMachine/install/robot_state_machine/lib/python3.10/site-packages/robot_state_machine/utils/Interpolation/phc/env/tasks/__pycache__/humanoid_speed.cpython-310.pyc
/home/sunrise/TWStateMachine/install/robot_state_machine/lib/python3.10/site-packages/robot_state_machine/utils/Interpolation/phc/env/tasks/__pycache__/vec_task.cpython-310.pyc
/home/sunrise/TWStateMachine/install/robot_state_machine/lib/python3.10/site-packages/robot_state_machine/utils/Interpolation/phc/env/tasks/__pycache__/humanoid_im_mcp.cpython-310.pyc
/home/sunrise/TWStateMachine/install/robot_state_machine/lib/python3.10/site-packages/robot_state_machine/utils/Interpolation/phc/env/tasks/__pycache__/humanoid_amp_getup.cpython-310.pyc
/home/sunrise/TWStateMachine/install/robot_state_machine/lib/python3.10/site-packages/robot_state_machine/utils/Interpolation/phc/env/tasks/__pycache__/humanoid_im_demo.cpython-310.pyc
/home/sunrise/TWStateMachine/install/robot_state_machine/lib/python3.10/site-packages/robot_state_machine/utils/Interpolation/phc/env/tasks/__pycache__/humanoid_im_getup.cpython-310.pyc
/home/sunrise/TWStateMachine/install/robot_state_machine/lib/python3.10/site-packages/robot_state_machine/utils/Interpolation/phc/env/tasks/__pycache__/base_task.cpython-310.pyc
/home/sunrise/TWStateMachine/install/robot_state_machine/lib/python3.10/site-packages/robot_state_machine/utils/Interpolation/phc/env/tasks/__pycache__/humanoid_im.cpython-310.pyc
/home/sunrise/TWStateMachine/install/robot_state_machine/lib/python3.10/site-packages/robot_state_machine/utils/Interpolation/phc/env/tasks/__pycache__/__init__.cpython-310.pyc
/home/sunrise/TWStateMachine/install/robot_state_machine/lib/python3.10/site-packages/robot_state_machine/utils/Interpolation/phc/env/tasks/__pycache__/vec_task_wrappers.cpython-310.pyc
/home/sunrise/TWStateMachine/install/robot_state_machine/lib/python3.10/site-packages/robot_state_machine/utils/Interpolation/phc/env/tasks/__pycache__/humanoid_amp_task.cpython-310.pyc
/home/sunrise/TWStateMachine/install/robot_state_machine/lib/python3.10/site-packages/robot_state_machine/utils/Interpolation/phc/env/tasks/__pycache__/humanoid_im_mcp_demo.cpython-310.pyc
/home/sunrise/TWStateMachine/install/robot_state_machine/lib/python3.10/site-packages/robot_state_machine/utils/Interpolation/phc/env/tasks/__pycache__/humanoid.cpython-310.pyc
/home/sunrise/TWStateMachine/install/robot_state_machine/lib/python3.10/site-packages/robot_state_machine/utils/Interpolation/phc/env/tasks/__pycache__/humanoid_im_mcp_getup.cpython-310.pyc
/home/sunrise/TWStateMachine/install/robot_state_machine/lib/python3.10/site-packages/robot_state_machine/utils/Interpolation/phc/env/tasks/__pycache__/humanoid_amp.cpython-310.pyc
/home/sunrise/TWStateMachine/install/robot_state_machine/share/ament_index/resource_index/packages/robot_state_machine
/home/sunrise/TWStateMachine/install/robot_state_machine/share/robot_state_machine/package.xml
/home/sunrise/TWStateMachine/install/robot_state_machine/share/robot_state_machine/launch/robot_state_machine.launch.py
/home/sunrise/TWStateMachine/install/robot_state_machine/lib/python3.10/site-packages/robot_state_machine-0.0.0-py3.10.egg-info/SOURCES.txt
/home/sunrise/TWStateMachine/install/robot_state_machine/lib/python3.10/site-packages/robot_state_machine-0.0.0-py3.10.egg-info/zip-safe
/home/sunrise/TWStateMachine/install/robot_state_machine/lib/python3.10/site-packages/robot_state_machine-0.0.0-py3.10.egg-info/entry_points.txt
/home/sunrise/TWStateMachine/install/robot_state_machine/lib/python3.10/site-packages/robot_state_machine-0.0.0-py3.10.egg-info/requires.txt
/home/sunrise/TWStateMachine/install/robot_state_machine/lib/python3.10/site-packages/robot_state_machine-0.0.0-py3.10.egg-info/dependency_links.txt
/home/sunrise/TWStateMachine/install/robot_state_machine/lib/python3.10/site-packages/robot_state_machine-0.0.0-py3.10.egg-info/top_level.txt
/home/sunrise/TWStateMachine/install/robot_state_machine/lib/python3.10/site-packages/robot_state_machine-0.0.0-py3.10.egg-info/PKG-INFO
/home/sunrise/TWStateMachine/install/robot_state_machine/lib/robot_state_machine/main_node
/home/sunrise/TWStateMachine/install/robot_state_machine/lib/robot_state_machine/mpu_node
/home/sunrise/TWStateMachine/install/robot_state_machine/lib/robot_state_machine/out_node
/home/sunrise/TWStateMachine/install/robot_state_machine/lib/robot_state_machine/vibration_monitor_node
