[0.628s] DEBUG:colcon:Command line arguments: ['/usr/bin/colcon', 'build', '--packages-select', 'robot_state_machine']
[0.628s] DEBUG:colcon:Parsed command line arguments: Namespace(log_base=None, log_level=None, verb_name='build', build_base='build', install_base='install', merge_install=False, symlink_install=False, test_result_base=None, continue_on_error=False, executor='parallel', parallel_workers=8, event_handlers=None, ignore_user_meta=False, metas=['./colcon.meta'], base_paths=['.'], packages_ignore=None, packages_ignore_regex=None, paths=None, packages_up_to=None, packages_up_to_regex=None, packages_above=None, packages_above_and_dependencies=None, packages_above_depth=None, packages_select_by_dep=None, packages_skip_by_dep=None, packages_skip_up_to=None, packages_select_build_failed=False, packages_skip_build_finished=False, packages_select_test_failures=False, packages_skip_test_passed=False, packages_select=['robot_state_machine'], packages_skip=None, packages_select_regex=None, packages_skip_regex=None, packages_start=None, packages_end=None, cmake_args=None, cmake_target=None, cmake_target_skip_unavailable=False, cmake_clean_cache=False, cmake_clean_first=False, cmake_force_configure=False, ament_cmake_args=None, catkin_cmake_args=None, catkin_skip_building_tests=False, verb_parser=<colcon_defaults.argument_parser.defaults.DefaultArgumentsDecorator object at 0xffff7f2788e0>, verb_extension=<colcon_core.verb.build.BuildVerb object at 0xffff7f422650>, main=<bound method BuildVerb.main of <colcon_core.verb.build.BuildVerb object at 0xffff7f422650>>)
[0.878s] Level 1:colcon.colcon_core.package_discovery:discover_packages(colcon_meta) check parameters
[0.878s] Level 1:colcon.colcon_core.package_discovery:discover_packages(recursive) check parameters
[0.879s] Level 1:colcon.colcon_core.package_discovery:discover_packages(ignore) check parameters
[0.879s] Level 1:colcon.colcon_core.package_discovery:discover_packages(path) check parameters
[0.879s] Level 1:colcon.colcon_core.package_discovery:discover_packages(colcon_meta) discover
[0.879s] Level 1:colcon.colcon_core.package_discovery:discover_packages(recursive) discover
[0.880s] INFO:colcon.colcon_core.package_discovery:Crawling recursively for packages in '/home/sunrise/TWStateMachine'
[0.880s] Level 1:colcon.colcon_core.package_identification:_identify(.) by extensions ['ignore', 'ignore_ament_install']
[0.881s] Level 1:colcon.colcon_core.package_identification:_identify(.) by extension 'ignore'
[0.881s] Level 1:colcon.colcon_core.package_identification:_identify(.) by extension 'ignore_ament_install'
[0.881s] Level 1:colcon.colcon_core.package_identification:_identify(.) by extensions ['colcon_pkg']
[0.882s] Level 1:colcon.colcon_core.package_identification:_identify(.) by extension 'colcon_pkg'
[0.882s] Level 1:colcon.colcon_core.package_identification:_identify(.) by extensions ['colcon_meta']
[0.882s] Level 1:colcon.colcon_core.package_identification:_identify(.) by extension 'colcon_meta'
[0.882s] Level 1:colcon.colcon_core.package_identification:_identify(.) by extensions ['ros']
[0.883s] Level 1:colcon.colcon_core.package_identification:_identify(.) by extension 'ros'
[0.976s] Level 1:colcon.colcon_core.package_identification:_identify(.) by extensions ['cmake', 'python']
[0.976s] Level 1:colcon.colcon_core.package_identification:_identify(.) by extension 'cmake'
[0.977s] Level 1:colcon.colcon_core.package_identification:_identify(.) by extension 'python'
[0.977s] Level 1:colcon.colcon_core.package_identification:_identify(.) by extensions ['python_setup_py']
[0.978s] Level 1:colcon.colcon_core.package_identification:_identify(.) by extension 'python_setup_py'
[0.979s] Level 1:colcon.colcon_core.package_identification:_identify(build) by extensions ['ignore', 'ignore_ament_install']
[0.979s] Level 1:colcon.colcon_core.package_identification:_identify(build) by extension 'ignore'
[0.980s] Level 1:colcon.colcon_core.package_identification:_identify(build) ignored
[0.980s] Level 1:colcon.colcon_core.package_identification:_identify(install) by extensions ['ignore', 'ignore_ament_install']
[0.981s] Level 1:colcon.colcon_core.package_identification:_identify(install) by extension 'ignore'
[0.981s] Level 1:colcon.colcon_core.package_identification:_identify(install) ignored
[0.982s] Level 1:colcon.colcon_core.package_identification:_identify(log) by extensions ['ignore', 'ignore_ament_install']
[0.982s] Level 1:colcon.colcon_core.package_identification:_identify(log) by extension 'ignore'
[0.983s] Level 1:colcon.colcon_core.package_identification:_identify(log) ignored
[0.984s] Level 1:colcon.colcon_core.package_identification:_identify(received_actions) by extensions ['ignore', 'ignore_ament_install']
[0.985s] Level 1:colcon.colcon_core.package_identification:_identify(received_actions) by extension 'ignore'
[0.985s] Level 1:colcon.colcon_core.package_identification:_identify(received_actions) by extension 'ignore_ament_install'
[0.985s] Level 1:colcon.colcon_core.package_identification:_identify(received_actions) by extensions ['colcon_pkg']
[0.985s] Level 1:colcon.colcon_core.package_identification:_identify(received_actions) by extension 'colcon_pkg'
[0.986s] Level 1:colcon.colcon_core.package_identification:_identify(received_actions) by extensions ['colcon_meta']
[0.986s] Level 1:colcon.colcon_core.package_identification:_identify(received_actions) by extension 'colcon_meta'
[0.986s] Level 1:colcon.colcon_core.package_identification:_identify(received_actions) by extensions ['ros']
[0.986s] Level 1:colcon.colcon_core.package_identification:_identify(received_actions) by extension 'ros'
[0.987s] Level 1:colcon.colcon_core.package_identification:_identify(received_actions) by extensions ['cmake', 'python']
[0.987s] Level 1:colcon.colcon_core.package_identification:_identify(received_actions) by extension 'cmake'
[0.987s] Level 1:colcon.colcon_core.package_identification:_identify(received_actions) by extension 'python'
[0.988s] Level 1:colcon.colcon_core.package_identification:_identify(received_actions) by extensions ['python_setup_py']
[0.988s] Level 1:colcon.colcon_core.package_identification:_identify(received_actions) by extension 'python_setup_py'
[0.990s] Level 1:colcon.colcon_core.package_identification:_identify(received_actions/output) by extensions ['ignore', 'ignore_ament_install']
[0.990s] Level 1:colcon.colcon_core.package_identification:_identify(received_actions/output) by extension 'ignore'
[0.991s] Level 1:colcon.colcon_core.package_identification:_identify(received_actions/output) by extension 'ignore_ament_install'
[0.991s] Level 1:colcon.colcon_core.package_identification:_identify(received_actions/output) by extensions ['colcon_pkg']
[0.991s] Level 1:colcon.colcon_core.package_identification:_identify(received_actions/output) by extension 'colcon_pkg'
[0.992s] Level 1:colcon.colcon_core.package_identification:_identify(received_actions/output) by extensions ['colcon_meta']
[0.992s] Level 1:colcon.colcon_core.package_identification:_identify(received_actions/output) by extension 'colcon_meta'
[0.992s] Level 1:colcon.colcon_core.package_identification:_identify(received_actions/output) by extensions ['ros']
[0.992s] Level 1:colcon.colcon_core.package_identification:_identify(received_actions/output) by extension 'ros'
[0.993s] Level 1:colcon.colcon_core.package_identification:_identify(received_actions/output) by extensions ['cmake', 'python']
[0.993s] Level 1:colcon.colcon_core.package_identification:_identify(received_actions/output) by extension 'cmake'
[0.993s] Level 1:colcon.colcon_core.package_identification:_identify(received_actions/output) by extension 'python'
[0.993s] Level 1:colcon.colcon_core.package_identification:_identify(received_actions/output) by extensions ['python_setup_py']
[0.994s] Level 1:colcon.colcon_core.package_identification:_identify(received_actions/output) by extension 'python_setup_py'
[0.994s] Level 1:colcon.colcon_core.package_identification:_identify(src) by extensions ['ignore', 'ignore_ament_install']
[0.995s] Level 1:colcon.colcon_core.package_identification:_identify(src) by extension 'ignore'
[0.995s] Level 1:colcon.colcon_core.package_identification:_identify(src) by extension 'ignore_ament_install'
[0.995s] Level 1:colcon.colcon_core.package_identification:_identify(src) by extensions ['colcon_pkg']
[0.995s] Level 1:colcon.colcon_core.package_identification:_identify(src) by extension 'colcon_pkg'
[0.996s] Level 1:colcon.colcon_core.package_identification:_identify(src) by extensions ['colcon_meta']
[0.996s] Level 1:colcon.colcon_core.package_identification:_identify(src) by extension 'colcon_meta'
[0.996s] Level 1:colcon.colcon_core.package_identification:_identify(src) by extensions ['ros']
[0.996s] Level 1:colcon.colcon_core.package_identification:_identify(src) by extension 'ros'
[0.997s] Level 1:colcon.colcon_core.package_identification:_identify(src) by extensions ['cmake', 'python']
[0.997s] Level 1:colcon.colcon_core.package_identification:_identify(src) by extension 'cmake'
[0.997s] Level 1:colcon.colcon_core.package_identification:_identify(src) by extension 'python'
[0.998s] Level 1:colcon.colcon_core.package_identification:_identify(src) by extensions ['python_setup_py']
[0.998s] Level 1:colcon.colcon_core.package_identification:_identify(src) by extension 'python_setup_py'
[0.998s] Level 1:colcon.colcon_core.package_identification:_identify(src/robot_comm) by extensions ['ignore', 'ignore_ament_install']
[0.999s] Level 1:colcon.colcon_core.package_identification:_identify(src/robot_comm) by extension 'ignore'
[0.999s] Level 1:colcon.colcon_core.package_identification:_identify(src/robot_comm) by extension 'ignore_ament_install'
[0.999s] Level 1:colcon.colcon_core.package_identification:_identify(src/robot_comm) by extensions ['colcon_pkg']
[1.000s] Level 1:colcon.colcon_core.package_identification:_identify(src/robot_comm) by extension 'colcon_pkg'
[1.000s] Level 1:colcon.colcon_core.package_identification:_identify(src/robot_comm) by extensions ['colcon_meta']
[1.000s] Level 1:colcon.colcon_core.package_identification:_identify(src/robot_comm) by extension 'colcon_meta'
[1.000s] Level 1:colcon.colcon_core.package_identification:_identify(src/robot_comm) by extensions ['ros']
[1.001s] Level 1:colcon.colcon_core.package_identification:_identify(src/robot_comm) by extension 'ros'
[1.017s] DEBUG:colcon.colcon_core.package_identification:Package 'src/robot_comm' with type 'ros.ament_python' and name 'robot_comm'
[1.018s] Level 1:colcon.colcon_core.package_identification:_identify(src/robot_msg) by extensions ['ignore', 'ignore_ament_install']
[1.019s] Level 1:colcon.colcon_core.package_identification:_identify(src/robot_msg) by extension 'ignore'
[1.019s] Level 1:colcon.colcon_core.package_identification:_identify(src/robot_msg) by extension 'ignore_ament_install'
[1.020s] Level 1:colcon.colcon_core.package_identification:_identify(src/robot_msg) by extensions ['colcon_pkg']
[1.020s] Level 1:colcon.colcon_core.package_identification:_identify(src/robot_msg) by extension 'colcon_pkg'
[1.020s] Level 1:colcon.colcon_core.package_identification:_identify(src/robot_msg) by extensions ['colcon_meta']
[1.020s] Level 1:colcon.colcon_core.package_identification:_identify(src/robot_msg) by extension 'colcon_meta'
[1.021s] Level 1:colcon.colcon_core.package_identification:_identify(src/robot_msg) by extensions ['ros']
[1.021s] Level 1:colcon.colcon_core.package_identification:_identify(src/robot_msg) by extension 'ros'
[1.025s] DEBUG:colcon.colcon_core.package_identification:Package 'src/robot_msg' with type 'ros.ament_cmake' and name 'robot_msg'
[1.025s] Level 1:colcon.colcon_core.package_identification:_identify(src/robot_state_machine) by extensions ['ignore', 'ignore_ament_install']
[1.026s] Level 1:colcon.colcon_core.package_identification:_identify(src/robot_state_machine) by extension 'ignore'
[1.026s] Level 1:colcon.colcon_core.package_identification:_identify(src/robot_state_machine) by extension 'ignore_ament_install'
[1.026s] Level 1:colcon.colcon_core.package_identification:_identify(src/robot_state_machine) by extensions ['colcon_pkg']
[1.027s] Level 1:colcon.colcon_core.package_identification:_identify(src/robot_state_machine) by extension 'colcon_pkg'
[1.027s] Level 1:colcon.colcon_core.package_identification:_identify(src/robot_state_machine) by extensions ['colcon_meta']
[1.027s] Level 1:colcon.colcon_core.package_identification:_identify(src/robot_state_machine) by extension 'colcon_meta'
[1.027s] Level 1:colcon.colcon_core.package_identification:_identify(src/robot_state_machine) by extensions ['ros']
[1.028s] Level 1:colcon.colcon_core.package_identification:_identify(src/robot_state_machine) by extension 'ros'
[1.033s] DEBUG:colcon.colcon_core.package_identification:Package 'src/robot_state_machine' with type 'ros.ament_python' and name 'robot_state_machine'
[1.033s] Level 1:colcon.colcon_core.package_discovery:discover_packages(recursive) using defaults
[1.034s] Level 1:colcon.colcon_core.package_discovery:discover_packages(ignore) discover
[1.034s] Level 1:colcon.colcon_core.package_discovery:discover_packages(ignore) using defaults
[1.034s] Level 1:colcon.colcon_core.package_discovery:discover_packages(path) discover
[1.035s] Level 1:colcon.colcon_core.package_discovery:discover_packages(path) using defaults
[1.155s] INFO:colcon.colcon_core.package_selection:Skipping not selected package 'robot_comm' in 'src/robot_comm'
[1.155s] INFO:colcon.colcon_core.package_selection:Skipping not selected package 'robot_msg' in 'src/robot_msg'
[1.158s] Level 5:colcon.colcon_core.verb:set package 'robot_state_machine' build argument 'cmake_args' from command line to 'None'
[1.158s] Level 5:colcon.colcon_core.verb:set package 'robot_state_machine' build argument 'cmake_target' from command line to 'None'
[1.158s] Level 5:colcon.colcon_core.verb:set package 'robot_state_machine' build argument 'cmake_target_skip_unavailable' from command line to 'False'
[1.159s] Level 5:colcon.colcon_core.verb:set package 'robot_state_machine' build argument 'cmake_clean_cache' from command line to 'False'
[1.159s] Level 5:colcon.colcon_core.verb:set package 'robot_state_machine' build argument 'cmake_clean_first' from command line to 'False'
[1.159s] Level 5:colcon.colcon_core.verb:set package 'robot_state_machine' build argument 'cmake_force_configure' from command line to 'False'
[1.159s] Level 5:colcon.colcon_core.verb:set package 'robot_state_machine' build argument 'ament_cmake_args' from command line to 'None'
[1.159s] Level 5:colcon.colcon_core.verb:set package 'robot_state_machine' build argument 'catkin_cmake_args' from command line to 'None'
[1.159s] Level 5:colcon.colcon_core.verb:set package 'robot_state_machine' build argument 'catkin_skip_building_tests' from command line to 'False'
[1.160s] DEBUG:colcon.colcon_core.verb:Building package 'robot_state_machine' with the following arguments: {'ament_cmake_args': None, 'build_base': '/home/sunrise/TWStateMachine/build/robot_state_machine', 'catkin_cmake_args': None, 'catkin_skip_building_tests': False, 'cmake_args': None, 'cmake_clean_cache': False, 'cmake_clean_first': False, 'cmake_force_configure': False, 'cmake_target': None, 'cmake_target_skip_unavailable': False, 'install_base': '/home/sunrise/TWStateMachine/install/robot_state_machine', 'merge_install': False, 'path': '/home/sunrise/TWStateMachine/src/robot_state_machine', 'symlink_install': False, 'test_result_base': None}
[1.161s] INFO:colcon.colcon_core.executor:Executing jobs using 'parallel' executor
[1.166s] DEBUG:colcon.colcon_parallel_executor.executor.parallel:run_until_complete
[1.167s] INFO:colcon.colcon_ros.task.ament_python.build:Building ROS package in '/home/sunrise/TWStateMachine/src/robot_state_machine' with build type 'ament_python'
[1.168s] Level 1:colcon.colcon_core.shell:create_environment_hook('robot_state_machine', 'ament_prefix_path')
[1.180s] INFO:colcon.colcon_core.plugin_system:Skipping extension 'colcon_core.shell.bat': Not used on non-Windows systems
[1.181s] INFO:colcon.colcon_core.shell:Creating environment hook '/home/sunrise/TWStateMachine/install/robot_state_machine/share/robot_state_machine/hook/ament_prefix_path.ps1'
[1.185s] INFO:colcon.colcon_core.shell:Creating environment descriptor '/home/sunrise/TWStateMachine/install/robot_state_machine/share/robot_state_machine/hook/ament_prefix_path.dsv'
[1.188s] INFO:colcon.colcon_core.shell:Creating environment hook '/home/sunrise/TWStateMachine/install/robot_state_machine/share/robot_state_machine/hook/ament_prefix_path.sh'
[1.194s] INFO:colcon.colcon_core.shell:Skip shell extension 'powershell' for command environment: Not usable outside of PowerShell
[1.194s] DEBUG:colcon.colcon_core.shell:Skip shell extension 'dsv' for command environment
[1.200s] WARNING:colcon.colcon_ros.prefix_path.ament:The path '/home/sunrise/TWStateMachine/install/robot_msg' in the environment variable AMENT_PREFIX_PATH doesn't exist
[1.200s] WARNING:colcon.colcon_ros.prefix_path.ament:The path '/home/sunrise/TWStateMachine/install/robot_comm' in the environment variable AMENT_PREFIX_PATH doesn't exist
[1.201s] WARNING:colcon.colcon_ros.prefix_path.catkin:The path '/home/sunrise/TWStateMachine/install/robot_msg' in the environment variable CMAKE_PREFIX_PATH doesn't exist
[2.519s] INFO:colcon.colcon_core.task.python.build:Building Python package in '/home/sunrise/TWStateMachine/src/robot_state_machine'
[2.520s] INFO:colcon.colcon_core.shell:Skip shell extension 'powershell' for command environment: Not usable outside of PowerShell
[2.521s] DEBUG:colcon.colcon_core.shell:Skip shell extension 'dsv' for command environment
[5.130s] DEBUG:colcon.colcon_core.event_handler.log_command:Invoking command in '/home/sunrise/TWStateMachine/src/robot_state_machine': CONDA_PROMPT_MODIFIER=(TWStateMachine) PYTHONPATH=/home/sunrise/TWStateMachine/build/robot_state_machine/prefix_override:/usr/lib/python3/dist-packages/colcon_core/task/python/colcon_distutils_commands:/home/sunrise/TWStateMachine/install/robot_state_machine/lib/python3.10/site-packages:${PYTHONPATH} /usr/bin/python3 -W ignore:setup.py install is deprecated -W ignore:easy_install command is deprecated setup.py egg_info --egg-base ../../build/robot_state_machine build --build-base /home/sunrise/TWStateMachine/build/robot_state_machine/build install --record /home/sunrise/TWStateMachine/build/robot_state_machine/install.log --single-version-externally-managed install_data
[7.937s] DEBUG:colcon.colcon_core.event_handler.log_command:Invoked command in '/home/sunrise/TWStateMachine/src/robot_state_machine' returned '0': CONDA_PROMPT_MODIFIER=(TWStateMachine) PYTHONPATH=/home/sunrise/TWStateMachine/build/robot_state_machine/prefix_override:/usr/lib/python3/dist-packages/colcon_core/task/python/colcon_distutils_commands:/home/sunrise/TWStateMachine/install/robot_state_machine/lib/python3.10/site-packages:${PYTHONPATH} /usr/bin/python3 -W ignore:setup.py install is deprecated -W ignore:easy_install command is deprecated setup.py egg_info --egg-base ../../build/robot_state_machine build --build-base /home/sunrise/TWStateMachine/build/robot_state_machine/build install --record /home/sunrise/TWStateMachine/build/robot_state_machine/install.log --single-version-externally-managed install_data
[7.954s] Level 1:colcon.colcon_core.environment:checking '/home/sunrise/TWStateMachine/install/robot_state_machine' for CMake module files
[7.957s] Level 1:colcon.colcon_core.environment:checking '/home/sunrise/TWStateMachine/install/robot_state_machine' for CMake config files
[7.970s] Level 1:colcon.colcon_core.environment:checking '/home/sunrise/TWStateMachine/install/robot_state_machine/lib'
[7.971s] Level 1:colcon.colcon_core.environment:checking '/home/sunrise/TWStateMachine/install/robot_state_machine/bin'
[7.971s] Level 1:colcon.colcon_core.environment:checking '/home/sunrise/TWStateMachine/install/robot_state_machine/lib/pkgconfig/robot_state_machine.pc'
[7.973s] Level 1:colcon.colcon_core.environment:checking '/home/sunrise/TWStateMachine/install/robot_state_machine/lib/python3.10/site-packages'
[7.973s] Level 1:colcon.colcon_core.shell:create_environment_hook('robot_state_machine', 'pythonpath')
[7.975s] INFO:colcon.colcon_core.shell:Creating environment hook '/home/sunrise/TWStateMachine/install/robot_state_machine/share/robot_state_machine/hook/pythonpath.ps1'
[7.979s] INFO:colcon.colcon_core.shell:Creating environment descriptor '/home/sunrise/TWStateMachine/install/robot_state_machine/share/robot_state_machine/hook/pythonpath.dsv'
[7.981s] INFO:colcon.colcon_core.shell:Creating environment hook '/home/sunrise/TWStateMachine/install/robot_state_machine/share/robot_state_machine/hook/pythonpath.sh'
[7.986s] Level 1:colcon.colcon_core.environment:checking '/home/sunrise/TWStateMachine/install/robot_state_machine/bin'
[7.986s] Level 1:colcon.colcon_core.environment:create_environment_scripts_only(robot_state_machine)
[7.988s] INFO:colcon.colcon_core.shell:Creating package script '/home/sunrise/TWStateMachine/install/robot_state_machine/share/robot_state_machine/package.ps1'
[7.994s] INFO:colcon.colcon_core.shell:Creating package descriptor '/home/sunrise/TWStateMachine/install/robot_state_machine/share/robot_state_machine/package.dsv'
[7.998s] INFO:colcon.colcon_core.shell:Creating package script '/home/sunrise/TWStateMachine/install/robot_state_machine/share/robot_state_machine/package.sh'
[8.003s] INFO:colcon.colcon_core.shell:Creating package script '/home/sunrise/TWStateMachine/install/robot_state_machine/share/robot_state_machine/package.bash'
[8.008s] INFO:colcon.colcon_core.shell:Creating package script '/home/sunrise/TWStateMachine/install/robot_state_machine/share/robot_state_machine/package.zsh'
[8.012s] Level 1:colcon.colcon_core.environment:create_file_with_runtime_dependencies(/home/sunrise/TWStateMachine/install/robot_state_machine/share/colcon-core/packages/robot_state_machine)
[8.014s] DEBUG:colcon.colcon_parallel_executor.executor.parallel:closing loop
[8.015s] DEBUG:colcon.colcon_parallel_executor.executor.parallel:loop closed
[8.016s] DEBUG:colcon.colcon_parallel_executor.executor.parallel:run_until_complete finished with '0'
[8.016s] DEBUG:colcon.colcon_core.event_reactor:joining thread
[8.044s] INFO:colcon.colcon_core.plugin_system:Skipping extension 'colcon_notification.desktop_notification.notify_send': Could not find 'notify-send'
[8.045s] INFO:colcon.colcon_core.plugin_system:Skipping extension 'colcon_notification.desktop_notification.terminal_notifier': Not used on non-Darwin systems
[8.045s] INFO:colcon.colcon_core.plugin_system:Skipping extension 'colcon_notification.desktop_notification.win32': Not used on non-Windows systems
[8.046s] INFO:colcon.colcon_notification.desktop_notification:Sending desktop notification using 'notify2'
[8.066s] DEBUG:colcon.colcon_core.event_reactor:joined thread
[8.067s] INFO:colcon.colcon_core.shell:Creating prefix script '/home/sunrise/TWStateMachine/install/local_setup.ps1'
[8.075s] INFO:colcon.colcon_core.shell:Creating prefix util module '/home/sunrise/TWStateMachine/install/_local_setup_util_ps1.py'
[8.086s] INFO:colcon.colcon_core.shell:Creating prefix chain script '/home/sunrise/TWStateMachine/install/setup.ps1'
[8.092s] INFO:colcon.colcon_core.shell:Creating prefix script '/home/sunrise/TWStateMachine/install/local_setup.sh'
[8.096s] INFO:colcon.colcon_core.shell:Creating prefix util module '/home/sunrise/TWStateMachine/install/_local_setup_util_sh.py'
[8.101s] INFO:colcon.colcon_core.shell:Creating prefix chain script '/home/sunrise/TWStateMachine/install/setup.sh'
[8.108s] INFO:colcon.colcon_core.shell:Creating prefix script '/home/sunrise/TWStateMachine/install/local_setup.bash'
[8.111s] INFO:colcon.colcon_core.shell:Creating prefix chain script '/home/sunrise/TWStateMachine/install/setup.bash'
[8.117s] INFO:colcon.colcon_core.shell:Creating prefix script '/home/sunrise/TWStateMachine/install/local_setup.zsh'
[8.120s] INFO:colcon.colcon_core.shell:Creating prefix chain script '/home/sunrise/TWStateMachine/install/setup.zsh'
