[0.607s] DEBUG:colcon:Command line arguments: ['/usr/bin/colcon', 'build', '--packages-select', 'robot_state_machine']
[0.607s] DEBUG:colcon:Parsed command line arguments: Namespace(log_base=None, log_level=None, verb_name='build', build_base='build', install_base='install', merge_install=False, symlink_install=False, test_result_base=None, continue_on_error=False, executor='parallel', parallel_workers=8, event_handlers=None, ignore_user_meta=False, metas=['./colcon.meta'], base_paths=['.'], packages_ignore=None, packages_ignore_regex=None, paths=None, packages_up_to=None, packages_up_to_regex=None, packages_above=None, packages_above_and_dependencies=None, packages_above_depth=None, packages_select_by_dep=None, packages_skip_by_dep=None, packages_skip_up_to=None, packages_select_build_failed=False, packages_skip_build_finished=False, packages_select_test_failures=False, packages_skip_test_passed=False, packages_select=['robot_state_machine'], packages_skip=None, packages_select_regex=None, packages_skip_regex=None, packages_start=None, packages_end=None, cmake_args=None, cmake_target=None, cmake_target_skip_unavailable=False, cmake_clean_cache=False, cmake_clean_first=False, cmake_force_configure=False, ament_cmake_args=None, catkin_cmake_args=None, catkin_skip_building_tests=False, verb_parser=<colcon_defaults.argument_parser.defaults.DefaultArgumentsDecorator object at 0xffff8cba0940>, verb_extension=<colcon_core.verb.build.BuildVerb object at 0xffff8cd426b0>, main=<bound method BuildVerb.main of <colcon_core.verb.build.BuildVerb object at 0xffff8cd426b0>>)
[0.845s] Level 1:colcon.colcon_core.package_discovery:discover_packages(colcon_meta) check parameters
[0.846s] Level 1:colcon.colcon_core.package_discovery:discover_packages(recursive) check parameters
[0.846s] Level 1:colcon.colcon_core.package_discovery:discover_packages(ignore) check parameters
[0.846s] Level 1:colcon.colcon_core.package_discovery:discover_packages(path) check parameters
[0.846s] Level 1:colcon.colcon_core.package_discovery:discover_packages(colcon_meta) discover
[0.847s] Level 1:colcon.colcon_core.package_discovery:discover_packages(recursive) discover
[0.847s] INFO:colcon.colcon_core.package_discovery:Crawling recursively for packages in '/home/sunrise/TWStateMachine'
[0.847s] Level 1:colcon.colcon_core.package_identification:_identify(.) by extensions ['ignore', 'ignore_ament_install']
[0.848s] Level 1:colcon.colcon_core.package_identification:_identify(.) by extension 'ignore'
[0.848s] Level 1:colcon.colcon_core.package_identification:_identify(.) by extension 'ignore_ament_install'
[0.849s] Level 1:colcon.colcon_core.package_identification:_identify(.) by extensions ['colcon_pkg']
[0.849s] Level 1:colcon.colcon_core.package_identification:_identify(.) by extension 'colcon_pkg'
[0.849s] Level 1:colcon.colcon_core.package_identification:_identify(.) by extensions ['colcon_meta']
[0.849s] Level 1:colcon.colcon_core.package_identification:_identify(.) by extension 'colcon_meta'
[0.850s] Level 1:colcon.colcon_core.package_identification:_identify(.) by extensions ['ros']
[0.850s] Level 1:colcon.colcon_core.package_identification:_identify(.) by extension 'ros'
[0.940s] Level 1:colcon.colcon_core.package_identification:_identify(.) by extensions ['cmake', 'python']
[0.940s] Level 1:colcon.colcon_core.package_identification:_identify(.) by extension 'cmake'
[0.941s] Level 1:colcon.colcon_core.package_identification:_identify(.) by extension 'python'
[0.941s] Level 1:colcon.colcon_core.package_identification:_identify(.) by extensions ['python_setup_py']
[0.941s] Level 1:colcon.colcon_core.package_identification:_identify(.) by extension 'python_setup_py'
[0.942s] Level 1:colcon.colcon_core.package_identification:_identify(build) by extensions ['ignore', 'ignore_ament_install']
[0.942s] Level 1:colcon.colcon_core.package_identification:_identify(build) by extension 'ignore'
[0.943s] Level 1:colcon.colcon_core.package_identification:_identify(build) ignored
[0.943s] Level 1:colcon.colcon_core.package_identification:_identify(install) by extensions ['ignore', 'ignore_ament_install']
[0.944s] Level 1:colcon.colcon_core.package_identification:_identify(install) by extension 'ignore'
[0.944s] Level 1:colcon.colcon_core.package_identification:_identify(install) ignored
[0.945s] Level 1:colcon.colcon_core.package_identification:_identify(log) by extensions ['ignore', 'ignore_ament_install']
[0.945s] Level 1:colcon.colcon_core.package_identification:_identify(log) by extension 'ignore'
[0.945s] Level 1:colcon.colcon_core.package_identification:_identify(log) ignored
[0.946s] Level 1:colcon.colcon_core.package_identification:_identify(received_actions) by extensions ['ignore', 'ignore_ament_install']
[0.947s] Level 1:colcon.colcon_core.package_identification:_identify(received_actions) by extension 'ignore'
[0.947s] Level 1:colcon.colcon_core.package_identification:_identify(received_actions) by extension 'ignore_ament_install'
[0.948s] Level 1:colcon.colcon_core.package_identification:_identify(received_actions) by extensions ['colcon_pkg']
[0.948s] Level 1:colcon.colcon_core.package_identification:_identify(received_actions) by extension 'colcon_pkg'
[0.948s] Level 1:colcon.colcon_core.package_identification:_identify(received_actions) by extensions ['colcon_meta']
[0.948s] Level 1:colcon.colcon_core.package_identification:_identify(received_actions) by extension 'colcon_meta'
[0.949s] Level 1:colcon.colcon_core.package_identification:_identify(received_actions) by extensions ['ros']
[0.949s] Level 1:colcon.colcon_core.package_identification:_identify(received_actions) by extension 'ros'
[0.949s] Level 1:colcon.colcon_core.package_identification:_identify(received_actions) by extensions ['cmake', 'python']
[0.949s] Level 1:colcon.colcon_core.package_identification:_identify(received_actions) by extension 'cmake'
[0.950s] Level 1:colcon.colcon_core.package_identification:_identify(received_actions) by extension 'python'
[0.950s] Level 1:colcon.colcon_core.package_identification:_identify(received_actions) by extensions ['python_setup_py']
[0.950s] Level 1:colcon.colcon_core.package_identification:_identify(received_actions) by extension 'python_setup_py'
[0.952s] Level 1:colcon.colcon_core.package_identification:_identify(received_actions/output) by extensions ['ignore', 'ignore_ament_install']
[0.952s] Level 1:colcon.colcon_core.package_identification:_identify(received_actions/output) by extension 'ignore'
[0.953s] Level 1:colcon.colcon_core.package_identification:_identify(received_actions/output) by extension 'ignore_ament_install'
[0.953s] Level 1:colcon.colcon_core.package_identification:_identify(received_actions/output) by extensions ['colcon_pkg']
[0.953s] Level 1:colcon.colcon_core.package_identification:_identify(received_actions/output) by extension 'colcon_pkg'
[0.953s] Level 1:colcon.colcon_core.package_identification:_identify(received_actions/output) by extensions ['colcon_meta']
[0.954s] Level 1:colcon.colcon_core.package_identification:_identify(received_actions/output) by extension 'colcon_meta'
[0.954s] Level 1:colcon.colcon_core.package_identification:_identify(received_actions/output) by extensions ['ros']
[0.954s] Level 1:colcon.colcon_core.package_identification:_identify(received_actions/output) by extension 'ros'
[0.955s] Level 1:colcon.colcon_core.package_identification:_identify(received_actions/output) by extensions ['cmake', 'python']
[0.955s] Level 1:colcon.colcon_core.package_identification:_identify(received_actions/output) by extension 'cmake'
[0.956s] Level 1:colcon.colcon_core.package_identification:_identify(received_actions/output) by extension 'python'
[0.956s] Level 1:colcon.colcon_core.package_identification:_identify(received_actions/output) by extensions ['python_setup_py']
[0.956s] Level 1:colcon.colcon_core.package_identification:_identify(received_actions/output) by extension 'python_setup_py'
[0.957s] Level 1:colcon.colcon_core.package_identification:_identify(src) by extensions ['ignore', 'ignore_ament_install']
[0.957s] Level 1:colcon.colcon_core.package_identification:_identify(src) by extension 'ignore'
[0.958s] Level 1:colcon.colcon_core.package_identification:_identify(src) by extension 'ignore_ament_install'
[0.958s] Level 1:colcon.colcon_core.package_identification:_identify(src) by extensions ['colcon_pkg']
[0.958s] Level 1:colcon.colcon_core.package_identification:_identify(src) by extension 'colcon_pkg'
[0.958s] Level 1:colcon.colcon_core.package_identification:_identify(src) by extensions ['colcon_meta']
[0.959s] Level 1:colcon.colcon_core.package_identification:_identify(src) by extension 'colcon_meta'
[0.959s] Level 1:colcon.colcon_core.package_identification:_identify(src) by extensions ['ros']
[0.959s] Level 1:colcon.colcon_core.package_identification:_identify(src) by extension 'ros'
[0.959s] Level 1:colcon.colcon_core.package_identification:_identify(src) by extensions ['cmake', 'python']
[0.960s] Level 1:colcon.colcon_core.package_identification:_identify(src) by extension 'cmake'
[0.960s] Level 1:colcon.colcon_core.package_identification:_identify(src) by extension 'python'
[0.960s] Level 1:colcon.colcon_core.package_identification:_identify(src) by extensions ['python_setup_py']
[0.960s] Level 1:colcon.colcon_core.package_identification:_identify(src) by extension 'python_setup_py'
[0.961s] Level 1:colcon.colcon_core.package_identification:_identify(src/robot_comm) by extensions ['ignore', 'ignore_ament_install']
[0.962s] Level 1:colcon.colcon_core.package_identification:_identify(src/robot_comm) by extension 'ignore'
[0.962s] Level 1:colcon.colcon_core.package_identification:_identify(src/robot_comm) by extension 'ignore_ament_install'
[0.962s] Level 1:colcon.colcon_core.package_identification:_identify(src/robot_comm) by extensions ['colcon_pkg']
[0.962s] Level 1:colcon.colcon_core.package_identification:_identify(src/robot_comm) by extension 'colcon_pkg'
[0.963s] Level 1:colcon.colcon_core.package_identification:_identify(src/robot_comm) by extensions ['colcon_meta']
[0.963s] Level 1:colcon.colcon_core.package_identification:_identify(src/robot_comm) by extension 'colcon_meta'
[0.963s] Level 1:colcon.colcon_core.package_identification:_identify(src/robot_comm) by extensions ['ros']
[0.963s] Level 1:colcon.colcon_core.package_identification:_identify(src/robot_comm) by extension 'ros'
[0.980s] DEBUG:colcon.colcon_core.package_identification:Package 'src/robot_comm' with type 'ros.ament_python' and name 'robot_comm'
[0.980s] Level 1:colcon.colcon_core.package_identification:_identify(src/robot_msg) by extensions ['ignore', 'ignore_ament_install']
[0.981s] Level 1:colcon.colcon_core.package_identification:_identify(src/robot_msg) by extension 'ignore'
[0.981s] Level 1:colcon.colcon_core.package_identification:_identify(src/robot_msg) by extension 'ignore_ament_install'
[0.982s] Level 1:colcon.colcon_core.package_identification:_identify(src/robot_msg) by extensions ['colcon_pkg']
[0.982s] Level 1:colcon.colcon_core.package_identification:_identify(src/robot_msg) by extension 'colcon_pkg'
[0.982s] Level 1:colcon.colcon_core.package_identification:_identify(src/robot_msg) by extensions ['colcon_meta']
[0.982s] Level 1:colcon.colcon_core.package_identification:_identify(src/robot_msg) by extension 'colcon_meta'
[0.983s] Level 1:colcon.colcon_core.package_identification:_identify(src/robot_msg) by extensions ['ros']
[0.983s] Level 1:colcon.colcon_core.package_identification:_identify(src/robot_msg) by extension 'ros'
[0.986s] DEBUG:colcon.colcon_core.package_identification:Package 'src/robot_msg' with type 'ros.ament_cmake' and name 'robot_msg'
[0.987s] Level 1:colcon.colcon_core.package_identification:_identify(src/robot_state_machine) by extensions ['ignore', 'ignore_ament_install']
[0.987s] Level 1:colcon.colcon_core.package_identification:_identify(src/robot_state_machine) by extension 'ignore'
[0.988s] Level 1:colcon.colcon_core.package_identification:_identify(src/robot_state_machine) by extension 'ignore_ament_install'
[0.988s] Level 1:colcon.colcon_core.package_identification:_identify(src/robot_state_machine) by extensions ['colcon_pkg']
[0.988s] Level 1:colcon.colcon_core.package_identification:_identify(src/robot_state_machine) by extension 'colcon_pkg'
[0.989s] Level 1:colcon.colcon_core.package_identification:_identify(src/robot_state_machine) by extensions ['colcon_meta']
[0.989s] Level 1:colcon.colcon_core.package_identification:_identify(src/robot_state_machine) by extension 'colcon_meta'
[0.989s] Level 1:colcon.colcon_core.package_identification:_identify(src/robot_state_machine) by extensions ['ros']
[0.989s] Level 1:colcon.colcon_core.package_identification:_identify(src/robot_state_machine) by extension 'ros'
[0.994s] DEBUG:colcon.colcon_core.package_identification:Package 'src/robot_state_machine' with type 'ros.ament_python' and name 'robot_state_machine'
[0.995s] Level 1:colcon.colcon_core.package_discovery:discover_packages(recursive) using defaults
[0.995s] Level 1:colcon.colcon_core.package_discovery:discover_packages(ignore) discover
[0.995s] Level 1:colcon.colcon_core.package_discovery:discover_packages(ignore) using defaults
[0.995s] Level 1:colcon.colcon_core.package_discovery:discover_packages(path) discover
[0.996s] Level 1:colcon.colcon_core.package_discovery:discover_packages(path) using defaults
[1.113s] INFO:colcon.colcon_core.package_selection:Skipping not selected package 'robot_comm' in 'src/robot_comm'
[1.114s] INFO:colcon.colcon_core.package_selection:Skipping not selected package 'robot_msg' in 'src/robot_msg'
[1.116s] Level 5:colcon.colcon_core.verb:set package 'robot_state_machine' build argument 'cmake_args' from command line to 'None'
[1.116s] Level 5:colcon.colcon_core.verb:set package 'robot_state_machine' build argument 'cmake_target' from command line to 'None'
[1.117s] Level 5:colcon.colcon_core.verb:set package 'robot_state_machine' build argument 'cmake_target_skip_unavailable' from command line to 'False'
[1.117s] Level 5:colcon.colcon_core.verb:set package 'robot_state_machine' build argument 'cmake_clean_cache' from command line to 'False'
[1.117s] Level 5:colcon.colcon_core.verb:set package 'robot_state_machine' build argument 'cmake_clean_first' from command line to 'False'
[1.117s] Level 5:colcon.colcon_core.verb:set package 'robot_state_machine' build argument 'cmake_force_configure' from command line to 'False'
[1.117s] Level 5:colcon.colcon_core.verb:set package 'robot_state_machine' build argument 'ament_cmake_args' from command line to 'None'
[1.118s] Level 5:colcon.colcon_core.verb:set package 'robot_state_machine' build argument 'catkin_cmake_args' from command line to 'None'
[1.118s] Level 5:colcon.colcon_core.verb:set package 'robot_state_machine' build argument 'catkin_skip_building_tests' from command line to 'False'
[1.118s] DEBUG:colcon.colcon_core.verb:Building package 'robot_state_machine' with the following arguments: {'ament_cmake_args': None, 'build_base': '/home/sunrise/TWStateMachine/build/robot_state_machine', 'catkin_cmake_args': None, 'catkin_skip_building_tests': False, 'cmake_args': None, 'cmake_clean_cache': False, 'cmake_clean_first': False, 'cmake_force_configure': False, 'cmake_target': None, 'cmake_target_skip_unavailable': False, 'install_base': '/home/sunrise/TWStateMachine/install/robot_state_machine', 'merge_install': False, 'path': '/home/sunrise/TWStateMachine/src/robot_state_machine', 'symlink_install': False, 'test_result_base': None}
[1.119s] INFO:colcon.colcon_core.executor:Executing jobs using 'parallel' executor
[1.124s] DEBUG:colcon.colcon_parallel_executor.executor.parallel:run_until_complete
[1.125s] INFO:colcon.colcon_ros.task.ament_python.build:Building ROS package in '/home/sunrise/TWStateMachine/src/robot_state_machine' with build type 'ament_python'
[1.126s] Level 1:colcon.colcon_core.shell:create_environment_hook('robot_state_machine', 'ament_prefix_path')
[1.138s] INFO:colcon.colcon_core.plugin_system:Skipping extension 'colcon_core.shell.bat': Not used on non-Windows systems
[1.139s] INFO:colcon.colcon_core.shell:Creating environment hook '/home/sunrise/TWStateMachine/install/robot_state_machine/share/robot_state_machine/hook/ament_prefix_path.ps1'
[1.142s] INFO:colcon.colcon_core.shell:Creating environment descriptor '/home/sunrise/TWStateMachine/install/robot_state_machine/share/robot_state_machine/hook/ament_prefix_path.dsv'
[1.145s] INFO:colcon.colcon_core.shell:Creating environment hook '/home/sunrise/TWStateMachine/install/robot_state_machine/share/robot_state_machine/hook/ament_prefix_path.sh'
[1.150s] INFO:colcon.colcon_core.shell:Skip shell extension 'powershell' for command environment: Not usable outside of PowerShell
[1.151s] DEBUG:colcon.colcon_core.shell:Skip shell extension 'dsv' for command environment
[1.156s] WARNING:colcon.colcon_ros.prefix_path.ament:The path '/home/sunrise/TWStateMachine/install/robot_msg' in the environment variable AMENT_PREFIX_PATH doesn't exist
[1.156s] WARNING:colcon.colcon_ros.prefix_path.ament:The path '/home/sunrise/TWStateMachine/install/robot_comm' in the environment variable AMENT_PREFIX_PATH doesn't exist
[1.157s] WARNING:colcon.colcon_ros.prefix_path.catkin:The path '/home/sunrise/TWStateMachine/install/robot_msg' in the environment variable CMAKE_PREFIX_PATH doesn't exist
[2.501s] INFO:colcon.colcon_core.task.python.build:Building Python package in '/home/sunrise/TWStateMachine/src/robot_state_machine'
[2.503s] INFO:colcon.colcon_core.shell:Skip shell extension 'powershell' for command environment: Not usable outside of PowerShell
[2.503s] DEBUG:colcon.colcon_core.shell:Skip shell extension 'dsv' for command environment
[5.065s] DEBUG:colcon.colcon_core.event_handler.log_command:Invoking command in '/home/sunrise/TWStateMachine/src/robot_state_machine': CONDA_PROMPT_MODIFIER=(TWStateMachine) PYTHONPATH=/home/sunrise/TWStateMachine/build/robot_state_machine/prefix_override:/usr/lib/python3/dist-packages/colcon_core/task/python/colcon_distutils_commands:/home/sunrise/TWStateMachine/install/robot_state_machine/lib/python3.10/site-packages:${PYTHONPATH} /usr/bin/python3 -W ignore:setup.py install is deprecated -W ignore:easy_install command is deprecated setup.py egg_info --egg-base ../../build/robot_state_machine build --build-base /home/sunrise/TWStateMachine/build/robot_state_machine/build install --record /home/sunrise/TWStateMachine/build/robot_state_machine/install.log --single-version-externally-managed install_data
[7.913s] DEBUG:colcon.colcon_core.event_handler.log_command:Invoked command in '/home/sunrise/TWStateMachine/src/robot_state_machine' returned '0': CONDA_PROMPT_MODIFIER=(TWStateMachine) PYTHONPATH=/home/sunrise/TWStateMachine/build/robot_state_machine/prefix_override:/usr/lib/python3/dist-packages/colcon_core/task/python/colcon_distutils_commands:/home/sunrise/TWStateMachine/install/robot_state_machine/lib/python3.10/site-packages:${PYTHONPATH} /usr/bin/python3 -W ignore:setup.py install is deprecated -W ignore:easy_install command is deprecated setup.py egg_info --egg-base ../../build/robot_state_machine build --build-base /home/sunrise/TWStateMachine/build/robot_state_machine/build install --record /home/sunrise/TWStateMachine/build/robot_state_machine/install.log --single-version-externally-managed install_data
[7.929s] Level 1:colcon.colcon_core.environment:checking '/home/sunrise/TWStateMachine/install/robot_state_machine' for CMake module files
[7.935s] Level 1:colcon.colcon_core.environment:checking '/home/sunrise/TWStateMachine/install/robot_state_machine' for CMake config files
[7.949s] Level 1:colcon.colcon_core.environment:checking '/home/sunrise/TWStateMachine/install/robot_state_machine/lib'
[7.950s] Level 1:colcon.colcon_core.environment:checking '/home/sunrise/TWStateMachine/install/robot_state_machine/bin'
[7.950s] Level 1:colcon.colcon_core.environment:checking '/home/sunrise/TWStateMachine/install/robot_state_machine/lib/pkgconfig/robot_state_machine.pc'
[7.952s] Level 1:colcon.colcon_core.environment:checking '/home/sunrise/TWStateMachine/install/robot_state_machine/lib/python3.10/site-packages'
[7.952s] Level 1:colcon.colcon_core.shell:create_environment_hook('robot_state_machine', 'pythonpath')
[7.954s] INFO:colcon.colcon_core.shell:Creating environment hook '/home/sunrise/TWStateMachine/install/robot_state_machine/share/robot_state_machine/hook/pythonpath.ps1'
[7.958s] INFO:colcon.colcon_core.shell:Creating environment descriptor '/home/sunrise/TWStateMachine/install/robot_state_machine/share/robot_state_machine/hook/pythonpath.dsv'
[7.960s] INFO:colcon.colcon_core.shell:Creating environment hook '/home/sunrise/TWStateMachine/install/robot_state_machine/share/robot_state_machine/hook/pythonpath.sh'
[7.965s] Level 1:colcon.colcon_core.environment:checking '/home/sunrise/TWStateMachine/install/robot_state_machine/bin'
[7.966s] Level 1:colcon.colcon_core.environment:create_environment_scripts_only(robot_state_machine)
[7.968s] INFO:colcon.colcon_core.shell:Creating package script '/home/sunrise/TWStateMachine/install/robot_state_machine/share/robot_state_machine/package.ps1'
[7.974s] INFO:colcon.colcon_core.shell:Creating package descriptor '/home/sunrise/TWStateMachine/install/robot_state_machine/share/robot_state_machine/package.dsv'
[7.978s] INFO:colcon.colcon_core.shell:Creating package script '/home/sunrise/TWStateMachine/install/robot_state_machine/share/robot_state_machine/package.sh'
[7.983s] INFO:colcon.colcon_core.shell:Creating package script '/home/sunrise/TWStateMachine/install/robot_state_machine/share/robot_state_machine/package.bash'
[7.987s] INFO:colcon.colcon_core.shell:Creating package script '/home/sunrise/TWStateMachine/install/robot_state_machine/share/robot_state_machine/package.zsh'
[7.992s] Level 1:colcon.colcon_core.environment:create_file_with_runtime_dependencies(/home/sunrise/TWStateMachine/install/robot_state_machine/share/colcon-core/packages/robot_state_machine)
[7.994s] DEBUG:colcon.colcon_parallel_executor.executor.parallel:closing loop
[7.995s] DEBUG:colcon.colcon_parallel_executor.executor.parallel:loop closed
[7.996s] DEBUG:colcon.colcon_parallel_executor.executor.parallel:run_until_complete finished with '0'
[7.996s] DEBUG:colcon.colcon_core.event_reactor:joining thread
[8.024s] INFO:colcon.colcon_core.plugin_system:Skipping extension 'colcon_notification.desktop_notification.notify_send': Could not find 'notify-send'
[8.024s] INFO:colcon.colcon_core.plugin_system:Skipping extension 'colcon_notification.desktop_notification.terminal_notifier': Not used on non-Darwin systems
[8.025s] INFO:colcon.colcon_core.plugin_system:Skipping extension 'colcon_notification.desktop_notification.win32': Not used on non-Windows systems
[8.025s] INFO:colcon.colcon_notification.desktop_notification:Sending desktop notification using 'notify2'
[8.046s] DEBUG:colcon.colcon_core.event_reactor:joined thread
[8.048s] INFO:colcon.colcon_core.shell:Creating prefix script '/home/sunrise/TWStateMachine/install/local_setup.ps1'
[8.054s] INFO:colcon.colcon_core.shell:Creating prefix util module '/home/sunrise/TWStateMachine/install/_local_setup_util_ps1.py'
[8.065s] INFO:colcon.colcon_core.shell:Creating prefix chain script '/home/sunrise/TWStateMachine/install/setup.ps1'
[8.072s] INFO:colcon.colcon_core.shell:Creating prefix script '/home/sunrise/TWStateMachine/install/local_setup.sh'
[8.076s] INFO:colcon.colcon_core.shell:Creating prefix util module '/home/sunrise/TWStateMachine/install/_local_setup_util_sh.py'
[8.080s] INFO:colcon.colcon_core.shell:Creating prefix chain script '/home/sunrise/TWStateMachine/install/setup.sh'
[8.088s] INFO:colcon.colcon_core.shell:Creating prefix script '/home/sunrise/TWStateMachine/install/local_setup.bash'
[8.091s] INFO:colcon.colcon_core.shell:Creating prefix chain script '/home/sunrise/TWStateMachine/install/setup.bash'
[8.097s] INFO:colcon.colcon_core.shell:Creating prefix script '/home/sunrise/TWStateMachine/install/local_setup.zsh'
[8.100s] INFO:colcon.colcon_core.shell:Creating prefix chain script '/home/sunrise/TWStateMachine/install/setup.zsh'
