-- The C compiler identification is GNU 11.2.0
-- The CXX compiler identification is GNU 11.2.0
-- Detecting C compiler ABI info
-- Detecting C compiler ABI info - done
-- Check for working C compiler: /usr/bin/cc - skipped
-- Detecting C compile features
-- Detecting C compile features - done
-- Detecting CXX compiler ABI info
-- Detecting CXX compiler ABI info - done
-- Check for working CXX compiler: /usr/bin/c++ - skipped
-- Detecting CXX compile features
-- Detecting CXX compile features - done
-- Found ament_cmake: 1.3.12 (/opt/ros/humble/share/ament_cmake/cmake)
-- Found Python3: /usr/bin/python3 (found version "3.10.12") found components: Interpreter 
-- Found rosidl_default_generators: 1.2.0 (/opt/ros/humble/share/rosidl_default_generators/cmake)
-- Using all available rosidl_typesupport_c: rosidl_typesupport_fastrtps_c;rosidl_typesupport_introspection_c
-- Found rosidl_adapter: 3.1.8 (/opt/ros/humble/share/rosidl_adapter/cmake)
-- Using all available rosidl_typesupport_cpp: rosidl_typesupport_fastrtps_cpp;rosidl_typesupport_introspection_cpp
-- Found builtin_interfaces: 1.2.2 (/opt/ros/humble/share/builtin_interfaces/cmake)
-- Found std_msgs: 4.9.0 (/opt/ros/humble/share/std_msgs/cmake)
-- Found ament_cmake_ros: 0.10.0 (/opt/ros/humble/share/ament_cmake_ros/cmake)
-- Using all available rosidl_typesupport_c: rosidl_typesupport_fastrtps_c;rosidl_typesupport_introspection_c
-- Using all available rosidl_typesupport_cpp: rosidl_typesupport_fastrtps_cpp;rosidl_typesupport_introspection_cpp
-- Found PythonInterp: /usr/bin/python3 (found suitable version "3.10.12", minimum required is "3.6") 
-- Found python_cmake_module: 0.10.0 (/opt/ros/humble/share/python_cmake_module/cmake)
-- Found PythonLibs: /usr/lib/aarch64-linux-gnu/libpython3.10.so (found suitable version "3.10.12", minimum required is "3.5") 
-- Using PYTHON_EXECUTABLE: /usr/bin/python3
-- Using PYTHON_INCLUDE_DIRS: /usr/include/python3.10
-- Using PYTHON_LIBRARIES: /usr/lib/aarch64-linux-gnu/libpython3.10.so
-- Found PythonExtra: .so  
-- Found ament_lint_auto: 0.12.14 (/opt/ros/humble/share/ament_lint_auto/cmake)
-- Added test 'lint_cmake' to check CMake code style
-- Added test 'xmllint' to check XML markup files
-- Configuring done
-- Generating done
-- Build files have been written to: /home/sunrise/TWStateMachine/build/robot_msg
[  1%] [34m[1mGenerating C code for ROS interfaces[0m
[  2%] [34m[1mGenerating C++ code for ROS interfaces[0m
[  2%] Built target ament_cmake_python_copy_robot_msg
running egg_info
creating robot_msg.egg-info
writing robot_msg.egg-info/PKG-INFO
writing dependency_links to robot_msg.egg-info/dependency_links.txt
writing top-level names to robot_msg.egg-info/top_level.txt
writing manifest file 'robot_msg.egg-info/SOURCES.txt'
reading manifest file 'robot_msg.egg-info/SOURCES.txt'
writing manifest file 'robot_msg.egg-info/SOURCES.txt'
[  2%] Built target ament_cmake_python_build_robot_msg_egg
[  2%] Built target robot_msg__cpp
[  3%] [34m[1mGenerating C++ type support dispatch for ROS interfaces[0m
[  4%] [34m[1mGenerating C++ type support for eProsima Fast-RTPS[0m
[  5%] [34m[1mGenerating C++ introspection for ROS interfaces[0m
[  6%] [32mBuilding C object CMakeFiles/robot_msg__rosidl_generator_c.dir/rosidl_generator_c/robot_msg/msg/detail/sound_location__functions.c.o[0m
[  8%] [32mBuilding C object CMakeFiles/robot_msg__rosidl_generator_c.dir/rosidl_generator_c/robot_msg/msg/detail/speaker_identity__functions.c.o[0m
[ 10%] [32mBuilding C object CMakeFiles/robot_msg__rosidl_generator_c.dir/rosidl_generator_c/robot_msg/msg/detail/sound_type__functions.c.o[0m
[ 10%] [32mBuilding C object CMakeFiles/robot_msg__rosidl_generator_c.dir/rosidl_generator_c/robot_msg/msg/detail/processed_speech__functions.c.o[0m
[ 11%] [32mBuilding C object CMakeFiles/robot_msg__rosidl_generator_c.dir/rosidl_generator_c/robot_msg/msg/detail/speech_data__functions.c.o[0m
[ 12%] [32mBuilding C object CMakeFiles/robot_msg__rosidl_generator_c.dir/rosidl_generator_c/robot_msg/msg/detail/extreme_sensor_alert__functions.c.o[0m
[ 14%] [32mBuilding C object CMakeFiles/robot_msg__rosidl_generator_c.dir/rosidl_generator_c/robot_msg/srv/detail/cloud_command__functions.c.o[0m
[ 14%] [32mBuilding C object CMakeFiles/robot_msg__rosidl_generator_c.dir/rosidl_generator_c/robot_msg/srv/detail/get_temperature_and_humidity__functions.c.o[0m
[ 16%] [32m[1mLinking C shared library librobot_msg__rosidl_generator_c.so[0m
[ 16%] Built target robot_msg__rosidl_generator_c
[ 18%] [34m[1mGenerating C type support dispatch for ROS interfaces[0m
[ 18%] [34m[1mGenerating C introspection for ROS interfaces[0m
[ 19%] [34m[1mGenerating C type support for eProsima Fast-RTPS[0m
[ 20%] [32mBuilding CXX object CMakeFiles/robot_msg__rosidl_typesupport_cpp.dir/rosidl_typesupport_cpp/robot_msg/msg/processed_speech__type_support.cpp.o[0m
[ 21%] [32mBuilding CXX object CMakeFiles/robot_msg__rosidl_typesupport_cpp.dir/rosidl_typesupport_cpp/robot_msg/msg/speech_data__type_support.cpp.o[0m
[ 22%] [32mBuilding CXX object CMakeFiles/robot_msg__rosidl_typesupport_cpp.dir/rosidl_typesupport_cpp/robot_msg/msg/sound_location__type_support.cpp.o[0m
[ 24%] [32mBuilding CXX object CMakeFiles/robot_msg__rosidl_typesupport_introspection_cpp.dir/rosidl_typesupport_introspection_cpp/robot_msg/msg/detail/speech_data__type_support.cpp.o[0m
[ 25%] [32mBuilding CXX object CMakeFiles/robot_msg__rosidl_typesupport_c.dir/rosidl_typesupport_c/robot_msg/msg/speech_data__type_support.cpp.o[0m
[ 26%] [32mBuilding CXX object CMakeFiles/robot_msg__rosidl_typesupport_c.dir/rosidl_typesupport_c/robot_msg/msg/sound_location__type_support.cpp.o[0m
[ 27%] [32mBuilding CXX object CMakeFiles/robot_msg__rosidl_typesupport_c.dir/rosidl_typesupport_c/robot_msg/msg/processed_speech__type_support.cpp.o[0m
[ 28%] [32mBuilding CXX object CMakeFiles/robot_msg__rosidl_typesupport_fastrtps_cpp.dir/rosidl_typesupport_fastrtps_cpp/robot_msg/msg/detail/dds_fastrtps/speech_data__type_support.cpp.o[0m
[ 31%] [32mBuilding CXX object CMakeFiles/robot_msg__rosidl_typesupport_cpp.dir/rosidl_typesupport_cpp/robot_msg/msg/sound_type__type_support.cpp.o[0m
[ 31%] [32mBuilding CXX object CMakeFiles/robot_msg__rosidl_typesupport_c.dir/rosidl_typesupport_c/robot_msg/msg/sound_type__type_support.cpp.o[0m
[ 32%] [32mBuilding CXX object CMakeFiles/robot_msg__rosidl_typesupport_cpp.dir/rosidl_typesupport_cpp/robot_msg/msg/speaker_identity__type_support.cpp.o[0m
[ 33%] [32mBuilding CXX object CMakeFiles/robot_msg__rosidl_typesupport_fastrtps_cpp.dir/rosidl_typesupport_fastrtps_cpp/robot_msg/msg/detail/dds_fastrtps/sound_location__type_support.cpp.o[0m
[ 34%] [32mBuilding CXX object CMakeFiles/robot_msg__rosidl_typesupport_c.dir/rosidl_typesupport_c/robot_msg/msg/speaker_identity__type_support.cpp.o[0m
[ 35%] [32mBuilding CXX object CMakeFiles/robot_msg__rosidl_typesupport_c.dir/rosidl_typesupport_c/robot_msg/msg/extreme_sensor_alert__type_support.cpp.o[0m
[ 36%] [32mBuilding CXX object CMakeFiles/robot_msg__rosidl_typesupport_c.dir/rosidl_typesupport_c/robot_msg/srv/get_temperature_and_humidity__type_support.cpp.o[0m
[ 37%] [32mBuilding C object CMakeFiles/robot_msg__rosidl_typesupport_introspection_c.dir/rosidl_typesupport_introspection_c/robot_msg/msg/detail/speech_data__type_support.c.o[0m
[ 39%] [32mBuilding CXX object CMakeFiles/robot_msg__rosidl_typesupport_fastrtps_c.dir/rosidl_typesupport_fastrtps_c/robot_msg/msg/detail/speech_data__type_support_c.cpp.o[0m
[ 42%] [32mBuilding CXX object CMakeFiles/robot_msg__rosidl_typesupport_cpp.dir/rosidl_typesupport_cpp/robot_msg/msg/extreme_sensor_alert__type_support.cpp.o[0m
[ 42%] [32mBuilding CXX object CMakeFiles/robot_msg__rosidl_typesupport_c.dir/rosidl_typesupport_c/robot_msg/srv/cloud_command__type_support.cpp.o[0m
[ 42%] [32mBuilding CXX object CMakeFiles/robot_msg__rosidl_typesupport_fastrtps_c.dir/rosidl_typesupport_fastrtps_c/robot_msg/msg/detail/sound_location__type_support_c.cpp.o[0m
[ 43%] [32m[1mLinking CXX shared library librobot_msg__rosidl_typesupport_c.so[0m
[ 44%] [32mBuilding CXX object CMakeFiles/robot_msg__rosidl_typesupport_cpp.dir/rosidl_typesupport_cpp/robot_msg/srv/get_temperature_and_humidity__type_support.cpp.o[0m
[ 45%] [32mBuilding CXX object CMakeFiles/robot_msg__rosidl_typesupport_fastrtps_cpp.dir/rosidl_typesupport_fastrtps_cpp/robot_msg/msg/detail/dds_fastrtps/processed_speech__type_support.cpp.o[0m
[ 47%] [32mBuilding C object CMakeFiles/robot_msg__rosidl_typesupport_introspection_c.dir/rosidl_typesupport_introspection_c/robot_msg/msg/detail/sound_location__type_support.c.o[0m
[ 47%] Built target robot_msg__rosidl_typesupport_c
[ 48%] [32mBuilding C object CMakeFiles/robot_msg__rosidl_typesupport_introspection_c.dir/rosidl_typesupport_introspection_c/robot_msg/msg/detail/processed_speech__type_support.c.o[0m
[ 49%] [32mBuilding CXX object CMakeFiles/robot_msg__rosidl_typesupport_introspection_cpp.dir/rosidl_typesupport_introspection_cpp/robot_msg/msg/detail/sound_location__type_support.cpp.o[0m
[ 50%] [32mBuilding CXX object CMakeFiles/robot_msg__rosidl_typesupport_introspection_cpp.dir/rosidl_typesupport_introspection_cpp/robot_msg/msg/detail/processed_speech__type_support.cpp.o[0m
[ 51%] [32mBuilding CXX object CMakeFiles/robot_msg__rosidl_typesupport_introspection_cpp.dir/rosidl_typesupport_introspection_cpp/robot_msg/msg/detail/sound_type__type_support.cpp.o[0m
[ 52%] [32mBuilding C object CMakeFiles/robot_msg__rosidl_typesupport_introspection_c.dir/rosidl_typesupport_introspection_c/robot_msg/msg/detail/sound_type__type_support.c.o[0m
[ 54%] [32mBuilding C object CMakeFiles/robot_msg__rosidl_typesupport_introspection_c.dir/rosidl_typesupport_introspection_c/robot_msg/msg/detail/speaker_identity__type_support.c.o[0m
[ 55%] [32mBuilding C object CMakeFiles/robot_msg__rosidl_typesupport_introspection_c.dir/rosidl_typesupport_introspection_c/robot_msg/msg/detail/extreme_sensor_alert__type_support.c.o[0m
[ 56%] [32mBuilding C object CMakeFiles/robot_msg__rosidl_typesupport_introspection_c.dir/rosidl_typesupport_introspection_c/robot_msg/srv/detail/get_temperature_and_humidity__type_support.c.o[0m
[ 57%] [32mBuilding C object CMakeFiles/robot_msg__rosidl_typesupport_introspection_c.dir/rosidl_typesupport_introspection_c/robot_msg/srv/detail/cloud_command__type_support.c.o[0m
[ 58%] [32m[1mLinking C shared library librobot_msg__rosidl_typesupport_introspection_c.so[0m
[ 59%] [32mBuilding CXX object CMakeFiles/robot_msg__rosidl_typesupport_fastrtps_c.dir/rosidl_typesupport_fastrtps_c/robot_msg/msg/detail/processed_speech__type_support_c.cpp.o[0m
[ 60%] [32mBuilding CXX object CMakeFiles/robot_msg__rosidl_typesupport_cpp.dir/rosidl_typesupport_cpp/robot_msg/srv/cloud_command__type_support.cpp.o[0m
[ 60%] Built target robot_msg__rosidl_typesupport_introspection_c
[ 62%] [32mBuilding CXX object CMakeFiles/robot_msg__rosidl_typesupport_introspection_cpp.dir/rosidl_typesupport_introspection_cpp/robot_msg/msg/detail/speaker_identity__type_support.cpp.o[0m
[ 63%] [32mBuilding CXX object CMakeFiles/robot_msg__rosidl_typesupport_fastrtps_c.dir/rosidl_typesupport_fastrtps_c/robot_msg/msg/detail/sound_type__type_support_c.cpp.o[0m
[ 64%] [32mBuilding CXX object CMakeFiles/robot_msg__rosidl_typesupport_introspection_cpp.dir/rosidl_typesupport_introspection_cpp/robot_msg/msg/detail/extreme_sensor_alert__type_support.cpp.o[0m
[ 65%] [32mBuilding CXX object CMakeFiles/robot_msg__rosidl_typesupport_fastrtps_c.dir/rosidl_typesupport_fastrtps_c/robot_msg/msg/detail/speaker_identity__type_support_c.cpp.o[0m
[ 66%] [32mBuilding CXX object CMakeFiles/robot_msg__rosidl_typesupport_fastrtps_cpp.dir/rosidl_typesupport_fastrtps_cpp/robot_msg/msg/detail/dds_fastrtps/sound_type__type_support.cpp.o[0m
[ 67%] [32mBuilding CXX object CMakeFiles/robot_msg__rosidl_typesupport_introspection_cpp.dir/rosidl_typesupport_introspection_cpp/robot_msg/srv/detail/get_temperature_and_humidity__type_support.cpp.o[0m
[ 68%] [32m[1mLinking CXX shared library librobot_msg__rosidl_typesupport_cpp.so[0m
[ 68%] Built target robot_msg__rosidl_typesupport_cpp
[ 70%] [32mBuilding CXX object CMakeFiles/robot_msg__rosidl_typesupport_fastrtps_cpp.dir/rosidl_typesupport_fastrtps_cpp/robot_msg/msg/detail/dds_fastrtps/speaker_identity__type_support.cpp.o[0m
[ 71%] [32mBuilding CXX object CMakeFiles/robot_msg__rosidl_typesupport_introspection_cpp.dir/rosidl_typesupport_introspection_cpp/robot_msg/srv/detail/cloud_command__type_support.cpp.o[0m
[ 72%] [32mBuilding CXX object CMakeFiles/robot_msg__rosidl_typesupport_fastrtps_cpp.dir/rosidl_typesupport_fastrtps_cpp/robot_msg/msg/detail/dds_fastrtps/extreme_sensor_alert__type_support.cpp.o[0m
[ 73%] [32mBuilding CXX object CMakeFiles/robot_msg__rosidl_typesupport_fastrtps_cpp.dir/rosidl_typesupport_fastrtps_cpp/robot_msg/srv/detail/dds_fastrtps/get_temperature_and_humidity__type_support.cpp.o[0m
[ 74%] [32mBuilding CXX object CMakeFiles/robot_msg__rosidl_typesupport_fastrtps_c.dir/rosidl_typesupport_fastrtps_c/robot_msg/msg/detail/extreme_sensor_alert__type_support_c.cpp.o[0m
[ 75%] [32mBuilding CXX object CMakeFiles/robot_msg__rosidl_typesupport_fastrtps_c.dir/rosidl_typesupport_fastrtps_c/robot_msg/srv/detail/get_temperature_and_humidity__type_support_c.cpp.o[0m
[ 77%] [32mBuilding CXX object CMakeFiles/robot_msg__rosidl_typesupport_fastrtps_c.dir/rosidl_typesupport_fastrtps_c/robot_msg/srv/detail/cloud_command__type_support_c.cpp.o[0m
[ 78%] [32mBuilding CXX object CMakeFiles/robot_msg__rosidl_typesupport_fastrtps_cpp.dir/rosidl_typesupport_fastrtps_cpp/robot_msg/srv/detail/dds_fastrtps/cloud_command__type_support.cpp.o[0m
[ 79%] [32m[1mLinking CXX shared library librobot_msg__rosidl_typesupport_introspection_cpp.so[0m
[ 79%] Built target robot_msg__rosidl_typesupport_introspection_cpp
[ 80%] [32m[1mLinking CXX shared library librobot_msg__rosidl_typesupport_fastrtps_c.so[0m
[ 80%] Built target robot_msg__rosidl_typesupport_fastrtps_c
[ 81%] [32m[1mLinking CXX shared library librobot_msg__rosidl_typesupport_fastrtps_cpp.so[0m
[ 81%] Built target robot_msg__rosidl_typesupport_fastrtps_cpp
[ 81%] Built target robot_msg
[ 82%] [34m[1mGenerating Python code for ROS interfaces[0m
[ 82%] Built target robot_msg__py
[ 86%] [32mBuilding C object CMakeFiles/robot_msg__rosidl_generator_py.dir/rosidl_generator_py/robot_msg/msg/_sound_type_s.c.o[0m
[ 86%] [32mBuilding C object CMakeFiles/robot_msg__rosidl_generator_py.dir/rosidl_generator_py/robot_msg/msg/_speech_data_s.c.o[0m
[ 86%] [32mBuilding C object CMakeFiles/robot_msg__rosidl_generator_py.dir/rosidl_generator_py/robot_msg/msg/_processed_speech_s.c.o[0m
[ 88%] [32mBuilding C object CMakeFiles/robot_msg__rosidl_generator_py.dir/rosidl_generator_py/robot_msg/srv/_get_temperature_and_humidity_s.c.o[0m
[ 88%] [32mBuilding C object CMakeFiles/robot_msg__rosidl_generator_py.dir/rosidl_generator_py/robot_msg/msg/_extreme_sensor_alert_s.c.o[0m
[ 89%] [32mBuilding C object CMakeFiles/robot_msg__rosidl_generator_py.dir/rosidl_generator_py/robot_msg/msg/_speaker_identity_s.c.o[0m
[ 90%] [32mBuilding C object CMakeFiles/robot_msg__rosidl_generator_py.dir/rosidl_generator_py/robot_msg/msg/_sound_location_s.c.o[0m
[ 91%] [32mBuilding C object CMakeFiles/robot_msg__rosidl_generator_py.dir/rosidl_generator_py/robot_msg/srv/_cloud_command_s.c.o[0m
[ 93%] [32m[1mLinking C shared library rosidl_generator_py/robot_msg/librobot_msg__rosidl_generator_py.so[0m
[ 93%] Built target robot_msg__rosidl_generator_py
[ 96%] [32mBuilding C object CMakeFiles/robot_msg__rosidl_typesupport_introspection_c__pyext.dir/rosidl_generator_py/robot_msg/_robot_msg_s.ep.rosidl_typesupport_introspection_c.c.o[0m
[ 96%] [32mBuilding C object CMakeFiles/robot_msg__rosidl_typesupport_fastrtps_c__pyext.dir/rosidl_generator_py/robot_msg/_robot_msg_s.ep.rosidl_typesupport_fastrtps_c.c.o[0m
[ 96%] [32mBuilding C object CMakeFiles/robot_msg__rosidl_typesupport_c__pyext.dir/rosidl_generator_py/robot_msg/_robot_msg_s.ep.rosidl_typesupport_c.c.o[0m
[ 97%] [32m[1mLinking C shared library rosidl_generator_py/robot_msg/robot_msg_s__rosidl_typesupport_c.cpython-310-aarch64-linux-gnu.so[0m
[100%] [32m[1mLinking C shared library rosidl_generator_py/robot_msg/robot_msg_s__rosidl_typesupport_introspection_c.cpython-310-aarch64-linux-gnu.so[0m
[100%] [32m[1mLinking C shared library rosidl_generator_py/robot_msg/robot_msg_s__rosidl_typesupport_fastrtps_c.cpython-310-aarch64-linux-gnu.so[0m
[100%] Built target robot_msg__rosidl_typesupport_c__pyext
[100%] Built target robot_msg__rosidl_typesupport_introspection_c__pyext
[100%] Built target robot_msg__rosidl_typesupport_fastrtps_c__pyext
-- Install configuration: ""
-- Installing: /home/sunrise/TWStateMachine/install/robot_msg/share/ament_index/resource_index/rosidl_interfaces/robot_msg
-- Installing: /home/sunrise/TWStateMachine/install/robot_msg/include/robot_msg/robot_msg
-- Installing: /home/sunrise/TWStateMachine/install/robot_msg/include/robot_msg/robot_msg/srv
-- Installing: /home/sunrise/TWStateMachine/install/robot_msg/include/robot_msg/robot_msg/srv/detail
-- Installing: /home/sunrise/TWStateMachine/install/robot_msg/include/robot_msg/robot_msg/srv/detail/cloud_command__type_support.h
-- Installing: /home/sunrise/TWStateMachine/install/robot_msg/include/robot_msg/robot_msg/srv/detail/get_temperature_and_humidity__functions.h
-- Installing: /home/sunrise/TWStateMachine/install/robot_msg/include/robot_msg/robot_msg/srv/detail/get_temperature_and_humidity__type_support.h
-- Installing: /home/sunrise/TWStateMachine/install/robot_msg/include/robot_msg/robot_msg/srv/detail/cloud_command__functions.h
-- Installing: /home/sunrise/TWStateMachine/install/robot_msg/include/robot_msg/robot_msg/srv/detail/cloud_command__struct.h
-- Installing: /home/sunrise/TWStateMachine/install/robot_msg/include/robot_msg/robot_msg/srv/detail/cloud_command__functions.c
-- Installing: /home/sunrise/TWStateMachine/install/robot_msg/include/robot_msg/robot_msg/srv/detail/get_temperature_and_humidity__functions.c
-- Installing: /home/sunrise/TWStateMachine/install/robot_msg/include/robot_msg/robot_msg/srv/detail/get_temperature_and_humidity__struct.h
-- Installing: /home/sunrise/TWStateMachine/install/robot_msg/include/robot_msg/robot_msg/srv/get_temperature_and_humidity.h
-- Installing: /home/sunrise/TWStateMachine/install/robot_msg/include/robot_msg/robot_msg/srv/cloud_command.h
-- Installing: /home/sunrise/TWStateMachine/install/robot_msg/include/robot_msg/robot_msg/msg
-- Installing: /home/sunrise/TWStateMachine/install/robot_msg/include/robot_msg/robot_msg/msg/sound_type.h
-- Installing: /home/sunrise/TWStateMachine/install/robot_msg/include/robot_msg/robot_msg/msg/processed_speech.h
-- Installing: /home/sunrise/TWStateMachine/install/robot_msg/include/robot_msg/robot_msg/msg/rosidl_generator_c__visibility_control.h
-- Installing: /home/sunrise/TWStateMachine/install/robot_msg/include/robot_msg/robot_msg/msg/detail
-- Installing: /home/sunrise/TWStateMachine/install/robot_msg/include/robot_msg/robot_msg/msg/detail/speech_data__type_support.h
-- Installing: /home/sunrise/TWStateMachine/install/robot_msg/include/robot_msg/robot_msg/msg/detail/sound_location__struct.h
-- Installing: /home/sunrise/TWStateMachine/install/robot_msg/include/robot_msg/robot_msg/msg/detail/sound_type__type_support.h
-- Installing: /home/sunrise/TWStateMachine/install/robot_msg/include/robot_msg/robot_msg/msg/detail/speech_data__functions.h
-- Installing: /home/sunrise/TWStateMachine/install/robot_msg/include/robot_msg/robot_msg/msg/detail/extreme_sensor_alert__functions.h
-- Installing: /home/sunrise/TWStateMachine/install/robot_msg/include/robot_msg/robot_msg/msg/detail/sound_type__struct.h
-- Installing: /home/sunrise/TWStateMachine/install/robot_msg/include/robot_msg/robot_msg/msg/detail/sound_location__type_support.h
-- Installing: /home/sunrise/TWStateMachine/install/robot_msg/include/robot_msg/robot_msg/msg/detail/extreme_sensor_alert__type_support.h
-- Installing: /home/sunrise/TWStateMachine/install/robot_msg/include/robot_msg/robot_msg/msg/detail/speech_data__functions.c
-- Installing: /home/sunrise/TWStateMachine/install/robot_msg/include/robot_msg/robot_msg/msg/detail/speech_data__struct.h
-- Installing: /home/sunrise/TWStateMachine/install/robot_msg/include/robot_msg/robot_msg/msg/detail/processed_speech__struct.h
-- Installing: /home/sunrise/TWStateMachine/install/robot_msg/include/robot_msg/robot_msg/msg/detail/speaker_identity__functions.c
-- Installing: /home/sunrise/TWStateMachine/install/robot_msg/include/robot_msg/robot_msg/msg/detail/speaker_identity__type_support.h
-- Installing: /home/sunrise/TWStateMachine/install/robot_msg/include/robot_msg/robot_msg/msg/detail/sound_location__functions.c
-- Installing: /home/sunrise/TWStateMachine/install/robot_msg/include/robot_msg/robot_msg/msg/detail/extreme_sensor_alert__functions.c
-- Installing: /home/sunrise/TWStateMachine/install/robot_msg/include/robot_msg/robot_msg/msg/detail/processed_speech__functions.c
-- Installing: /home/sunrise/TWStateMachine/install/robot_msg/include/robot_msg/robot_msg/msg/detail/sound_type__functions.h
-- Installing: /home/sunrise/TWStateMachine/install/robot_msg/include/robot_msg/robot_msg/msg/detail/processed_speech__type_support.h
-- Installing: /home/sunrise/TWStateMachine/install/robot_msg/include/robot_msg/robot_msg/msg/detail/sound_type__functions.c
-- Installing: /home/sunrise/TWStateMachine/install/robot_msg/include/robot_msg/robot_msg/msg/detail/sound_location__functions.h
-- Installing: /home/sunrise/TWStateMachine/install/robot_msg/include/robot_msg/robot_msg/msg/detail/speaker_identity__struct.h
-- Installing: /home/sunrise/TWStateMachine/install/robot_msg/include/robot_msg/robot_msg/msg/detail/extreme_sensor_alert__struct.h
-- Installing: /home/sunrise/TWStateMachine/install/robot_msg/include/robot_msg/robot_msg/msg/detail/speaker_identity__functions.h
-- Installing: /home/sunrise/TWStateMachine/install/robot_msg/include/robot_msg/robot_msg/msg/detail/processed_speech__functions.h
-- Installing: /home/sunrise/TWStateMachine/install/robot_msg/include/robot_msg/robot_msg/msg/extreme_sensor_alert.h
-- Installing: /home/sunrise/TWStateMachine/install/robot_msg/include/robot_msg/robot_msg/msg/sound_location.h
-- Installing: /home/sunrise/TWStateMachine/install/robot_msg/include/robot_msg/robot_msg/msg/speech_data.h
-- Installing: /home/sunrise/TWStateMachine/install/robot_msg/include/robot_msg/robot_msg/msg/speaker_identity.h
-- Installing: /home/sunrise/TWStateMachine/install/robot_msg/share/robot_msg/environment/library_path.sh
-- Installing: /home/sunrise/TWStateMachine/install/robot_msg/share/robot_msg/environment/library_path.dsv
-- Installing: /home/sunrise/TWStateMachine/install/robot_msg/lib/librobot_msg__rosidl_generator_c.so
-- Set runtime path of "/home/sunrise/TWStateMachine/install/robot_msg/lib/librobot_msg__rosidl_generator_c.so" to ""
-- Up-to-date: /home/sunrise/TWStateMachine/install/robot_msg/include/robot_msg/robot_msg
-- Up-to-date: /home/sunrise/TWStateMachine/install/robot_msg/include/robot_msg/robot_msg/srv
-- Up-to-date: /home/sunrise/TWStateMachine/install/robot_msg/include/robot_msg/robot_msg/srv/detail
-- Installing: /home/sunrise/TWStateMachine/install/robot_msg/include/robot_msg/robot_msg/srv/detail/get_temperature_and_humidity__rosidl_typesupport_fastrtps_c.h
-- Installing: /home/sunrise/TWStateMachine/install/robot_msg/include/robot_msg/robot_msg/srv/detail/cloud_command__rosidl_typesupport_fastrtps_c.h
-- Up-to-date: /home/sunrise/TWStateMachine/install/robot_msg/include/robot_msg/robot_msg/msg
-- Up-to-date: /home/sunrise/TWStateMachine/install/robot_msg/include/robot_msg/robot_msg/msg/detail
-- Installing: /home/sunrise/TWStateMachine/install/robot_msg/include/robot_msg/robot_msg/msg/detail/speaker_identity__rosidl_typesupport_fastrtps_c.h
-- Installing: /home/sunrise/TWStateMachine/install/robot_msg/include/robot_msg/robot_msg/msg/detail/processed_speech__rosidl_typesupport_fastrtps_c.h
-- Installing: /home/sunrise/TWStateMachine/install/robot_msg/include/robot_msg/robot_msg/msg/detail/speech_data__rosidl_typesupport_fastrtps_c.h
-- Installing: /home/sunrise/TWStateMachine/install/robot_msg/include/robot_msg/robot_msg/msg/detail/sound_location__rosidl_typesupport_fastrtps_c.h
-- Installing: /home/sunrise/TWStateMachine/install/robot_msg/include/robot_msg/robot_msg/msg/detail/extreme_sensor_alert__rosidl_typesupport_fastrtps_c.h
-- Installing: /home/sunrise/TWStateMachine/install/robot_msg/include/robot_msg/robot_msg/msg/detail/sound_type__rosidl_typesupport_fastrtps_c.h
-- Installing: /home/sunrise/TWStateMachine/install/robot_msg/include/robot_msg/robot_msg/msg/rosidl_typesupport_fastrtps_c__visibility_control.h
-- Installing: /home/sunrise/TWStateMachine/install/robot_msg/lib/librobot_msg__rosidl_typesupport_fastrtps_c.so
-- Set runtime path of "/home/sunrise/TWStateMachine/install/robot_msg/lib/librobot_msg__rosidl_typesupport_fastrtps_c.so" to ""
-- Up-to-date: /home/sunrise/TWStateMachine/install/robot_msg/include/robot_msg/robot_msg
-- Up-to-date: /home/sunrise/TWStateMachine/install/robot_msg/include/robot_msg/robot_msg/srv
-- Up-to-date: /home/sunrise/TWStateMachine/install/robot_msg/include/robot_msg/robot_msg/srv/detail
-- Installing: /home/sunrise/TWStateMachine/install/robot_msg/include/robot_msg/robot_msg/srv/detail/cloud_command__rosidl_typesupport_introspection_c.h
-- Installing: /home/sunrise/TWStateMachine/install/robot_msg/include/robot_msg/robot_msg/srv/detail/cloud_command__type_support.c
-- Installing: /home/sunrise/TWStateMachine/install/robot_msg/include/robot_msg/robot_msg/srv/detail/get_temperature_and_humidity__rosidl_typesupport_introspection_c.h
-- Installing: /home/sunrise/TWStateMachine/install/robot_msg/include/robot_msg/robot_msg/srv/detail/get_temperature_and_humidity__type_support.c
-- Up-to-date: /home/sunrise/TWStateMachine/install/robot_msg/include/robot_msg/robot_msg/msg
-- Up-to-date: /home/sunrise/TWStateMachine/install/robot_msg/include/robot_msg/robot_msg/msg/detail
-- Installing: /home/sunrise/TWStateMachine/install/robot_msg/include/robot_msg/robot_msg/msg/detail/speech_data__rosidl_typesupport_introspection_c.h
-- Installing: /home/sunrise/TWStateMachine/install/robot_msg/include/robot_msg/robot_msg/msg/detail/extreme_sensor_alert__type_support.c
-- Installing: /home/sunrise/TWStateMachine/install/robot_msg/include/robot_msg/robot_msg/msg/detail/speech_data__type_support.c
-- Installing: /home/sunrise/TWStateMachine/install/robot_msg/include/robot_msg/robot_msg/msg/detail/sound_type__type_support.c
-- Installing: /home/sunrise/TWStateMachine/install/robot_msg/include/robot_msg/robot_msg/msg/detail/speaker_identity__type_support.c
-- Installing: /home/sunrise/TWStateMachine/install/robot_msg/include/robot_msg/robot_msg/msg/detail/speaker_identity__rosidl_typesupport_introspection_c.h
-- Installing: /home/sunrise/TWStateMachine/install/robot_msg/include/robot_msg/robot_msg/msg/detail/sound_type__rosidl_typesupport_introspection_c.h
-- Installing: /home/sunrise/TWStateMachine/install/robot_msg/include/robot_msg/robot_msg/msg/detail/processed_speech__rosidl_typesupport_introspection_c.h
-- Installing: /home/sunrise/TWStateMachine/install/robot_msg/include/robot_msg/robot_msg/msg/detail/sound_location__type_support.c
-- Installing: /home/sunrise/TWStateMachine/install/robot_msg/include/robot_msg/robot_msg/msg/detail/extreme_sensor_alert__rosidl_typesupport_introspection_c.h
-- Installing: /home/sunrise/TWStateMachine/install/robot_msg/include/robot_msg/robot_msg/msg/detail/sound_location__rosidl_typesupport_introspection_c.h
-- Installing: /home/sunrise/TWStateMachine/install/robot_msg/include/robot_msg/robot_msg/msg/detail/processed_speech__type_support.c
-- Installing: /home/sunrise/TWStateMachine/install/robot_msg/include/robot_msg/robot_msg/msg/rosidl_typesupport_introspection_c__visibility_control.h
-- Installing: /home/sunrise/TWStateMachine/install/robot_msg/lib/librobot_msg__rosidl_typesupport_introspection_c.so
-- Set runtime path of "/home/sunrise/TWStateMachine/install/robot_msg/lib/librobot_msg__rosidl_typesupport_introspection_c.so" to ""
-- Installing: /home/sunrise/TWStateMachine/install/robot_msg/lib/librobot_msg__rosidl_typesupport_c.so
-- Set runtime path of "/home/sunrise/TWStateMachine/install/robot_msg/lib/librobot_msg__rosidl_typesupport_c.so" to ""
-- Up-to-date: /home/sunrise/TWStateMachine/install/robot_msg/include/robot_msg/robot_msg
-- Up-to-date: /home/sunrise/TWStateMachine/install/robot_msg/include/robot_msg/robot_msg/srv
-- Up-to-date: /home/sunrise/TWStateMachine/install/robot_msg/include/robot_msg/robot_msg/srv/detail
-- Installing: /home/sunrise/TWStateMachine/install/robot_msg/include/robot_msg/robot_msg/srv/detail/get_temperature_and_humidity__traits.hpp
-- Installing: /home/sunrise/TWStateMachine/install/robot_msg/include/robot_msg/robot_msg/srv/detail/cloud_command__type_support.hpp
-- Installing: /home/sunrise/TWStateMachine/install/robot_msg/include/robot_msg/robot_msg/srv/detail/cloud_command__struct.hpp
-- Installing: /home/sunrise/TWStateMachine/install/robot_msg/include/robot_msg/robot_msg/srv/detail/get_temperature_and_humidity__builder.hpp
-- Installing: /home/sunrise/TWStateMachine/install/robot_msg/include/robot_msg/robot_msg/srv/detail/get_temperature_and_humidity__struct.hpp
-- Installing: /home/sunrise/TWStateMachine/install/robot_msg/include/robot_msg/robot_msg/srv/detail/cloud_command__traits.hpp
-- Installing: /home/sunrise/TWStateMachine/install/robot_msg/include/robot_msg/robot_msg/srv/detail/get_temperature_and_humidity__type_support.hpp
-- Installing: /home/sunrise/TWStateMachine/install/robot_msg/include/robot_msg/robot_msg/srv/detail/cloud_command__builder.hpp
-- Installing: /home/sunrise/TWStateMachine/install/robot_msg/include/robot_msg/robot_msg/srv/get_temperature_and_humidity.hpp
-- Installing: /home/sunrise/TWStateMachine/install/robot_msg/include/robot_msg/robot_msg/srv/cloud_command.hpp
-- Up-to-date: /home/sunrise/TWStateMachine/install/robot_msg/include/robot_msg/robot_msg/msg
-- Installing: /home/sunrise/TWStateMachine/install/robot_msg/include/robot_msg/robot_msg/msg/rosidl_generator_cpp__visibility_control.hpp
-- Installing: /home/sunrise/TWStateMachine/install/robot_msg/include/robot_msg/robot_msg/msg/sound_type.hpp
-- Up-to-date: /home/sunrise/TWStateMachine/install/robot_msg/include/robot_msg/robot_msg/msg/detail
-- Installing: /home/sunrise/TWStateMachine/install/robot_msg/include/robot_msg/robot_msg/msg/detail/speaker_identity__struct.hpp
-- Installing: /home/sunrise/TWStateMachine/install/robot_msg/include/robot_msg/robot_msg/msg/detail/sound_type__traits.hpp
-- Installing: /home/sunrise/TWStateMachine/install/robot_msg/include/robot_msg/robot_msg/msg/detail/speaker_identity__type_support.hpp
-- Installing: /home/sunrise/TWStateMachine/install/robot_msg/include/robot_msg/robot_msg/msg/detail/sound_location__struct.hpp
-- Installing: /home/sunrise/TWStateMachine/install/robot_msg/include/robot_msg/robot_msg/msg/detail/sound_location__builder.hpp
-- Installing: /home/sunrise/TWStateMachine/install/robot_msg/include/robot_msg/robot_msg/msg/detail/speaker_identity__traits.hpp
-- Installing: /home/sunrise/TWStateMachine/install/robot_msg/include/robot_msg/robot_msg/msg/detail/processed_speech__builder.hpp
-- Installing: /home/sunrise/TWStateMachine/install/robot_msg/include/robot_msg/robot_msg/msg/detail/speech_data__type_support.hpp
-- Installing: /home/sunrise/TWStateMachine/install/robot_msg/include/robot_msg/robot_msg/msg/detail/extreme_sensor_alert__struct.hpp
-- Installing: /home/sunrise/TWStateMachine/install/robot_msg/include/robot_msg/robot_msg/msg/detail/processed_speech__traits.hpp
-- Installing: /home/sunrise/TWStateMachine/install/robot_msg/include/robot_msg/robot_msg/msg/detail/extreme_sensor_alert__type_support.hpp
-- Installing: /home/sunrise/TWStateMachine/install/robot_msg/include/robot_msg/robot_msg/msg/detail/sound_location__type_support.hpp
-- Installing: /home/sunrise/TWStateMachine/install/robot_msg/include/robot_msg/robot_msg/msg/detail/speech_data__traits.hpp
-- Installing: /home/sunrise/TWStateMachine/install/robot_msg/include/robot_msg/robot_msg/msg/detail/processed_speech__struct.hpp
-- Installing: /home/sunrise/TWStateMachine/install/robot_msg/include/robot_msg/robot_msg/msg/detail/sound_type__struct.hpp
-- Installing: /home/sunrise/TWStateMachine/install/robot_msg/include/robot_msg/robot_msg/msg/detail/sound_type__type_support.hpp
-- Installing: /home/sunrise/TWStateMachine/install/robot_msg/include/robot_msg/robot_msg/msg/detail/extreme_sensor_alert__builder.hpp
-- Installing: /home/sunrise/TWStateMachine/install/robot_msg/include/robot_msg/robot_msg/msg/detail/processed_speech__type_support.hpp
-- Installing: /home/sunrise/TWStateMachine/install/robot_msg/include/robot_msg/robot_msg/msg/detail/sound_location__traits.hpp
-- Installing: /home/sunrise/TWStateMachine/install/robot_msg/include/robot_msg/robot_msg/msg/detail/sound_type__builder.hpp
-- Installing: /home/sunrise/TWStateMachine/install/robot_msg/include/robot_msg/robot_msg/msg/detail/speech_data__builder.hpp
-- Installing: /home/sunrise/TWStateMachine/install/robot_msg/include/robot_msg/robot_msg/msg/detail/extreme_sensor_alert__traits.hpp
-- Installing: /home/sunrise/TWStateMachine/install/robot_msg/include/robot_msg/robot_msg/msg/detail/speech_data__struct.hpp
-- Installing: /home/sunrise/TWStateMachine/install/robot_msg/include/robot_msg/robot_msg/msg/detail/speaker_identity__builder.hpp
-- Installing: /home/sunrise/TWStateMachine/install/robot_msg/include/robot_msg/robot_msg/msg/processed_speech.hpp
-- Installing: /home/sunrise/TWStateMachine/install/robot_msg/include/robot_msg/robot_msg/msg/sound_location.hpp
-- Installing: /home/sunrise/TWStateMachine/install/robot_msg/include/robot_msg/robot_msg/msg/speech_data.hpp
-- Installing: /home/sunrise/TWStateMachine/install/robot_msg/include/robot_msg/robot_msg/msg/extreme_sensor_alert.hpp
-- Installing: /home/sunrise/TWStateMachine/install/robot_msg/include/robot_msg/robot_msg/msg/speaker_identity.hpp
-- Up-to-date: /home/sunrise/TWStateMachine/install/robot_msg/include/robot_msg/robot_msg
-- Up-to-date: /home/sunrise/TWStateMachine/install/robot_msg/include/robot_msg/robot_msg/srv
-- Up-to-date: /home/sunrise/TWStateMachine/install/robot_msg/include/robot_msg/robot_msg/srv/detail
-- Installing: /home/sunrise/TWStateMachine/install/robot_msg/include/robot_msg/robot_msg/srv/detail/dds_fastrtps
-- Installing: /home/sunrise/TWStateMachine/install/robot_msg/include/robot_msg/robot_msg/srv/detail/get_temperature_and_humidity__rosidl_typesupport_fastrtps_cpp.hpp
-- Installing: /home/sunrise/TWStateMachine/install/robot_msg/include/robot_msg/robot_msg/srv/detail/cloud_command__rosidl_typesupport_fastrtps_cpp.hpp
-- Up-to-date: /home/sunrise/TWStateMachine/install/robot_msg/include/robot_msg/robot_msg/msg
-- Up-to-date: /home/sunrise/TWStateMachine/install/robot_msg/include/robot_msg/robot_msg/msg/detail
-- Installing: /home/sunrise/TWStateMachine/install/robot_msg/include/robot_msg/robot_msg/msg/detail/sound_location__rosidl_typesupport_fastrtps_cpp.hpp
-- Installing: /home/sunrise/TWStateMachine/install/robot_msg/include/robot_msg/robot_msg/msg/detail/dds_fastrtps
-- Installing: /home/sunrise/TWStateMachine/install/robot_msg/include/robot_msg/robot_msg/msg/detail/sound_type__rosidl_typesupport_fastrtps_cpp.hpp
-- Installing: /home/sunrise/TWStateMachine/install/robot_msg/include/robot_msg/robot_msg/msg/detail/processed_speech__rosidl_typesupport_fastrtps_cpp.hpp
-- Installing: /home/sunrise/TWStateMachine/install/robot_msg/include/robot_msg/robot_msg/msg/detail/extreme_sensor_alert__rosidl_typesupport_fastrtps_cpp.hpp
-- Installing: /home/sunrise/TWStateMachine/install/robot_msg/include/robot_msg/robot_msg/msg/detail/speaker_identity__rosidl_typesupport_fastrtps_cpp.hpp
-- Installing: /home/sunrise/TWStateMachine/install/robot_msg/include/robot_msg/robot_msg/msg/detail/speech_data__rosidl_typesupport_fastrtps_cpp.hpp
-- Installing: /home/sunrise/TWStateMachine/install/robot_msg/include/robot_msg/robot_msg/msg/rosidl_typesupport_fastrtps_cpp__visibility_control.h
-- Installing: /home/sunrise/TWStateMachine/install/robot_msg/lib/librobot_msg__rosidl_typesupport_fastrtps_cpp.so
-- Set runtime path of "/home/sunrise/TWStateMachine/install/robot_msg/lib/librobot_msg__rosidl_typesupport_fastrtps_cpp.so" to ""
-- Up-to-date: /home/sunrise/TWStateMachine/install/robot_msg/include/robot_msg/robot_msg
-- Up-to-date: /home/sunrise/TWStateMachine/install/robot_msg/include/robot_msg/robot_msg/srv
-- Up-to-date: /home/sunrise/TWStateMachine/install/robot_msg/include/robot_msg/robot_msg/srv/detail
-- Installing: /home/sunrise/TWStateMachine/install/robot_msg/include/robot_msg/robot_msg/srv/detail/cloud_command__rosidl_typesupport_introspection_cpp.hpp
-- Installing: /home/sunrise/TWStateMachine/install/robot_msg/include/robot_msg/robot_msg/srv/detail/get_temperature_and_humidity__type_support.cpp
-- Installing: /home/sunrise/TWStateMachine/install/robot_msg/include/robot_msg/robot_msg/srv/detail/cloud_command__type_support.cpp
-- Installing: /home/sunrise/TWStateMachine/install/robot_msg/include/robot_msg/robot_msg/srv/detail/get_temperature_and_humidity__rosidl_typesupport_introspection_cpp.hpp
-- Up-to-date: /home/sunrise/TWStateMachine/install/robot_msg/include/robot_msg/robot_msg/msg
-- Up-to-date: /home/sunrise/TWStateMachine/install/robot_msg/include/robot_msg/robot_msg/msg/detail
-- Installing: /home/sunrise/TWStateMachine/install/robot_msg/include/robot_msg/robot_msg/msg/detail/speaker_identity__rosidl_typesupport_introspection_cpp.hpp
-- Installing: /home/sunrise/TWStateMachine/install/robot_msg/include/robot_msg/robot_msg/msg/detail/sound_type__type_support.cpp
-- Installing: /home/sunrise/TWStateMachine/install/robot_msg/include/robot_msg/robot_msg/msg/detail/sound_location__type_support.cpp
-- Installing: /home/sunrise/TWStateMachine/install/robot_msg/include/robot_msg/robot_msg/msg/detail/sound_location__rosidl_typesupport_introspection_cpp.hpp
-- Installing: /home/sunrise/TWStateMachine/install/robot_msg/include/robot_msg/robot_msg/msg/detail/speech_data__type_support.cpp
-- Installing: /home/sunrise/TWStateMachine/install/robot_msg/include/robot_msg/robot_msg/msg/detail/extreme_sensor_alert__type_support.cpp
-- Installing: /home/sunrise/TWStateMachine/install/robot_msg/include/robot_msg/robot_msg/msg/detail/processed_speech__type_support.cpp
-- Installing: /home/sunrise/TWStateMachine/install/robot_msg/include/robot_msg/robot_msg/msg/detail/sound_type__rosidl_typesupport_introspection_cpp.hpp
-- Installing: /home/sunrise/TWStateMachine/install/robot_msg/include/robot_msg/robot_msg/msg/detail/speaker_identity__type_support.cpp
-- Installing: /home/sunrise/TWStateMachine/install/robot_msg/include/robot_msg/robot_msg/msg/detail/speech_data__rosidl_typesupport_introspection_cpp.hpp
-- Installing: /home/sunrise/TWStateMachine/install/robot_msg/include/robot_msg/robot_msg/msg/detail/processed_speech__rosidl_typesupport_introspection_cpp.hpp
-- Installing: /home/sunrise/TWStateMachine/install/robot_msg/include/robot_msg/robot_msg/msg/detail/extreme_sensor_alert__rosidl_typesupport_introspection_cpp.hpp
-- Installing: /home/sunrise/TWStateMachine/install/robot_msg/lib/librobot_msg__rosidl_typesupport_introspection_cpp.so
-- Set runtime path of "/home/sunrise/TWStateMachine/install/robot_msg/lib/librobot_msg__rosidl_typesupport_introspection_cpp.so" to ""
-- Installing: /home/sunrise/TWStateMachine/install/robot_msg/lib/librobot_msg__rosidl_typesupport_cpp.so
-- Set runtime path of "/home/sunrise/TWStateMachine/install/robot_msg/lib/librobot_msg__rosidl_typesupport_cpp.so" to ""
-- Installing: /home/sunrise/TWStateMachine/install/robot_msg/share/robot_msg/environment/pythonpath.sh
-- Installing: /home/sunrise/TWStateMachine/install/robot_msg/share/robot_msg/environment/pythonpath.dsv
-- Installing: /home/sunrise/TWStateMachine/install/robot_msg/local/lib/python3.10/dist-packages/robot_msg-0.0.0-py3.10.egg-info
-- Installing: /home/sunrise/TWStateMachine/install/robot_msg/local/lib/python3.10/dist-packages/robot_msg-0.0.0-py3.10.egg-info/SOURCES.txt
-- Installing: /home/sunrise/TWStateMachine/install/robot_msg/local/lib/python3.10/dist-packages/robot_msg-0.0.0-py3.10.egg-info/dependency_links.txt
-- Installing: /home/sunrise/TWStateMachine/install/robot_msg/local/lib/python3.10/dist-packages/robot_msg-0.0.0-py3.10.egg-info/top_level.txt
-- Installing: /home/sunrise/TWStateMachine/install/robot_msg/local/lib/python3.10/dist-packages/robot_msg-0.0.0-py3.10.egg-info/PKG-INFO
-- Installing: /home/sunrise/TWStateMachine/install/robot_msg/local/lib/python3.10/dist-packages/robot_msg
-- Installing: /home/sunrise/TWStateMachine/install/robot_msg/local/lib/python3.10/dist-packages/robot_msg/srv
-- Installing: /home/sunrise/TWStateMachine/install/robot_msg/local/lib/python3.10/dist-packages/robot_msg/srv/_cloud_command.py
-- Installing: /home/sunrise/TWStateMachine/install/robot_msg/local/lib/python3.10/dist-packages/robot_msg/srv/_cloud_command_s.c
-- Installing: /home/sunrise/TWStateMachine/install/robot_msg/local/lib/python3.10/dist-packages/robot_msg/srv/_get_temperature_and_humidity_s.c
-- Installing: /home/sunrise/TWStateMachine/install/robot_msg/local/lib/python3.10/dist-packages/robot_msg/srv/__init__.py
-- Installing: /home/sunrise/TWStateMachine/install/robot_msg/local/lib/python3.10/dist-packages/robot_msg/srv/_get_temperature_and_humidity.py
-- Installing: /home/sunrise/TWStateMachine/install/robot_msg/local/lib/python3.10/dist-packages/robot_msg/_robot_msg_s.ep.rosidl_typesupport_fastrtps_c.c
-- Installing: /home/sunrise/TWStateMachine/install/robot_msg/local/lib/python3.10/dist-packages/robot_msg/librobot_msg__rosidl_generator_py.so
-- Installing: /home/sunrise/TWStateMachine/install/robot_msg/local/lib/python3.10/dist-packages/robot_msg/robot_msg_s__rosidl_typesupport_c.cpython-310-aarch64-linux-gnu.so
-- Installing: /home/sunrise/TWStateMachine/install/robot_msg/local/lib/python3.10/dist-packages/robot_msg/_robot_msg_s.ep.rosidl_typesupport_introspection_c.c
-- Installing: /home/sunrise/TWStateMachine/install/robot_msg/local/lib/python3.10/dist-packages/robot_msg/robot_msg_s__rosidl_typesupport_introspection_c.cpython-310-aarch64-linux-gnu.so
-- Installing: /home/sunrise/TWStateMachine/install/robot_msg/local/lib/python3.10/dist-packages/robot_msg/__init__.py
-- Installing: /home/sunrise/TWStateMachine/install/robot_msg/local/lib/python3.10/dist-packages/robot_msg/msg
-- Installing: /home/sunrise/TWStateMachine/install/robot_msg/local/lib/python3.10/dist-packages/robot_msg/msg/_speaker_identity.py
-- Installing: /home/sunrise/TWStateMachine/install/robot_msg/local/lib/python3.10/dist-packages/robot_msg/msg/_sound_location_s.c
-- Installing: /home/sunrise/TWStateMachine/install/robot_msg/local/lib/python3.10/dist-packages/robot_msg/msg/_sound_location.py
-- Installing: /home/sunrise/TWStateMachine/install/robot_msg/local/lib/python3.10/dist-packages/robot_msg/msg/_sound_type.py
-- Installing: /home/sunrise/TWStateMachine/install/robot_msg/local/lib/python3.10/dist-packages/robot_msg/msg/_extreme_sensor_alert_s.c
-- Installing: /home/sunrise/TWStateMachine/install/robot_msg/local/lib/python3.10/dist-packages/robot_msg/msg/_speech_data_s.c
-- Installing: /home/sunrise/TWStateMachine/install/robot_msg/local/lib/python3.10/dist-packages/robot_msg/msg/_extreme_sensor_alert.py
-- Installing: /home/sunrise/TWStateMachine/install/robot_msg/local/lib/python3.10/dist-packages/robot_msg/msg/_processed_speech.py
-- Installing: /home/sunrise/TWStateMachine/install/robot_msg/local/lib/python3.10/dist-packages/robot_msg/msg/_sound_type_s.c
-- Installing: /home/sunrise/TWStateMachine/install/robot_msg/local/lib/python3.10/dist-packages/robot_msg/msg/__init__.py
-- Installing: /home/sunrise/TWStateMachine/install/robot_msg/local/lib/python3.10/dist-packages/robot_msg/msg/_speaker_identity_s.c
-- Installing: /home/sunrise/TWStateMachine/install/robot_msg/local/lib/python3.10/dist-packages/robot_msg/msg/_processed_speech_s.c
-- Installing: /home/sunrise/TWStateMachine/install/robot_msg/local/lib/python3.10/dist-packages/robot_msg/msg/_speech_data.py
-- Installing: /home/sunrise/TWStateMachine/install/robot_msg/local/lib/python3.10/dist-packages/robot_msg/_robot_msg_s.ep.rosidl_typesupport_c.c
-- Installing: /home/sunrise/TWStateMachine/install/robot_msg/local/lib/python3.10/dist-packages/robot_msg/robot_msg_s__rosidl_typesupport_fastrtps_c.cpython-310-aarch64-linux-gnu.so
Listing '/home/sunrise/TWStateMachine/install/robot_msg/local/lib/python3.10/dist-packages/robot_msg'...
Compiling '/home/sunrise/TWStateMachine/install/robot_msg/local/lib/python3.10/dist-packages/robot_msg/__init__.py'...
Listing '/home/sunrise/TWStateMachine/install/robot_msg/local/lib/python3.10/dist-packages/robot_msg/msg'...
Compiling '/home/sunrise/TWStateMachine/install/robot_msg/local/lib/python3.10/dist-packages/robot_msg/msg/__init__.py'...
Compiling '/home/sunrise/TWStateMachine/install/robot_msg/local/lib/python3.10/dist-packages/robot_msg/msg/_extreme_sensor_alert.py'...
Compiling '/home/sunrise/TWStateMachine/install/robot_msg/local/lib/python3.10/dist-packages/robot_msg/msg/_processed_speech.py'...
Compiling '/home/sunrise/TWStateMachine/install/robot_msg/local/lib/python3.10/dist-packages/robot_msg/msg/_sound_location.py'...
Compiling '/home/sunrise/TWStateMachine/install/robot_msg/local/lib/python3.10/dist-packages/robot_msg/msg/_sound_type.py'...
Compiling '/home/sunrise/TWStateMachine/install/robot_msg/local/lib/python3.10/dist-packages/robot_msg/msg/_speaker_identity.py'...
Compiling '/home/sunrise/TWStateMachine/install/robot_msg/local/lib/python3.10/dist-packages/robot_msg/msg/_speech_data.py'...
Listing '/home/sunrise/TWStateMachine/install/robot_msg/local/lib/python3.10/dist-packages/robot_msg/srv'...
Compiling '/home/sunrise/TWStateMachine/install/robot_msg/local/lib/python3.10/dist-packages/robot_msg/srv/__init__.py'...
Compiling '/home/sunrise/TWStateMachine/install/robot_msg/local/lib/python3.10/dist-packages/robot_msg/srv/_cloud_command.py'...
Compiling '/home/sunrise/TWStateMachine/install/robot_msg/local/lib/python3.10/dist-packages/robot_msg/srv/_get_temperature_and_humidity.py'...
-- Installing: /home/sunrise/TWStateMachine/install/robot_msg/local/lib/python3.10/dist-packages/robot_msg/robot_msg_s__rosidl_typesupport_fastrtps_c.cpython-310-aarch64-linux-gnu.so
-- Set runtime path of "/home/sunrise/TWStateMachine/install/robot_msg/local/lib/python3.10/dist-packages/robot_msg/robot_msg_s__rosidl_typesupport_fastrtps_c.cpython-310-aarch64-linux-gnu.so" to ""
-- Installing: /home/sunrise/TWStateMachine/install/robot_msg/local/lib/python3.10/dist-packages/robot_msg/robot_msg_s__rosidl_typesupport_introspection_c.cpython-310-aarch64-linux-gnu.so
-- Set runtime path of "/home/sunrise/TWStateMachine/install/robot_msg/local/lib/python3.10/dist-packages/robot_msg/robot_msg_s__rosidl_typesupport_introspection_c.cpython-310-aarch64-linux-gnu.so" to ""
-- Installing: /home/sunrise/TWStateMachine/install/robot_msg/local/lib/python3.10/dist-packages/robot_msg/robot_msg_s__rosidl_typesupport_c.cpython-310-aarch64-linux-gnu.so
-- Set runtime path of "/home/sunrise/TWStateMachine/install/robot_msg/local/lib/python3.10/dist-packages/robot_msg/robot_msg_s__rosidl_typesupport_c.cpython-310-aarch64-linux-gnu.so" to ""
-- Installing: /home/sunrise/TWStateMachine/install/robot_msg/lib/librobot_msg__rosidl_generator_py.so
-- Set runtime path of "/home/sunrise/TWStateMachine/install/robot_msg/lib/librobot_msg__rosidl_generator_py.so" to ""
-- Installing: /home/sunrise/TWStateMachine/install/robot_msg/share/robot_msg/msg/SpeechData.idl
-- Installing: /home/sunrise/TWStateMachine/install/robot_msg/share/robot_msg/msg/SoundLocation.idl
-- Installing: /home/sunrise/TWStateMachine/install/robot_msg/share/robot_msg/msg/ProcessedSpeech.idl
-- Installing: /home/sunrise/TWStateMachine/install/robot_msg/share/robot_msg/msg/SoundType.idl
-- Installing: /home/sunrise/TWStateMachine/install/robot_msg/share/robot_msg/msg/SpeakerIdentity.idl
-- Installing: /home/sunrise/TWStateMachine/install/robot_msg/share/robot_msg/msg/ExtremeSensorAlert.idl
-- Installing: /home/sunrise/TWStateMachine/install/robot_msg/share/robot_msg/srv/GetTemperatureAndHumidity.idl
-- Installing: /home/sunrise/TWStateMachine/install/robot_msg/share/robot_msg/srv/CloudCommand.idl
-- Installing: /home/sunrise/TWStateMachine/install/robot_msg/share/robot_msg/msg/SpeechData.msg
-- Installing: /home/sunrise/TWStateMachine/install/robot_msg/share/robot_msg/msg/SoundLocation.msg
-- Installing: /home/sunrise/TWStateMachine/install/robot_msg/share/robot_msg/msg/ProcessedSpeech.msg
-- Installing: /home/sunrise/TWStateMachine/install/robot_msg/share/robot_msg/msg/SoundType.msg
-- Installing: /home/sunrise/TWStateMachine/install/robot_msg/share/robot_msg/msg/SpeakerIdentity.msg
-- Installing: /home/sunrise/TWStateMachine/install/robot_msg/share/robot_msg/msg/ExtremeSensorAlert.msg
-- Installing: /home/sunrise/TWStateMachine/install/robot_msg/share/robot_msg/srv/GetTemperatureAndHumidity.srv
-- Installing: /home/sunrise/TWStateMachine/install/robot_msg/share/robot_msg/srv/GetTemperatureAndHumidity_Request.msg
-- Installing: /home/sunrise/TWStateMachine/install/robot_msg/share/robot_msg/srv/GetTemperatureAndHumidity_Response.msg
-- Installing: /home/sunrise/TWStateMachine/install/robot_msg/share/robot_msg/srv/CloudCommand.srv
-- Installing: /home/sunrise/TWStateMachine/install/robot_msg/share/robot_msg/srv/CloudCommand_Request.msg
-- Installing: /home/sunrise/TWStateMachine/install/robot_msg/share/robot_msg/srv/CloudCommand_Response.msg
-- Installing: /home/sunrise/TWStateMachine/install/robot_msg/share/ament_index/resource_index/package_run_dependencies/robot_msg
-- Installing: /home/sunrise/TWStateMachine/install/robot_msg/share/ament_index/resource_index/parent_prefix_path/robot_msg
-- Installing: /home/sunrise/TWStateMachine/install/robot_msg/share/robot_msg/environment/ament_prefix_path.sh
-- Installing: /home/sunrise/TWStateMachine/install/robot_msg/share/robot_msg/environment/ament_prefix_path.dsv
-- Installing: /home/sunrise/TWStateMachine/install/robot_msg/share/robot_msg/environment/path.sh
-- Installing: /home/sunrise/TWStateMachine/install/robot_msg/share/robot_msg/environment/path.dsv
-- Installing: /home/sunrise/TWStateMachine/install/robot_msg/share/robot_msg/local_setup.bash
-- Installing: /home/sunrise/TWStateMachine/install/robot_msg/share/robot_msg/local_setup.sh
-- Installing: /home/sunrise/TWStateMachine/install/robot_msg/share/robot_msg/local_setup.zsh
-- Installing: /home/sunrise/TWStateMachine/install/robot_msg/share/robot_msg/local_setup.dsv
-- Installing: /home/sunrise/TWStateMachine/install/robot_msg/share/robot_msg/package.dsv
-- Installing: /home/sunrise/TWStateMachine/install/robot_msg/share/ament_index/resource_index/packages/robot_msg
-- Installing: /home/sunrise/TWStateMachine/install/robot_msg/share/robot_msg/cmake/export_robot_msg__rosidl_generator_cExport.cmake
-- Installing: /home/sunrise/TWStateMachine/install/robot_msg/share/robot_msg/cmake/export_robot_msg__rosidl_generator_cExport-noconfig.cmake
-- Installing: /home/sunrise/TWStateMachine/install/robot_msg/share/robot_msg/cmake/export_robot_msg__rosidl_typesupport_fastrtps_cExport.cmake
-- Installing: /home/sunrise/TWStateMachine/install/robot_msg/share/robot_msg/cmake/export_robot_msg__rosidl_typesupport_fastrtps_cExport-noconfig.cmake
-- Installing: /home/sunrise/TWStateMachine/install/robot_msg/share/robot_msg/cmake/robot_msg__rosidl_typesupport_introspection_cExport.cmake
-- Installing: /home/sunrise/TWStateMachine/install/robot_msg/share/robot_msg/cmake/robot_msg__rosidl_typesupport_introspection_cExport-noconfig.cmake
-- Installing: /home/sunrise/TWStateMachine/install/robot_msg/share/robot_msg/cmake/robot_msg__rosidl_typesupport_cExport.cmake
-- Installing: /home/sunrise/TWStateMachine/install/robot_msg/share/robot_msg/cmake/robot_msg__rosidl_typesupport_cExport-noconfig.cmake
-- Installing: /home/sunrise/TWStateMachine/install/robot_msg/share/robot_msg/cmake/export_robot_msg__rosidl_generator_cppExport.cmake
-- Installing: /home/sunrise/TWStateMachine/install/robot_msg/share/robot_msg/cmake/export_robot_msg__rosidl_typesupport_fastrtps_cppExport.cmake
-- Installing: /home/sunrise/TWStateMachine/install/robot_msg/share/robot_msg/cmake/export_robot_msg__rosidl_typesupport_fastrtps_cppExport-noconfig.cmake
-- Installing: /home/sunrise/TWStateMachine/install/robot_msg/share/robot_msg/cmake/robot_msg__rosidl_typesupport_introspection_cppExport.cmake
-- Installing: /home/sunrise/TWStateMachine/install/robot_msg/share/robot_msg/cmake/robot_msg__rosidl_typesupport_introspection_cppExport-noconfig.cmake
-- Installing: /home/sunrise/TWStateMachine/install/robot_msg/share/robot_msg/cmake/robot_msg__rosidl_typesupport_cppExport.cmake
-- Installing: /home/sunrise/TWStateMachine/install/robot_msg/share/robot_msg/cmake/robot_msg__rosidl_typesupport_cppExport-noconfig.cmake
-- Installing: /home/sunrise/TWStateMachine/install/robot_msg/share/robot_msg/cmake/export_robot_msg__rosidl_generator_pyExport.cmake
-- Installing: /home/sunrise/TWStateMachine/install/robot_msg/share/robot_msg/cmake/export_robot_msg__rosidl_generator_pyExport-noconfig.cmake
-- Installing: /home/sunrise/TWStateMachine/install/robot_msg/share/robot_msg/cmake/rosidl_cmake-extras.cmake
-- Installing: /home/sunrise/TWStateMachine/install/robot_msg/share/robot_msg/cmake/ament_cmake_export_dependencies-extras.cmake
-- Installing: /home/sunrise/TWStateMachine/install/robot_msg/share/robot_msg/cmake/ament_cmake_export_include_directories-extras.cmake
-- Installing: /home/sunrise/TWStateMachine/install/robot_msg/share/robot_msg/cmake/ament_cmake_export_libraries-extras.cmake
-- Installing: /home/sunrise/TWStateMachine/install/robot_msg/share/robot_msg/cmake/ament_cmake_export_targets-extras.cmake
-- Installing: /home/sunrise/TWStateMachine/install/robot_msg/share/robot_msg/cmake/rosidl_cmake_export_typesupport_targets-extras.cmake
-- Installing: /home/sunrise/TWStateMachine/install/robot_msg/share/robot_msg/cmake/rosidl_cmake_export_typesupport_libraries-extras.cmake
-- Installing: /home/sunrise/TWStateMachine/install/robot_msg/share/robot_msg/cmake/robot_msgConfig.cmake
-- Installing: /home/sunrise/TWStateMachine/install/robot_msg/share/robot_msg/cmake/robot_msgConfig-version.cmake
-- Installing: /home/sunrise/TWStateMachine/install/robot_msg/share/robot_msg/package.xml
