[4.282s] Invoking command in '/home/sunrise/TWStateMachine/src/robot_state_machine': CONDA_PROMPT_MODIFIER=(TWStateMachine) PYTHONPATH=/home/sunrise/TWStateMachine/build/robot_state_machine/prefix_override:/usr/lib/python3/dist-packages/colcon_core/task/python/colcon_distutils_commands:/home/sunrise/TWStateMachine/install/robot_state_machine/lib/python3.10/site-packages:${PYTHONPATH} /usr/bin/python3 -W ignore:setup.py install is deprecated -W ignore:easy_install command is deprecated setup.py egg_info --egg-base ../../build/robot_state_machine build --build-base /home/sunrise/TWStateMachine/build/robot_state_machine/build install --record /home/sunrise/TWStateMachine/build/robot_state_machine/install.log --single-version-externally-managed install_data
[5.852s] running egg_info
[5.955s] writing ../../build/robot_state_machine/robot_state_machine.egg-info/PKG-INFO
[5.958s] writing dependency_links to ../../build/robot_state_machine/robot_state_machine.egg-info/dependency_links.txt
[5.959s] writing entry points to ../../build/robot_state_machine/robot_state_machine.egg-info/entry_points.txt
[5.961s] writing requirements to ../../build/robot_state_machine/robot_state_machine.egg-info/requires.txt
[5.962s] writing top-level names to ../../build/robot_state_machine/robot_state_machine.egg-info/top_level.txt
[6.189s] reading manifest file '../../build/robot_state_machine/robot_state_machine.egg-info/SOURCES.txt'
[6.220s] writing manifest file '../../build/robot_state_machine/robot_state_machine.egg-info/SOURCES.txt'
[6.220s] running build
[6.221s] running build_py
[6.223s] copying robot_state_machine/main_node_online_npy.py -> /home/sunrise/TWStateMachine/build/robot_state_machine/build/lib/robot_state_machine
[6.224s] copying robot_state_machine/robot_pose_solver.py -> /home/sunrise/TWStateMachine/build/robot_state_machine/build/lib/robot_state_machine
[6.226s] copying robot_state_machine/main_node.py -> /home/sunrise/TWStateMachine/build/robot_state_machine/build/lib/robot_state_machine
[6.227s] copying robot_state_machine/search_follow_module.py -> /home/sunrise/TWStateMachine/build/robot_state_machine/build/lib/robot_state_machine
[6.229s] copying robot_state_machine/obstacle_avoidance_module.py -> /home/sunrise/TWStateMachine/build/robot_state_machine/build/lib/robot_state_machine
[6.230s] copying robot_state_machine/mpu_read_parse.py -> /home/sunrise/TWStateMachine/build/robot_state_machine/build/lib/robot_state_machine
[6.231s] copying robot_state_machine/edge_min_hw_pipeline.py -> /home/sunrise/TWStateMachine/build/robot_state_machine/build/lib/robot_state_machine
[6.232s] copying robot_state_machine/follow_module.py -> /home/sunrise/TWStateMachine/build/robot_state_machine/build/lib/robot_state_machine
[6.234s] copying robot_state_machine/search_module.py -> /home/sunrise/TWStateMachine/build/robot_state_machine/build/lib/robot_state_machine
[6.235s] copying robot_state_machine/external_force_state.py -> /home/sunrise/TWStateMachine/build/robot_state_machine/build/lib/robot_state_machine
[6.236s] copying robot_state_machine/online_npy_test.py -> /home/sunrise/TWStateMachine/build/robot_state_machine/build/lib/robot_state_machine
[6.237s] copying robot_state_machine/__init__.py -> /home/sunrise/TWStateMachine/build/robot_state_machine/build/lib/robot_state_machine
[6.238s] copying robot_state_machine/out_node.py -> /home/sunrise/TWStateMachine/build/robot_state_machine/build/lib/robot_state_machine
[6.239s] copying robot_state_machine/main_node_offline_npy.py -> /home/sunrise/TWStateMachine/build/robot_state_machine/build/lib/robot_state_machine
[6.240s] copying robot_state_machine/main_node_offline.py -> /home/sunrise/TWStateMachine/build/robot_state_machine/build/lib/robot_state_machine
[6.242s] copying robot_state_machine/main_node_online_v2.py -> /home/sunrise/TWStateMachine/build/robot_state_machine/build/lib/robot_state_machine
[6.243s] copying robot_state_machine/scan_module.py -> /home/sunrise/TWStateMachine/build/robot_state_machine/build/lib/robot_state_machine
[6.246s] copying robot_state_machine/utils/monitor_npy.py -> /home/sunrise/TWStateMachine/build/robot_state_machine/build/lib/robot_state_machine/utils
[6.247s] copying robot_state_machine/utils/robot_protocol.py -> /home/sunrise/TWStateMachine/build/robot_state_machine/build/lib/robot_state_machine/utils
[6.248s] copying robot_state_machine/utils/cloude_http_client.py -> /home/sunrise/TWStateMachine/build/robot_state_machine/build/lib/robot_state_machine/utils
[6.249s] copying robot_state_machine/utils/mpu_test.py -> /home/sunrise/TWStateMachine/build/robot_state_machine/build/lib/robot_state_machine/utils
[6.250s] copying robot_state_machine/utils/cubic_spline.py -> /home/sunrise/TWStateMachine/build/robot_state_machine/build/lib/robot_state_machine/utils
[6.251s] copying robot_state_machine/utils/robot_protocol_single.py -> /home/sunrise/TWStateMachine/build/robot_state_machine/build/lib/robot_state_machine/utils
[6.253s] copying robot_state_machine/utils/split_npz.py -> /home/sunrise/TWStateMachine/build/robot_state_machine/build/lib/robot_state_machine/utils
[6.254s] copying robot_state_machine/utils/readnpy.py -> /home/sunrise/TWStateMachine/build/robot_state_machine/build/lib/robot_state_machine/utils
[6.255s] copying robot_state_machine/utils/admittance_calculate.py -> /home/sunrise/TWStateMachine/build/robot_state_machine/build/lib/robot_state_machine/utils
[6.257s] copying robot_state_machine/utils/gazeShifting_mechanism_simulation.py -> /home/sunrise/TWStateMachine/build/robot_state_machine/build/lib/robot_state_machine/utils
[6.258s] copying robot_state_machine/utils/robot_protocol_trajectory_test.py -> /home/sunrise/TWStateMachine/build/robot_state_machine/build/lib/robot_state_machine/utils
[6.259s] copying robot_state_machine/utils/__init__.py -> /home/sunrise/TWStateMachine/build/robot_state_machine/build/lib/robot_state_machine/utils
[6.259s] copying robot_state_machine/utils/robot_protocol_out.py -> /home/sunrise/TWStateMachine/build/robot_state_machine/build/lib/robot_state_machine/utils
[6.260s] copying robot_state_machine/utils/mpu_read_test.py -> /home/sunrise/TWStateMachine/build/robot_state_machine/build/lib/robot_state_machine/utils
[6.261s] copying robot_state_machine/utils/readnpz.py -> /home/sunrise/TWStateMachine/build/robot_state_machine/build/lib/robot_state_machine/utils
[6.262s] copying robot_state_machine/utils/imu_vibration_monitor.py -> /home/sunrise/TWStateMachine/build/robot_state_machine/build/lib/robot_state_machine/utils
[6.264s] copying robot_state_machine/utils/Interpolation/easy_MotionInterpolator.py -> /home/sunrise/TWStateMachine/build/robot_state_machine/build/lib/robot_state_machine/utils/Interpolation
[6.265s] copying robot_state_machine/utils/Interpolation/__init__.py -> /home/sunrise/TWStateMachine/build/robot_state_machine/build/lib/robot_state_machine/utils/Interpolation
[6.267s] copying robot_state_machine/utils/IK_Redirection/txt_visual.py -> /home/sunrise/TWStateMachine/build/robot_state_machine/build/lib/robot_state_machine/utils/IK_Redirection
[6.268s] copying robot_state_machine/utils/IK_Redirection/npy_visual.py -> /home/sunrise/TWStateMachine/build/robot_state_machine/build/lib/robot_state_machine/utils/IK_Redirection
[6.269s] copying robot_state_machine/utils/IK_Redirection/__init__.py -> /home/sunrise/TWStateMachine/build/robot_state_machine/build/lib/robot_state_machine/utils/IK_Redirection
[6.270s] copying robot_state_machine/utils/IK_Redirection/ik_redirection_new.py -> /home/sunrise/TWStateMachine/build/robot_state_machine/build/lib/robot_state_machine/utils/IK_Redirection
[6.271s] copying robot_state_machine/utils/IK_Redirection/config.py -> /home/sunrise/TWStateMachine/build/robot_state_machine/build/lib/robot_state_machine/utils/IK_Redirection
[6.272s] copying robot_state_machine/utils/IK_Redirection/ik_redirection.py -> /home/sunrise/TWStateMachine/build/robot_state_machine/build/lib/robot_state_machine/utils/IK_Redirection
[6.274s] copying robot_state_machine/utils/IK_V2/easy_MotionInterpolator.py -> /home/sunrise/TWStateMachine/build/robot_state_machine/build/lib/robot_state_machine/utils/IK_V2
[6.275s] copying robot_state_machine/utils/IK_V2/__init__.py -> /home/sunrise/TWStateMachine/build/robot_state_machine/build/lib/robot_state_machine/utils/IK_V2
[6.276s] copying robot_state_machine/utils/IK_V2/ik_redirection_npy.py -> /home/sunrise/TWStateMachine/build/robot_state_machine/build/lib/robot_state_machine/utils/IK_V2
[6.278s] copying robot_state_machine/utils/IK_V2/vis.py -> /home/sunrise/TWStateMachine/build/robot_state_machine/build/lib/robot_state_machine/utils/IK_V2
[6.279s] copying robot_state_machine/utils/Interpolation/phc/__init__.py -> /home/sunrise/TWStateMachine/build/robot_state_machine/build/lib/robot_state_machine/utils/Interpolation/phc
[6.280s] copying robot_state_machine/utils/Interpolation/phc/run.py -> /home/sunrise/TWStateMachine/build/robot_state_machine/build/lib/robot_state_machine/utils/Interpolation/phc
[6.284s] copying robot_state_machine/utils/Interpolation/phc/learning/vq_quantizer.py -> /home/sunrise/TWStateMachine/build/robot_state_machine/build/lib/robot_state_machine/utils/Interpolation/phc/learning
[6.285s] copying robot_state_machine/utils/Interpolation/phc/learning/network_builder.py -> /home/sunrise/TWStateMachine/build/robot_state_machine/build/lib/robot_state_machine/utils/Interpolation/phc/learning
[6.286s] copying robot_state_machine/utils/Interpolation/phc/learning/loss_functions.py -> /home/sunrise/TWStateMachine/build/robot_state_machine/build/lib/robot_state_machine/utils/Interpolation/phc/learning
[6.287s] copying robot_state_machine/utils/Interpolation/phc/learning/pnn.py -> /home/sunrise/TWStateMachine/build/robot_state_machine/build/lib/robot_state_machine/utils/Interpolation/phc/learning
[6.289s] copying robot_state_machine/utils/Interpolation/phc/learning/common_player.py -> /home/sunrise/TWStateMachine/build/robot_state_machine/build/lib/robot_state_machine/utils/Interpolation/phc/learning
[6.290s] copying robot_state_machine/utils/Interpolation/phc/learning/amp_network_mcp_builder.py -> /home/sunrise/TWStateMachine/build/robot_state_machine/build/lib/robot_state_machine/utils/Interpolation/phc/learning
[6.291s] copying robot_state_machine/utils/Interpolation/phc/learning/amp_models.py -> /home/sunrise/TWStateMachine/build/robot_state_machine/build/lib/robot_state_machine/utils/Interpolation/phc/learning
[6.292s] copying robot_state_machine/utils/Interpolation/phc/learning/im_amp.py -> /home/sunrise/TWStateMachine/build/robot_state_machine/build/lib/robot_state_machine/utils/Interpolation/phc/learning
[6.293s] copying robot_state_machine/utils/Interpolation/phc/learning/__init__.py -> /home/sunrise/TWStateMachine/build/robot_state_machine/build/lib/robot_state_machine/utils/Interpolation/phc/learning
[6.294s] copying robot_state_machine/utils/Interpolation/phc/learning/ar_prior.py -> /home/sunrise/TWStateMachine/build/robot_state_machine/build/lib/robot_state_machine/utils/Interpolation/phc/learning
[6.295s] copying robot_state_machine/utils/Interpolation/phc/learning/replay_buffer.py -> /home/sunrise/TWStateMachine/build/robot_state_machine/build/lib/robot_state_machine/utils/Interpolation/phc/learning
[6.297s] copying robot_state_machine/utils/Interpolation/phc/learning/running_norm.py -> /home/sunrise/TWStateMachine/build/robot_state_machine/build/lib/robot_state_machine/utils/Interpolation/phc/learning
[6.298s] copying robot_state_machine/utils/Interpolation/phc/learning/transformer.py -> /home/sunrise/TWStateMachine/build/robot_state_machine/build/lib/robot_state_machine/utils/Interpolation/phc/learning
[6.299s] copying robot_state_machine/utils/Interpolation/phc/learning/amp_network_builder.py -> /home/sunrise/TWStateMachine/build/robot_state_machine/build/lib/robot_state_machine/utils/Interpolation/phc/learning
[6.300s] copying robot_state_machine/utils/Interpolation/phc/learning/amp_agent.py -> /home/sunrise/TWStateMachine/build/robot_state_machine/build/lib/robot_state_machine/utils/Interpolation/phc/learning
[6.301s] copying robot_state_machine/utils/Interpolation/phc/learning/amp_datasets.py -> /home/sunrise/TWStateMachine/build/robot_state_machine/build/lib/robot_state_machine/utils/Interpolation/phc/learning
[6.302s] copying robot_state_machine/utils/Interpolation/phc/learning/amp_network_pnn_builder.py -> /home/sunrise/TWStateMachine/build/robot_state_machine/build/lib/robot_state_machine/utils/Interpolation/phc/learning
[6.303s] copying robot_state_machine/utils/Interpolation/phc/learning/common_agent.py -> /home/sunrise/TWStateMachine/build/robot_state_machine/build/lib/robot_state_machine/utils/Interpolation/phc/learning
[6.305s] copying robot_state_machine/utils/Interpolation/phc/learning/im_amp_players.py -> /home/sunrise/TWStateMachine/build/robot_state_machine/build/lib/robot_state_machine/utils/Interpolation/phc/learning
[6.306s] copying robot_state_machine/utils/Interpolation/phc/learning/network_loader.py -> /home/sunrise/TWStateMachine/build/robot_state_machine/build/lib/robot_state_machine/utils/Interpolation/phc/learning
[6.307s] copying robot_state_machine/utils/Interpolation/phc/learning/amp_players.py -> /home/sunrise/TWStateMachine/build/robot_state_machine/build/lib/robot_state_machine/utils/Interpolation/phc/learning
[6.308s] copying robot_state_machine/utils/Interpolation/phc/learning/transformer_layers.py -> /home/sunrise/TWStateMachine/build/robot_state_machine/build/lib/robot_state_machine/utils/Interpolation/phc/learning
[6.310s] copying robot_state_machine/utils/Interpolation/phc/env/__init__.py -> /home/sunrise/TWStateMachine/build/robot_state_machine/build/lib/robot_state_machine/utils/Interpolation/phc/env
[6.313s] copying robot_state_machine/utils/Interpolation/phc/utils/pytorch3d_transforms.py -> /home/sunrise/TWStateMachine/build/robot_state_machine/build/lib/robot_state_machine/utils/Interpolation/phc/utils
[6.314s] copying robot_state_machine/utils/Interpolation/phc/utils/rotation_conversions.py -> /home/sunrise/TWStateMachine/build/robot_state_machine/build/lib/robot_state_machine/utils/Interpolation/phc/utils
[6.315s] copying robot_state_machine/utils/Interpolation/phc/utils/flags.py -> /home/sunrise/TWStateMachine/build/robot_state_machine/build/lib/robot_state_machine/utils/Interpolation/phc/utils
[6.316s] copying robot_state_machine/utils/Interpolation/phc/utils/torch_MMRAV6_Assembly_batch.py -> /home/sunrise/TWStateMachine/build/robot_state_machine/build/lib/robot_state_machine/utils/Interpolation/phc/utils
[6.318s] copying robot_state_machine/utils/Interpolation/phc/utils/o3d_utils.py -> /home/sunrise/TWStateMachine/build/robot_state_machine/build/lib/robot_state_machine/utils/Interpolation/phc/utils
[6.319s] copying robot_state_machine/utils/Interpolation/phc/utils/traj_generator.py -> /home/sunrise/TWStateMachine/build/robot_state_machine/build/lib/robot_state_machine/utils/Interpolation/phc/utils
[6.320s] copying robot_state_machine/utils/Interpolation/phc/utils/running_mean_std.py -> /home/sunrise/TWStateMachine/build/robot_state_machine/build/lib/robot_state_machine/utils/Interpolation/phc/utils
[6.321s] copying robot_state_machine/utils/Interpolation/phc/utils/draw_utils.py -> /home/sunrise/TWStateMachine/build/robot_state_machine/build/lib/robot_state_machine/utils/Interpolation/phc/utils
[6.322s] copying robot_state_machine/utils/Interpolation/phc/utils/torch_h1_humanoid_batch.py -> /home/sunrise/TWStateMachine/build/robot_state_machine/build/lib/robot_state_machine/utils/Interpolation/phc/utils
[6.323s] copying robot_state_machine/utils/Interpolation/phc/utils/logger.py -> /home/sunrise/TWStateMachine/build/robot_state_machine/build/lib/robot_state_machine/utils/Interpolation/phc/utils
[6.324s] copying robot_state_machine/utils/Interpolation/phc/utils/data_tree.py -> /home/sunrise/TWStateMachine/build/robot_state_machine/build/lib/robot_state_machine/utils/Interpolation/phc/utils
[6.326s] copying robot_state_machine/utils/Interpolation/phc/utils/__init__.py -> /home/sunrise/TWStateMachine/build/robot_state_machine/build/lib/robot_state_machine/utils/Interpolation/phc/utils
[6.327s] copying robot_state_machine/utils/Interpolation/phc/utils/plot_script.py -> /home/sunrise/TWStateMachine/build/robot_state_machine/build/lib/robot_state_machine/utils/Interpolation/phc/utils
[6.328s] copying robot_state_machine/utils/Interpolation/phc/utils/torch_utils.py -> /home/sunrise/TWStateMachine/build/robot_state_machine/build/lib/robot_state_machine/utils/Interpolation/phc/utils
[6.329s] copying robot_state_machine/utils/Interpolation/phc/utils/motion_lib_base.py -> /home/sunrise/TWStateMachine/build/robot_state_machine/build/lib/robot_state_machine/utils/Interpolation/phc/utils
[6.330s] copying robot_state_machine/utils/Interpolation/phc/utils/uhc_transform_utils.py -> /home/sunrise/TWStateMachine/build/robot_state_machine/build/lib/robot_state_machine/utils/Interpolation/phc/utils
[6.331s] copying robot_state_machine/utils/Interpolation/phc/utils/motion_lib_smpl.py -> /home/sunrise/TWStateMachine/build/robot_state_machine/build/lib/robot_state_machine/utils/Interpolation/phc/utils
[6.332s] copying robot_state_machine/utils/Interpolation/phc/utils/parse_task.py -> /home/sunrise/TWStateMachine/build/robot_state_machine/build/lib/robot_state_machine/utils/Interpolation/phc/utils
[6.333s] copying robot_state_machine/utils/Interpolation/phc/utils/config.py -> /home/sunrise/TWStateMachine/build/robot_state_machine/build/lib/robot_state_machine/utils/Interpolation/phc/utils
[6.334s] copying robot_state_machine/utils/Interpolation/phc/utils/transform_utils.py -> /home/sunrise/TWStateMachine/build/robot_state_machine/build/lib/robot_state_machine/utils/Interpolation/phc/utils
[6.335s] copying robot_state_machine/utils/Interpolation/phc/utils/benchmarking.py -> /home/sunrise/TWStateMachine/build/robot_state_machine/build/lib/robot_state_machine/utils/Interpolation/phc/utils
[6.336s] copying robot_state_machine/utils/Interpolation/phc/utils/motion_lib_h1.py -> /home/sunrise/TWStateMachine/build/robot_state_machine/build/lib/robot_state_machine/utils/Interpolation/phc/utils
[6.339s] copying robot_state_machine/utils/Interpolation/phc/learning/unrealego/unrealego_autoencoder_model.py -> /home/sunrise/TWStateMachine/build/robot_state_machine/build/lib/robot_state_machine/utils/Interpolation/phc/learning/unrealego
[6.340s] copying robot_state_machine/utils/Interpolation/phc/learning/unrealego/base_model.py -> /home/sunrise/TWStateMachine/build/robot_state_machine/build/lib/robot_state_machine/utils/Interpolation/phc/learning/unrealego
[6.341s] copying robot_state_machine/utils/Interpolation/phc/learning/unrealego/unrealego_heatmap_shared_model.py -> /home/sunrise/TWStateMachine/build/robot_state_machine/build/lib/robot_state_machine/utils/Interpolation/phc/learning/unrealego
[6.342s] copying robot_state_machine/utils/Interpolation/phc/learning/unrealego/__init__.py -> /home/sunrise/TWStateMachine/build/robot_state_machine/build/lib/robot_state_machine/utils/Interpolation/phc/learning/unrealego
[6.343s] copying robot_state_machine/utils/Interpolation/phc/learning/unrealego/network.py -> /home/sunrise/TWStateMachine/build/robot_state_machine/build/lib/robot_state_machine/utils/Interpolation/phc/learning/unrealego
[6.345s] copying robot_state_machine/utils/Interpolation/phc/learning/unrealego/egoglass_model.py -> /home/sunrise/TWStateMachine/build/robot_state_machine/build/lib/robot_state_machine/utils/Interpolation/phc/learning/unrealego
[6.346s] copying robot_state_machine/utils/Interpolation/phc/learning/unrealego/network_debug.py -> /home/sunrise/TWStateMachine/build/robot_state_machine/build/lib/robot_state_machine/utils/Interpolation/phc/learning/unrealego
[6.347s] copying robot_state_machine/utils/Interpolation/phc/learning/unrealego/models.py -> /home/sunrise/TWStateMachine/build/robot_state_machine/build/lib/robot_state_machine/utils/Interpolation/phc/learning/unrealego
[6.350s] copying robot_state_machine/utils/Interpolation/phc/env/tasks/humanoid_speed.py -> /home/sunrise/TWStateMachine/build/robot_state_machine/build/lib/robot_state_machine/utils/Interpolation/phc/env/tasks
[6.351s] copying robot_state_machine/utils/Interpolation/phc/env/tasks/vec_task.py -> /home/sunrise/TWStateMachine/build/robot_state_machine/build/lib/robot_state_machine/utils/Interpolation/phc/env/tasks
[6.353s] copying robot_state_machine/utils/Interpolation/phc/env/tasks/humanoid_im_mcp.py -> /home/sunrise/TWStateMachine/build/robot_state_machine/build/lib/robot_state_machine/utils/Interpolation/phc/env/tasks
[6.355s] copying robot_state_machine/utils/Interpolation/phc/env/tasks/humanoid_amp_getup.py -> /home/sunrise/TWStateMachine/build/robot_state_machine/build/lib/robot_state_machine/utils/Interpolation/phc/env/tasks
[6.356s] copying robot_state_machine/utils/Interpolation/phc/env/tasks/humanoid_im_demo.py -> /home/sunrise/TWStateMachine/build/robot_state_machine/build/lib/robot_state_machine/utils/Interpolation/phc/env/tasks
[6.357s] copying robot_state_machine/utils/Interpolation/phc/env/tasks/humanoid_im_getup.py -> /home/sunrise/TWStateMachine/build/robot_state_machine/build/lib/robot_state_machine/utils/Interpolation/phc/env/tasks
[6.359s] copying robot_state_machine/utils/Interpolation/phc/env/tasks/base_task.py -> /home/sunrise/TWStateMachine/build/robot_state_machine/build/lib/robot_state_machine/utils/Interpolation/phc/env/tasks
[6.360s] copying robot_state_machine/utils/Interpolation/phc/env/tasks/humanoid_im.py -> /home/sunrise/TWStateMachine/build/robot_state_machine/build/lib/robot_state_machine/utils/Interpolation/phc/env/tasks
[6.362s] copying robot_state_machine/utils/Interpolation/phc/env/tasks/__init__.py -> /home/sunrise/TWStateMachine/build/robot_state_machine/build/lib/robot_state_machine/utils/Interpolation/phc/env/tasks
[6.363s] copying robot_state_machine/utils/Interpolation/phc/env/tasks/vec_task_wrappers.py -> /home/sunrise/TWStateMachine/build/robot_state_machine/build/lib/robot_state_machine/utils/Interpolation/phc/env/tasks
[6.364s] copying robot_state_machine/utils/Interpolation/phc/env/tasks/humanoid_amp_task.py -> /home/sunrise/TWStateMachine/build/robot_state_machine/build/lib/robot_state_machine/utils/Interpolation/phc/env/tasks
[6.365s] copying robot_state_machine/utils/Interpolation/phc/env/tasks/humanoid_im_mcp_demo.py -> /home/sunrise/TWStateMachine/build/robot_state_machine/build/lib/robot_state_machine/utils/Interpolation/phc/env/tasks
[6.367s] copying robot_state_machine/utils/Interpolation/phc/env/tasks/humanoid.py -> /home/sunrise/TWStateMachine/build/robot_state_machine/build/lib/robot_state_machine/utils/Interpolation/phc/env/tasks
[6.368s] copying robot_state_machine/utils/Interpolation/phc/env/tasks/humanoid_im_mcp_getup.py -> /home/sunrise/TWStateMachine/build/robot_state_machine/build/lib/robot_state_machine/utils/Interpolation/phc/env/tasks
[6.369s] copying robot_state_machine/utils/Interpolation/phc/env/tasks/humanoid_amp.py -> /home/sunrise/TWStateMachine/build/robot_state_machine/build/lib/robot_state_machine/utils/Interpolation/phc/env/tasks
[6.389s] running install
[6.423s] running install_lib
[6.549s] copying /home/sunrise/TWStateMachine/build/robot_state_machine/build/lib/robot_state_machine/main_node_online_v2.py -> /home/sunrise/TWStateMachine/install/robot_state_machine/lib/python3.10/site-packages/robot_state_machine
[6.567s] byte-compiling /home/sunrise/TWStateMachine/install/robot_state_machine/lib/python3.10/site-packages/robot_state_machine/main_node_online_v2.py to main_node_online_v2.cpython-310.pyc
[6.601s] running install_data
[6.603s] copying resource/robot_state_machine -> /home/sunrise/TWStateMachine/install/robot_state_machine/share/ament_index/resource_index/packages
[6.605s] copying package.xml -> /home/sunrise/TWStateMachine/install/robot_state_machine/share/robot_state_machine
[6.607s] copying launch/robot_state_machine.launch.py -> /home/sunrise/TWStateMachine/install/robot_state_machine/share/robot_state_machine/launch
[6.608s] running install_egg_info
[6.722s] removing '/home/sunrise/TWStateMachine/install/robot_state_machine/lib/python3.10/site-packages/robot_state_machine-0.0.0-py3.10.egg-info' (and everything under it)
[6.724s] Copying ../../build/robot_state_machine/robot_state_machine.egg-info to /home/sunrise/TWStateMachine/install/robot_state_machine/lib/python3.10/site-packages/robot_state_machine-0.0.0-py3.10.egg-info
[6.730s] running install_scripts
[6.971s] Installing main_node script to /home/sunrise/TWStateMachine/install/robot_state_machine/lib/robot_state_machine
[6.972s] Installing mpu_node script to /home/sunrise/TWStateMachine/install/robot_state_machine/lib/robot_state_machine
[6.973s] Installing out_node script to /home/sunrise/TWStateMachine/install/robot_state_machine/lib/robot_state_machine
[6.974s] Installing vibration_monitor_node script to /home/sunrise/TWStateMachine/install/robot_state_machine/lib/robot_state_machine
[6.997s] writing list of installed files to '/home/sunrise/TWStateMachine/build/robot_state_machine/install.log'
[7.202s] Invoked command in '/home/sunrise/TWStateMachine/src/robot_state_machine' returned '0': CONDA_PROMPT_MODIFIER=(TWStateMachine) PYTHONPATH=/home/sunrise/TWStateMachine/build/robot_state_machine/prefix_override:/usr/lib/python3/dist-packages/colcon_core/task/python/colcon_distutils_commands:/home/sunrise/TWStateMachine/install/robot_state_machine/lib/python3.10/site-packages:${PYTHONPATH} /usr/bin/python3 -W ignore:setup.py install is deprecated -W ignore:easy_install command is deprecated setup.py egg_info --egg-base ../../build/robot_state_machine build --build-base /home/sunrise/TWStateMachine/build/robot_state_machine/build install --record /home/sunrise/TWStateMachine/build/robot_state_machine/install.log --single-version-externally-managed install_data
