running egg_info
writing ../../build/robot_state_machine/robot_state_machine.egg-info/PKG-INFO
writing dependency_links to ../../build/robot_state_machine/robot_state_machine.egg-info/dependency_links.txt
writing entry points to ../../build/robot_state_machine/robot_state_machine.egg-info/entry_points.txt
writing requirements to ../../build/robot_state_machine/robot_state_machine.egg-info/requires.txt
writing top-level names to ../../build/robot_state_machine/robot_state_machine.egg-info/top_level.txt
reading manifest file '../../build/robot_state_machine/robot_state_machine.egg-info/SOURCES.txt'
writing manifest file '../../build/robot_state_machine/robot_state_machine.egg-info/SOURCES.txt'
running build
running build_py
copying robot_state_machine/main_node_online_npy.py -> /home/sunrise/TWStateMachine/build/robot_state_machine/build/lib/robot_state_machine
copying robot_state_machine/robot_pose_solver.py -> /home/sunrise/TWStateMachine/build/robot_state_machine/build/lib/robot_state_machine
copying robot_state_machine/main_node.py -> /home/sunrise/TWStateMachine/build/robot_state_machine/build/lib/robot_state_machine
copying robot_state_machine/search_follow_module.py -> /home/sunrise/TWStateMachine/build/robot_state_machine/build/lib/robot_state_machine
copying robot_state_machine/obstacle_avoidance_module.py -> /home/sunrise/TWStateMachine/build/robot_state_machine/build/lib/robot_state_machine
copying robot_state_machine/mpu_read_parse.py -> /home/sunrise/TWStateMachine/build/robot_state_machine/build/lib/robot_state_machine
copying robot_state_machine/edge_min_hw_pipeline.py -> /home/sunrise/TWStateMachine/build/robot_state_machine/build/lib/robot_state_machine
copying robot_state_machine/follow_module.py -> /home/sunrise/TWStateMachine/build/robot_state_machine/build/lib/robot_state_machine
copying robot_state_machine/search_module.py -> /home/sunrise/TWStateMachine/build/robot_state_machine/build/lib/robot_state_machine
copying robot_state_machine/online_npy_test.py -> /home/sunrise/TWStateMachine/build/robot_state_machine/build/lib/robot_state_machine
copying robot_state_machine/__init__.py -> /home/sunrise/TWStateMachine/build/robot_state_machine/build/lib/robot_state_machine
copying robot_state_machine/out_node.py -> /home/sunrise/TWStateMachine/build/robot_state_machine/build/lib/robot_state_machine
copying robot_state_machine/main_node_offline_npy.py -> /home/sunrise/TWStateMachine/build/robot_state_machine/build/lib/robot_state_machine
copying robot_state_machine/main_node_offline.py -> /home/sunrise/TWStateMachine/build/robot_state_machine/build/lib/robot_state_machine
copying robot_state_machine/scan_module.py -> /home/sunrise/TWStateMachine/build/robot_state_machine/build/lib/robot_state_machine
copying robot_state_machine/utils/monitor_npy.py -> /home/sunrise/TWStateMachine/build/robot_state_machine/build/lib/robot_state_machine/utils
copying robot_state_machine/utils/robot_protocol.py -> /home/sunrise/TWStateMachine/build/robot_state_machine/build/lib/robot_state_machine/utils
copying robot_state_machine/utils/cloude_http_client.py -> /home/sunrise/TWStateMachine/build/robot_state_machine/build/lib/robot_state_machine/utils
copying robot_state_machine/utils/mpu_test.py -> /home/sunrise/TWStateMachine/build/robot_state_machine/build/lib/robot_state_machine/utils
copying robot_state_machine/utils/cubic_spline.py -> /home/sunrise/TWStateMachine/build/robot_state_machine/build/lib/robot_state_machine/utils
copying robot_state_machine/utils/robot_protocol_single.py -> /home/sunrise/TWStateMachine/build/robot_state_machine/build/lib/robot_state_machine/utils
copying robot_state_machine/utils/split_npz.py -> /home/sunrise/TWStateMachine/build/robot_state_machine/build/lib/robot_state_machine/utils
copying robot_state_machine/utils/readnpy.py -> /home/sunrise/TWStateMachine/build/robot_state_machine/build/lib/robot_state_machine/utils
copying robot_state_machine/utils/admittance_calculate.py -> /home/sunrise/TWStateMachine/build/robot_state_machine/build/lib/robot_state_machine/utils
copying robot_state_machine/utils/gazeShifting_mechanism_simulation.py -> /home/sunrise/TWStateMachine/build/robot_state_machine/build/lib/robot_state_machine/utils
copying robot_state_machine/utils/robot_protocol_trajectory_test.py -> /home/sunrise/TWStateMachine/build/robot_state_machine/build/lib/robot_state_machine/utils
copying robot_state_machine/utils/__init__.py -> /home/sunrise/TWStateMachine/build/robot_state_machine/build/lib/robot_state_machine/utils
copying robot_state_machine/utils/gRPC_client.py -> /home/sunrise/TWStateMachine/build/robot_state_machine/build/lib/robot_state_machine/utils
copying robot_state_machine/utils/robot_protocol_out.py -> /home/sunrise/TWStateMachine/build/robot_state_machine/build/lib/robot_state_machine/utils
copying robot_state_machine/utils/voice_agent_pb2_grpc.py -> /home/sunrise/TWStateMachine/build/robot_state_machine/build/lib/robot_state_machine/utils
copying robot_state_machine/utils/mpu_read_test.py -> /home/sunrise/TWStateMachine/build/robot_state_machine/build/lib/robot_state_machine/utils
copying robot_state_machine/utils/media_stream_pb2.py -> /home/sunrise/TWStateMachine/build/robot_state_machine/build/lib/robot_state_machine/utils
copying robot_state_machine/utils/media_stream_pb2_grpc.py -> /home/sunrise/TWStateMachine/build/robot_state_machine/build/lib/robot_state_machine/utils
copying robot_state_machine/utils/gRPC_server.py -> /home/sunrise/TWStateMachine/build/robot_state_machine/build/lib/robot_state_machine/utils
copying robot_state_machine/utils/readnpz.py -> /home/sunrise/TWStateMachine/build/robot_state_machine/build/lib/robot_state_machine/utils
copying robot_state_machine/utils/voice_agent_pb2.py -> /home/sunrise/TWStateMachine/build/robot_state_machine/build/lib/robot_state_machine/utils
copying robot_state_machine/utils/Interpolation/easy_MotionInterpolator.py -> /home/sunrise/TWStateMachine/build/robot_state_machine/build/lib/robot_state_machine/utils/Interpolation
copying robot_state_machine/utils/Interpolation/__init__.py -> /home/sunrise/TWStateMachine/build/robot_state_machine/build/lib/robot_state_machine/utils/Interpolation
copying robot_state_machine/utils/IK_Redirection/txt_visual.py -> /home/sunrise/TWStateMachine/build/robot_state_machine/build/lib/robot_state_machine/utils/IK_Redirection
copying robot_state_machine/utils/IK_Redirection/npy_visual.py -> /home/sunrise/TWStateMachine/build/robot_state_machine/build/lib/robot_state_machine/utils/IK_Redirection
copying robot_state_machine/utils/IK_Redirection/__init__.py -> /home/sunrise/TWStateMachine/build/robot_state_machine/build/lib/robot_state_machine/utils/IK_Redirection
copying robot_state_machine/utils/IK_Redirection/ik_redirection_new.py -> /home/sunrise/TWStateMachine/build/robot_state_machine/build/lib/robot_state_machine/utils/IK_Redirection
copying robot_state_machine/utils/IK_Redirection/config.py -> /home/sunrise/TWStateMachine/build/robot_state_machine/build/lib/robot_state_machine/utils/IK_Redirection
copying robot_state_machine/utils/IK_Redirection/ik_redirection.py -> /home/sunrise/TWStateMachine/build/robot_state_machine/build/lib/robot_state_machine/utils/IK_Redirection
copying robot_state_machine/utils/Interpolation/phc/__init__.py -> /home/sunrise/TWStateMachine/build/robot_state_machine/build/lib/robot_state_machine/utils/Interpolation/phc
copying robot_state_machine/utils/Interpolation/phc/run.py -> /home/sunrise/TWStateMachine/build/robot_state_machine/build/lib/robot_state_machine/utils/Interpolation/phc
copying robot_state_machine/utils/Interpolation/phc/learning/vq_quantizer.py -> /home/sunrise/TWStateMachine/build/robot_state_machine/build/lib/robot_state_machine/utils/Interpolation/phc/learning
copying robot_state_machine/utils/Interpolation/phc/learning/network_builder.py -> /home/sunrise/TWStateMachine/build/robot_state_machine/build/lib/robot_state_machine/utils/Interpolation/phc/learning
copying robot_state_machine/utils/Interpolation/phc/learning/loss_functions.py -> /home/sunrise/TWStateMachine/build/robot_state_machine/build/lib/robot_state_machine/utils/Interpolation/phc/learning
copying robot_state_machine/utils/Interpolation/phc/learning/pnn.py -> /home/sunrise/TWStateMachine/build/robot_state_machine/build/lib/robot_state_machine/utils/Interpolation/phc/learning
copying robot_state_machine/utils/Interpolation/phc/learning/common_player.py -> /home/sunrise/TWStateMachine/build/robot_state_machine/build/lib/robot_state_machine/utils/Interpolation/phc/learning
copying robot_state_machine/utils/Interpolation/phc/learning/amp_network_mcp_builder.py -> /home/sunrise/TWStateMachine/build/robot_state_machine/build/lib/robot_state_machine/utils/Interpolation/phc/learning
copying robot_state_machine/utils/Interpolation/phc/learning/amp_models.py -> /home/sunrise/TWStateMachine/build/robot_state_machine/build/lib/robot_state_machine/utils/Interpolation/phc/learning
copying robot_state_machine/utils/Interpolation/phc/learning/im_amp.py -> /home/sunrise/TWStateMachine/build/robot_state_machine/build/lib/robot_state_machine/utils/Interpolation/phc/learning
copying robot_state_machine/utils/Interpolation/phc/learning/__init__.py -> /home/sunrise/TWStateMachine/build/robot_state_machine/build/lib/robot_state_machine/utils/Interpolation/phc/learning
copying robot_state_machine/utils/Interpolation/phc/learning/ar_prior.py -> /home/sunrise/TWStateMachine/build/robot_state_machine/build/lib/robot_state_machine/utils/Interpolation/phc/learning
copying robot_state_machine/utils/Interpolation/phc/learning/replay_buffer.py -> /home/sunrise/TWStateMachine/build/robot_state_machine/build/lib/robot_state_machine/utils/Interpolation/phc/learning
copying robot_state_machine/utils/Interpolation/phc/learning/running_norm.py -> /home/sunrise/TWStateMachine/build/robot_state_machine/build/lib/robot_state_machine/utils/Interpolation/phc/learning
copying robot_state_machine/utils/Interpolation/phc/learning/transformer.py -> /home/sunrise/TWStateMachine/build/robot_state_machine/build/lib/robot_state_machine/utils/Interpolation/phc/learning
copying robot_state_machine/utils/Interpolation/phc/learning/amp_network_builder.py -> /home/sunrise/TWStateMachine/build/robot_state_machine/build/lib/robot_state_machine/utils/Interpolation/phc/learning
copying robot_state_machine/utils/Interpolation/phc/learning/amp_agent.py -> /home/sunrise/TWStateMachine/build/robot_state_machine/build/lib/robot_state_machine/utils/Interpolation/phc/learning
copying robot_state_machine/utils/Interpolation/phc/learning/amp_datasets.py -> /home/sunrise/TWStateMachine/build/robot_state_machine/build/lib/robot_state_machine/utils/Interpolation/phc/learning
copying robot_state_machine/utils/Interpolation/phc/learning/amp_network_pnn_builder.py -> /home/sunrise/TWStateMachine/build/robot_state_machine/build/lib/robot_state_machine/utils/Interpolation/phc/learning
copying robot_state_machine/utils/Interpolation/phc/learning/common_agent.py -> /home/sunrise/TWStateMachine/build/robot_state_machine/build/lib/robot_state_machine/utils/Interpolation/phc/learning
copying robot_state_machine/utils/Interpolation/phc/learning/im_amp_players.py -> /home/sunrise/TWStateMachine/build/robot_state_machine/build/lib/robot_state_machine/utils/Interpolation/phc/learning
copying robot_state_machine/utils/Interpolation/phc/learning/network_loader.py -> /home/sunrise/TWStateMachine/build/robot_state_machine/build/lib/robot_state_machine/utils/Interpolation/phc/learning
copying robot_state_machine/utils/Interpolation/phc/learning/amp_players.py -> /home/sunrise/TWStateMachine/build/robot_state_machine/build/lib/robot_state_machine/utils/Interpolation/phc/learning
copying robot_state_machine/utils/Interpolation/phc/learning/transformer_layers.py -> /home/sunrise/TWStateMachine/build/robot_state_machine/build/lib/robot_state_machine/utils/Interpolation/phc/learning
copying robot_state_machine/utils/Interpolation/phc/env/__init__.py -> /home/sunrise/TWStateMachine/build/robot_state_machine/build/lib/robot_state_machine/utils/Interpolation/phc/env
copying robot_state_machine/utils/Interpolation/phc/utils/pytorch3d_transforms.py -> /home/sunrise/TWStateMachine/build/robot_state_machine/build/lib/robot_state_machine/utils/Interpolation/phc/utils
copying robot_state_machine/utils/Interpolation/phc/utils/rotation_conversions.py -> /home/sunrise/TWStateMachine/build/robot_state_machine/build/lib/robot_state_machine/utils/Interpolation/phc/utils
copying robot_state_machine/utils/Interpolation/phc/utils/flags.py -> /home/sunrise/TWStateMachine/build/robot_state_machine/build/lib/robot_state_machine/utils/Interpolation/phc/utils
copying robot_state_machine/utils/Interpolation/phc/utils/torch_MMRAV6_Assembly_batch.py -> /home/sunrise/TWStateMachine/build/robot_state_machine/build/lib/robot_state_machine/utils/Interpolation/phc/utils
copying robot_state_machine/utils/Interpolation/phc/utils/o3d_utils.py -> /home/sunrise/TWStateMachine/build/robot_state_machine/build/lib/robot_state_machine/utils/Interpolation/phc/utils
copying robot_state_machine/utils/Interpolation/phc/utils/traj_generator.py -> /home/sunrise/TWStateMachine/build/robot_state_machine/build/lib/robot_state_machine/utils/Interpolation/phc/utils
copying robot_state_machine/utils/Interpolation/phc/utils/running_mean_std.py -> /home/sunrise/TWStateMachine/build/robot_state_machine/build/lib/robot_state_machine/utils/Interpolation/phc/utils
copying robot_state_machine/utils/Interpolation/phc/utils/draw_utils.py -> /home/sunrise/TWStateMachine/build/robot_state_machine/build/lib/robot_state_machine/utils/Interpolation/phc/utils
copying robot_state_machine/utils/Interpolation/phc/utils/torch_h1_humanoid_batch.py -> /home/sunrise/TWStateMachine/build/robot_state_machine/build/lib/robot_state_machine/utils/Interpolation/phc/utils
copying robot_state_machine/utils/Interpolation/phc/utils/logger.py -> /home/sunrise/TWStateMachine/build/robot_state_machine/build/lib/robot_state_machine/utils/Interpolation/phc/utils
copying robot_state_machine/utils/Interpolation/phc/utils/data_tree.py -> /home/sunrise/TWStateMachine/build/robot_state_machine/build/lib/robot_state_machine/utils/Interpolation/phc/utils
copying robot_state_machine/utils/Interpolation/phc/utils/__init__.py -> /home/sunrise/TWStateMachine/build/robot_state_machine/build/lib/robot_state_machine/utils/Interpolation/phc/utils
copying robot_state_machine/utils/Interpolation/phc/utils/plot_script.py -> /home/sunrise/TWStateMachine/build/robot_state_machine/build/lib/robot_state_machine/utils/Interpolation/phc/utils
copying robot_state_machine/utils/Interpolation/phc/utils/torch_utils.py -> /home/sunrise/TWStateMachine/build/robot_state_machine/build/lib/robot_state_machine/utils/Interpolation/phc/utils
copying robot_state_machine/utils/Interpolation/phc/utils/motion_lib_base.py -> /home/sunrise/TWStateMachine/build/robot_state_machine/build/lib/robot_state_machine/utils/Interpolation/phc/utils
copying robot_state_machine/utils/Interpolation/phc/utils/uhc_transform_utils.py -> /home/sunrise/TWStateMachine/build/robot_state_machine/build/lib/robot_state_machine/utils/Interpolation/phc/utils
copying robot_state_machine/utils/Interpolation/phc/utils/motion_lib_smpl.py -> /home/sunrise/TWStateMachine/build/robot_state_machine/build/lib/robot_state_machine/utils/Interpolation/phc/utils
copying robot_state_machine/utils/Interpolation/phc/utils/parse_task.py -> /home/sunrise/TWStateMachine/build/robot_state_machine/build/lib/robot_state_machine/utils/Interpolation/phc/utils
copying robot_state_machine/utils/Interpolation/phc/utils/config.py -> /home/sunrise/TWStateMachine/build/robot_state_machine/build/lib/robot_state_machine/utils/Interpolation/phc/utils
copying robot_state_machine/utils/Interpolation/phc/utils/transform_utils.py -> /home/sunrise/TWStateMachine/build/robot_state_machine/build/lib/robot_state_machine/utils/Interpolation/phc/utils
copying robot_state_machine/utils/Interpolation/phc/utils/benchmarking.py -> /home/sunrise/TWStateMachine/build/robot_state_machine/build/lib/robot_state_machine/utils/Interpolation/phc/utils
copying robot_state_machine/utils/Interpolation/phc/utils/motion_lib_h1.py -> /home/sunrise/TWStateMachine/build/robot_state_machine/build/lib/robot_state_machine/utils/Interpolation/phc/utils
copying robot_state_machine/utils/Interpolation/phc/learning/unrealego/unrealego_autoencoder_model.py -> /home/sunrise/TWStateMachine/build/robot_state_machine/build/lib/robot_state_machine/utils/Interpolation/phc/learning/unrealego
copying robot_state_machine/utils/Interpolation/phc/learning/unrealego/base_model.py -> /home/sunrise/TWStateMachine/build/robot_state_machine/build/lib/robot_state_machine/utils/Interpolation/phc/learning/unrealego
copying robot_state_machine/utils/Interpolation/phc/learning/unrealego/unrealego_heatmap_shared_model.py -> /home/sunrise/TWStateMachine/build/robot_state_machine/build/lib/robot_state_machine/utils/Interpolation/phc/learning/unrealego
copying robot_state_machine/utils/Interpolation/phc/learning/unrealego/__init__.py -> /home/sunrise/TWStateMachine/build/robot_state_machine/build/lib/robot_state_machine/utils/Interpolation/phc/learning/unrealego
copying robot_state_machine/utils/Interpolation/phc/learning/unrealego/network.py -> /home/sunrise/TWStateMachine/build/robot_state_machine/build/lib/robot_state_machine/utils/Interpolation/phc/learning/unrealego
copying robot_state_machine/utils/Interpolation/phc/learning/unrealego/egoglass_model.py -> /home/sunrise/TWStateMachine/build/robot_state_machine/build/lib/robot_state_machine/utils/Interpolation/phc/learning/unrealego
copying robot_state_machine/utils/Interpolation/phc/learning/unrealego/network_debug.py -> /home/sunrise/TWStateMachine/build/robot_state_machine/build/lib/robot_state_machine/utils/Interpolation/phc/learning/unrealego
copying robot_state_machine/utils/Interpolation/phc/learning/unrealego/models.py -> /home/sunrise/TWStateMachine/build/robot_state_machine/build/lib/robot_state_machine/utils/Interpolation/phc/learning/unrealego
copying robot_state_machine/utils/Interpolation/phc/env/tasks/humanoid_speed.py -> /home/sunrise/TWStateMachine/build/robot_state_machine/build/lib/robot_state_machine/utils/Interpolation/phc/env/tasks
copying robot_state_machine/utils/Interpolation/phc/env/tasks/vec_task.py -> /home/sunrise/TWStateMachine/build/robot_state_machine/build/lib/robot_state_machine/utils/Interpolation/phc/env/tasks
copying robot_state_machine/utils/Interpolation/phc/env/tasks/humanoid_im_mcp.py -> /home/sunrise/TWStateMachine/build/robot_state_machine/build/lib/robot_state_machine/utils/Interpolation/phc/env/tasks
copying robot_state_machine/utils/Interpolation/phc/env/tasks/humanoid_amp_getup.py -> /home/sunrise/TWStateMachine/build/robot_state_machine/build/lib/robot_state_machine/utils/Interpolation/phc/env/tasks
copying robot_state_machine/utils/Interpolation/phc/env/tasks/humanoid_im_demo.py -> /home/sunrise/TWStateMachine/build/robot_state_machine/build/lib/robot_state_machine/utils/Interpolation/phc/env/tasks
copying robot_state_machine/utils/Interpolation/phc/env/tasks/humanoid_im_getup.py -> /home/sunrise/TWStateMachine/build/robot_state_machine/build/lib/robot_state_machine/utils/Interpolation/phc/env/tasks
copying robot_state_machine/utils/Interpolation/phc/env/tasks/base_task.py -> /home/sunrise/TWStateMachine/build/robot_state_machine/build/lib/robot_state_machine/utils/Interpolation/phc/env/tasks
copying robot_state_machine/utils/Interpolation/phc/env/tasks/humanoid_im.py -> /home/sunrise/TWStateMachine/build/robot_state_machine/build/lib/robot_state_machine/utils/Interpolation/phc/env/tasks
copying robot_state_machine/utils/Interpolation/phc/env/tasks/__init__.py -> /home/sunrise/TWStateMachine/build/robot_state_machine/build/lib/robot_state_machine/utils/Interpolation/phc/env/tasks
copying robot_state_machine/utils/Interpolation/phc/env/tasks/vec_task_wrappers.py -> /home/sunrise/TWStateMachine/build/robot_state_machine/build/lib/robot_state_machine/utils/Interpolation/phc/env/tasks
copying robot_state_machine/utils/Interpolation/phc/env/tasks/humanoid_amp_task.py -> /home/sunrise/TWStateMachine/build/robot_state_machine/build/lib/robot_state_machine/utils/Interpolation/phc/env/tasks
copying robot_state_machine/utils/Interpolation/phc/env/tasks/humanoid_im_mcp_demo.py -> /home/sunrise/TWStateMachine/build/robot_state_machine/build/lib/robot_state_machine/utils/Interpolation/phc/env/tasks
copying robot_state_machine/utils/Interpolation/phc/env/tasks/humanoid.py -> /home/sunrise/TWStateMachine/build/robot_state_machine/build/lib/robot_state_machine/utils/Interpolation/phc/env/tasks
copying robot_state_machine/utils/Interpolation/phc/env/tasks/humanoid_im_mcp_getup.py -> /home/sunrise/TWStateMachine/build/robot_state_machine/build/lib/robot_state_machine/utils/Interpolation/phc/env/tasks
copying robot_state_machine/utils/Interpolation/phc/env/tasks/humanoid_amp.py -> /home/sunrise/TWStateMachine/build/robot_state_machine/build/lib/robot_state_machine/utils/Interpolation/phc/env/tasks
running install
running install_lib
copying /home/sunrise/TWStateMachine/build/robot_state_machine/build/lib/robot_state_machine/utils/mpu_read_test.py -> /home/sunrise/TWStateMachine/install/robot_state_machine/lib/python3.10/site-packages/robot_state_machine/utils
byte-compiling /home/sunrise/TWStateMachine/install/robot_state_machine/lib/python3.10/site-packages/robot_state_machine/utils/mpu_read_test.py to mpu_read_test.cpython-310.pyc
running install_data
copying resource/robot_state_machine -> /home/sunrise/TWStateMachine/install/robot_state_machine/share/ament_index/resource_index/packages
copying package.xml -> /home/sunrise/TWStateMachine/install/robot_state_machine/share/robot_state_machine
copying launch/robot_state_machine.launch.py -> /home/sunrise/TWStateMachine/install/robot_state_machine/share/robot_state_machine/launch
running install_egg_info
removing '/home/sunrise/TWStateMachine/install/robot_state_machine/lib/python3.10/site-packages/robot_state_machine-0.0.0-py3.10.egg-info' (and everything under it)
Copying ../../build/robot_state_machine/robot_state_machine.egg-info to /home/sunrise/TWStateMachine/install/robot_state_machine/lib/python3.10/site-packages/robot_state_machine-0.0.0-py3.10.egg-info
running install_scripts
Installing main_node script to /home/sunrise/TWStateMachine/install/robot_state_machine/lib/robot_state_machine
Installing mpu_node script to /home/sunrise/TWStateMachine/install/robot_state_machine/lib/robot_state_machine
Installing out_node script to /home/sunrise/TWStateMachine/install/robot_state_machine/lib/robot_state_machine
Installing pose_solver_node script to /home/sunrise/TWStateMachine/install/robot_state_machine/lib/robot_state_machine
writing list of installed files to '/home/sunrise/TWStateMachine/build/robot_state_machine/install.log'
