[0.583s] DEBUG:colcon:Command line arguments: ['/usr/bin/colcon', 'build', '--packages-select', 'robot_msg', 'robot_comm']
[0.584s] DEBUG:colcon:Parsed command line arguments: Namespace(log_base=None, log_level=None, verb_name='build', build_base='build', install_base='install', merge_install=False, symlink_install=False, test_result_base=None, continue_on_error=False, executor='parallel', parallel_workers=8, event_handlers=None, ignore_user_meta=False, metas=['./colcon.meta'], base_paths=['.'], packages_ignore=None, packages_ignore_regex=None, paths=None, packages_up_to=None, packages_up_to_regex=None, packages_above=None, packages_above_and_dependencies=None, packages_above_depth=None, packages_select_by_dep=None, packages_skip_by_dep=None, packages_skip_up_to=None, packages_select_build_failed=False, packages_skip_build_finished=False, packages_select_test_failures=False, packages_skip_test_passed=False, packages_select=['robot_msg', 'robot_comm'], packages_skip=None, packages_select_regex=None, packages_skip_regex=None, packages_start=None, packages_end=None, cmake_args=None, cmake_target=None, cmake_target_skip_unavailable=False, cmake_clean_cache=False, cmake_clean_first=False, cmake_force_configure=False, ament_cmake_args=None, catkin_cmake_args=None, catkin_skip_building_tests=False, verb_parser=<colcon_defaults.argument_parser.defaults.DefaultArgumentsDecorator object at 0xffffb0418550>, verb_extension=<colcon_core.verb.build.BuildVerb object at 0xffffb05c62c0>, main=<bound method BuildVerb.main of <colcon_core.verb.build.BuildVerb object at 0xffffb05c62c0>>)
[0.806s] Level 1:colcon.colcon_core.package_discovery:discover_packages(colcon_meta) check parameters
[0.806s] Level 1:colcon.colcon_core.package_discovery:discover_packages(recursive) check parameters
[0.807s] Level 1:colcon.colcon_core.package_discovery:discover_packages(ignore) check parameters
[0.807s] Level 1:colcon.colcon_core.package_discovery:discover_packages(path) check parameters
[0.807s] Level 1:colcon.colcon_core.package_discovery:discover_packages(colcon_meta) discover
[0.807s] Level 1:colcon.colcon_core.package_discovery:discover_packages(recursive) discover
[0.808s] INFO:colcon.colcon_core.package_discovery:Crawling recursively for packages in '/home/sunrise/TWStateMachine'
[0.808s] Level 1:colcon.colcon_core.package_identification:_identify(.) by extensions ['ignore', 'ignore_ament_install']
[0.808s] Level 1:colcon.colcon_core.package_identification:_identify(.) by extension 'ignore'
[0.809s] Level 1:colcon.colcon_core.package_identification:_identify(.) by extension 'ignore_ament_install'
[0.809s] Level 1:colcon.colcon_core.package_identification:_identify(.) by extensions ['colcon_pkg']
[0.809s] Level 1:colcon.colcon_core.package_identification:_identify(.) by extension 'colcon_pkg'
[0.810s] Level 1:colcon.colcon_core.package_identification:_identify(.) by extensions ['colcon_meta']
[0.810s] Level 1:colcon.colcon_core.package_identification:_identify(.) by extension 'colcon_meta'
[0.810s] Level 1:colcon.colcon_core.package_identification:_identify(.) by extensions ['ros']
[0.810s] Level 1:colcon.colcon_core.package_identification:_identify(.) by extension 'ros'
[0.896s] Level 1:colcon.colcon_core.package_identification:_identify(.) by extensions ['cmake', 'python']
[0.897s] Level 1:colcon.colcon_core.package_identification:_identify(.) by extension 'cmake'
[0.897s] Level 1:colcon.colcon_core.package_identification:_identify(.) by extension 'python'
[0.897s] Level 1:colcon.colcon_core.package_identification:_identify(.) by extensions ['python_setup_py']
[0.898s] Level 1:colcon.colcon_core.package_identification:_identify(.) by extension 'python_setup_py'
[0.898s] Level 1:colcon.colcon_core.package_identification:_identify(build) by extensions ['ignore', 'ignore_ament_install']
[0.899s] Level 1:colcon.colcon_core.package_identification:_identify(build) by extension 'ignore'
[0.899s] Level 1:colcon.colcon_core.package_identification:_identify(build) ignored
[0.900s] Level 1:colcon.colcon_core.package_identification:_identify(install) by extensions ['ignore', 'ignore_ament_install']
[0.900s] Level 1:colcon.colcon_core.package_identification:_identify(install) by extension 'ignore'
[0.900s] Level 1:colcon.colcon_core.package_identification:_identify(install) ignored
[0.901s] Level 1:colcon.colcon_core.package_identification:_identify(log) by extensions ['ignore', 'ignore_ament_install']
[0.901s] Level 1:colcon.colcon_core.package_identification:_identify(log) by extension 'ignore'
[0.901s] Level 1:colcon.colcon_core.package_identification:_identify(log) ignored
[0.902s] Level 1:colcon.colcon_core.package_identification:_identify(received_actions) by extensions ['ignore', 'ignore_ament_install']
[0.903s] Level 1:colcon.colcon_core.package_identification:_identify(received_actions) by extension 'ignore'
[0.903s] Level 1:colcon.colcon_core.package_identification:_identify(received_actions) by extension 'ignore_ament_install'
[0.903s] Level 1:colcon.colcon_core.package_identification:_identify(received_actions) by extensions ['colcon_pkg']
[0.904s] Level 1:colcon.colcon_core.package_identification:_identify(received_actions) by extension 'colcon_pkg'
[0.904s] Level 1:colcon.colcon_core.package_identification:_identify(received_actions) by extensions ['colcon_meta']
[0.904s] Level 1:colcon.colcon_core.package_identification:_identify(received_actions) by extension 'colcon_meta'
[0.904s] Level 1:colcon.colcon_core.package_identification:_identify(received_actions) by extensions ['ros']
[0.904s] Level 1:colcon.colcon_core.package_identification:_identify(received_actions) by extension 'ros'
[0.905s] Level 1:colcon.colcon_core.package_identification:_identify(received_actions) by extensions ['cmake', 'python']
[0.905s] Level 1:colcon.colcon_core.package_identification:_identify(received_actions) by extension 'cmake'
[0.905s] Level 1:colcon.colcon_core.package_identification:_identify(received_actions) by extension 'python'
[0.906s] Level 1:colcon.colcon_core.package_identification:_identify(received_actions) by extensions ['python_setup_py']
[0.906s] Level 1:colcon.colcon_core.package_identification:_identify(received_actions) by extension 'python_setup_py'
[0.908s] Level 1:colcon.colcon_core.package_identification:_identify(received_actions/output) by extensions ['ignore', 'ignore_ament_install']
[0.908s] Level 1:colcon.colcon_core.package_identification:_identify(received_actions/output) by extension 'ignore'
[0.908s] Level 1:colcon.colcon_core.package_identification:_identify(received_actions/output) by extension 'ignore_ament_install'
[0.909s] Level 1:colcon.colcon_core.package_identification:_identify(received_actions/output) by extensions ['colcon_pkg']
[0.909s] Level 1:colcon.colcon_core.package_identification:_identify(received_actions/output) by extension 'colcon_pkg'
[0.909s] Level 1:colcon.colcon_core.package_identification:_identify(received_actions/output) by extensions ['colcon_meta']
[0.909s] Level 1:colcon.colcon_core.package_identification:_identify(received_actions/output) by extension 'colcon_meta'
[0.909s] Level 1:colcon.colcon_core.package_identification:_identify(received_actions/output) by extensions ['ros']
[0.910s] Level 1:colcon.colcon_core.package_identification:_identify(received_actions/output) by extension 'ros'
[0.910s] Level 1:colcon.colcon_core.package_identification:_identify(received_actions/output) by extensions ['cmake', 'python']
[0.910s] Level 1:colcon.colcon_core.package_identification:_identify(received_actions/output) by extension 'cmake'
[0.910s] Level 1:colcon.colcon_core.package_identification:_identify(received_actions/output) by extension 'python'
[0.911s] Level 1:colcon.colcon_core.package_identification:_identify(received_actions/output) by extensions ['python_setup_py']
[0.911s] Level 1:colcon.colcon_core.package_identification:_identify(received_actions/output) by extension 'python_setup_py'
[0.911s] Level 1:colcon.colcon_core.package_identification:_identify(src) by extensions ['ignore', 'ignore_ament_install']
[0.912s] Level 1:colcon.colcon_core.package_identification:_identify(src) by extension 'ignore'
[0.912s] Level 1:colcon.colcon_core.package_identification:_identify(src) by extension 'ignore_ament_install'
[0.912s] Level 1:colcon.colcon_core.package_identification:_identify(src) by extensions ['colcon_pkg']
[0.913s] Level 1:colcon.colcon_core.package_identification:_identify(src) by extension 'colcon_pkg'
[0.913s] Level 1:colcon.colcon_core.package_identification:_identify(src) by extensions ['colcon_meta']
[0.913s] Level 1:colcon.colcon_core.package_identification:_identify(src) by extension 'colcon_meta'
[0.913s] Level 1:colcon.colcon_core.package_identification:_identify(src) by extensions ['ros']
[0.914s] Level 1:colcon.colcon_core.package_identification:_identify(src) by extension 'ros'
[0.914s] Level 1:colcon.colcon_core.package_identification:_identify(src) by extensions ['cmake', 'python']
[0.914s] Level 1:colcon.colcon_core.package_identification:_identify(src) by extension 'cmake'
[0.914s] Level 1:colcon.colcon_core.package_identification:_identify(src) by extension 'python'
[0.915s] Level 1:colcon.colcon_core.package_identification:_identify(src) by extensions ['python_setup_py']
[0.915s] Level 1:colcon.colcon_core.package_identification:_identify(src) by extension 'python_setup_py'
[0.915s] Level 1:colcon.colcon_core.package_identification:_identify(src/robot_comm) by extensions ['ignore', 'ignore_ament_install']
[0.916s] Level 1:colcon.colcon_core.package_identification:_identify(src/robot_comm) by extension 'ignore'
[0.916s] Level 1:colcon.colcon_core.package_identification:_identify(src/robot_comm) by extension 'ignore_ament_install'
[0.916s] Level 1:colcon.colcon_core.package_identification:_identify(src/robot_comm) by extensions ['colcon_pkg']
[0.917s] Level 1:colcon.colcon_core.package_identification:_identify(src/robot_comm) by extension 'colcon_pkg'
[0.917s] Level 1:colcon.colcon_core.package_identification:_identify(src/robot_comm) by extensions ['colcon_meta']
[0.917s] Level 1:colcon.colcon_core.package_identification:_identify(src/robot_comm) by extension 'colcon_meta'
[0.917s] Level 1:colcon.colcon_core.package_identification:_identify(src/robot_comm) by extensions ['ros']
[0.917s] Level 1:colcon.colcon_core.package_identification:_identify(src/robot_comm) by extension 'ros'
[0.932s] DEBUG:colcon.colcon_core.package_identification:Package 'src/robot_comm' with type 'ros.ament_python' and name 'robot_comm'
[0.933s] Level 1:colcon.colcon_core.package_identification:_identify(src/robot_msg) by extensions ['ignore', 'ignore_ament_install']
[0.934s] Level 1:colcon.colcon_core.package_identification:_identify(src/robot_msg) by extension 'ignore'
[0.934s] Level 1:colcon.colcon_core.package_identification:_identify(src/robot_msg) by extension 'ignore_ament_install'
[0.935s] Level 1:colcon.colcon_core.package_identification:_identify(src/robot_msg) by extensions ['colcon_pkg']
[0.935s] Level 1:colcon.colcon_core.package_identification:_identify(src/robot_msg) by extension 'colcon_pkg'
[0.935s] Level 1:colcon.colcon_core.package_identification:_identify(src/robot_msg) by extensions ['colcon_meta']
[0.935s] Level 1:colcon.colcon_core.package_identification:_identify(src/robot_msg) by extension 'colcon_meta'
[0.935s] Level 1:colcon.colcon_core.package_identification:_identify(src/robot_msg) by extensions ['ros']
[0.936s] Level 1:colcon.colcon_core.package_identification:_identify(src/robot_msg) by extension 'ros'
[0.939s] DEBUG:colcon.colcon_core.package_identification:Package 'src/robot_msg' with type 'ros.ament_cmake' and name 'robot_msg'
[0.940s] Level 1:colcon.colcon_core.package_identification:_identify(src/robot_state_machine) by extensions ['ignore', 'ignore_ament_install']
[0.940s] Level 1:colcon.colcon_core.package_identification:_identify(src/robot_state_machine) by extension 'ignore'
[0.941s] Level 1:colcon.colcon_core.package_identification:_identify(src/robot_state_machine) by extension 'ignore_ament_install'
[0.941s] Level 1:colcon.colcon_core.package_identification:_identify(src/robot_state_machine) by extensions ['colcon_pkg']
[0.941s] Level 1:colcon.colcon_core.package_identification:_identify(src/robot_state_machine) by extension 'colcon_pkg'
[0.942s] Level 1:colcon.colcon_core.package_identification:_identify(src/robot_state_machine) by extensions ['colcon_meta']
[0.942s] Level 1:colcon.colcon_core.package_identification:_identify(src/robot_state_machine) by extension 'colcon_meta'
[0.942s] Level 1:colcon.colcon_core.package_identification:_identify(src/robot_state_machine) by extensions ['ros']
[0.942s] Level 1:colcon.colcon_core.package_identification:_identify(src/robot_state_machine) by extension 'ros'
[0.947s] DEBUG:colcon.colcon_core.package_identification:Package 'src/robot_state_machine' with type 'ros.ament_python' and name 'robot_state_machine'
[0.948s] Level 1:colcon.colcon_core.package_discovery:discover_packages(recursive) using defaults
[0.948s] Level 1:colcon.colcon_core.package_discovery:discover_packages(ignore) discover
[0.948s] Level 1:colcon.colcon_core.package_discovery:discover_packages(ignore) using defaults
[0.948s] Level 1:colcon.colcon_core.package_discovery:discover_packages(path) discover
[0.948s] Level 1:colcon.colcon_core.package_discovery:discover_packages(path) using defaults
[1.060s] INFO:colcon.colcon_core.package_selection:Skipping not selected package 'robot_state_machine' in 'src/robot_state_machine'
[1.063s] Level 5:colcon.colcon_core.verb:set package 'robot_comm' build argument 'cmake_args' from command line to 'None'
[1.064s] Level 5:colcon.colcon_core.verb:set package 'robot_comm' build argument 'cmake_target' from command line to 'None'
[1.064s] Level 5:colcon.colcon_core.verb:set package 'robot_comm' build argument 'cmake_target_skip_unavailable' from command line to 'False'
[1.064s] Level 5:colcon.colcon_core.verb:set package 'robot_comm' build argument 'cmake_clean_cache' from command line to 'False'
[1.064s] Level 5:colcon.colcon_core.verb:set package 'robot_comm' build argument 'cmake_clean_first' from command line to 'False'
[1.064s] Level 5:colcon.colcon_core.verb:set package 'robot_comm' build argument 'cmake_force_configure' from command line to 'False'
[1.065s] Level 5:colcon.colcon_core.verb:set package 'robot_comm' build argument 'ament_cmake_args' from command line to 'None'
[1.065s] Level 5:colcon.colcon_core.verb:set package 'robot_comm' build argument 'catkin_cmake_args' from command line to 'None'
[1.065s] Level 5:colcon.colcon_core.verb:set package 'robot_comm' build argument 'catkin_skip_building_tests' from command line to 'False'
[1.065s] DEBUG:colcon.colcon_core.verb:Building package 'robot_comm' with the following arguments: {'ament_cmake_args': None, 'build_base': '/home/sunrise/TWStateMachine/build/robot_comm', 'catkin_cmake_args': None, 'catkin_skip_building_tests': False, 'cmake_args': None, 'cmake_clean_cache': False, 'cmake_clean_first': False, 'cmake_force_configure': False, 'cmake_target': None, 'cmake_target_skip_unavailable': False, 'install_base': '/home/sunrise/TWStateMachine/install/robot_comm', 'merge_install': False, 'path': '/home/sunrise/TWStateMachine/src/robot_comm', 'symlink_install': False, 'test_result_base': None}
[1.068s] Level 5:colcon.colcon_core.verb:set package 'robot_msg' build argument 'cmake_args' from command line to 'None'
[1.068s] Level 5:colcon.colcon_core.verb:set package 'robot_msg' build argument 'cmake_target' from command line to 'None'
[1.068s] Level 5:colcon.colcon_core.verb:set package 'robot_msg' build argument 'cmake_target_skip_unavailable' from command line to 'False'
[1.068s] Level 5:colcon.colcon_core.verb:set package 'robot_msg' build argument 'cmake_clean_cache' from command line to 'False'
[1.069s] Level 5:colcon.colcon_core.verb:set package 'robot_msg' build argument 'cmake_clean_first' from command line to 'False'
[1.069s] Level 5:colcon.colcon_core.verb:set package 'robot_msg' build argument 'cmake_force_configure' from command line to 'False'
[1.069s] Level 5:colcon.colcon_core.verb:set package 'robot_msg' build argument 'ament_cmake_args' from command line to 'None'
[1.069s] Level 5:colcon.colcon_core.verb:set package 'robot_msg' build argument 'catkin_cmake_args' from command line to 'None'
[1.069s] Level 5:colcon.colcon_core.verb:set package 'robot_msg' build argument 'catkin_skip_building_tests' from command line to 'False'
[1.070s] DEBUG:colcon.colcon_core.verb:Building package 'robot_msg' with the following arguments: {'ament_cmake_args': None, 'build_base': '/home/sunrise/TWStateMachine/build/robot_msg', 'catkin_cmake_args': None, 'catkin_skip_building_tests': False, 'cmake_args': None, 'cmake_clean_cache': False, 'cmake_clean_first': False, 'cmake_force_configure': False, 'cmake_target': None, 'cmake_target_skip_unavailable': False, 'install_base': '/home/sunrise/TWStateMachine/install/robot_msg', 'merge_install': False, 'path': '/home/sunrise/TWStateMachine/src/robot_msg', 'symlink_install': False, 'test_result_base': None}
[1.070s] INFO:colcon.colcon_core.executor:Executing jobs using 'parallel' executor
[1.075s] DEBUG:colcon.colcon_parallel_executor.executor.parallel:run_until_complete
[1.077s] INFO:colcon.colcon_ros.task.ament_python.build:Building ROS package in '/home/sunrise/TWStateMachine/src/robot_comm' with build type 'ament_python'
[1.078s] Level 1:colcon.colcon_core.shell:create_environment_hook('robot_comm', 'ament_prefix_path')
[1.087s] INFO:colcon.colcon_core.plugin_system:Skipping extension 'colcon_core.shell.bat': Not used on non-Windows systems
[1.089s] INFO:colcon.colcon_core.shell:Creating environment hook '/home/sunrise/TWStateMachine/install/robot_comm/share/robot_comm/hook/ament_prefix_path.ps1'
[1.093s] INFO:colcon.colcon_core.shell:Creating environment descriptor '/home/sunrise/TWStateMachine/install/robot_comm/share/robot_comm/hook/ament_prefix_path.dsv'
[1.097s] INFO:colcon.colcon_core.shell:Creating environment hook '/home/sunrise/TWStateMachine/install/robot_comm/share/robot_comm/hook/ament_prefix_path.sh'
[1.102s] INFO:colcon.colcon_core.shell:Skip shell extension 'powershell' for command environment: Not usable outside of PowerShell
[1.102s] DEBUG:colcon.colcon_core.shell:Skip shell extension 'dsv' for command environment
[1.124s] INFO:colcon.colcon_ros.task.ament_cmake.build:Building ROS package in '/home/sunrise/TWStateMachine/src/robot_msg' with build type 'ament_cmake'
[1.124s] INFO:colcon.colcon_cmake.task.cmake.build:Building CMake package in '/home/sunrise/TWStateMachine/src/robot_msg'
[1.126s] INFO:colcon.colcon_core.shell:Skip shell extension 'powershell' for command environment: Not usable outside of PowerShell
[1.127s] DEBUG:colcon.colcon_core.shell:Skip shell extension 'dsv' for command environment
[2.444s] INFO:colcon.colcon_core.task.python.build:Building Python package in '/home/sunrise/TWStateMachine/src/robot_comm'
[2.445s] INFO:colcon.colcon_core.shell:Skip shell extension 'powershell' for command environment: Not usable outside of PowerShell
[2.446s] DEBUG:colcon.colcon_core.shell:Skip shell extension 'dsv' for command environment
[2.477s] DEBUG:colcon.colcon_core.event_handler.log_command:Invoking command in '/home/sunrise/TWStateMachine/build/robot_msg': CMAKE_PREFIX_PATH=/opt/ros/humble /usr/bin/cmake /home/sunrise/TWStateMachine/src/robot_msg -DCMAKE_INSTALL_PREFIX=/home/sunrise/TWStateMachine/install/robot_msg
[5.211s] DEBUG:colcon.colcon_core.event_handler.log_command:Invoking command in '/home/sunrise/TWStateMachine/src/robot_comm': PYTHONPATH=/home/sunrise/TWStateMachine/build/robot_comm/prefix_override:/usr/lib/python3/dist-packages/colcon_core/task/python/colcon_distutils_commands:/home/sunrise/TWStateMachine/install/robot_comm/lib/python3.10/site-packages:${PYTHONPATH} /usr/bin/python3 -W ignore:setup.py install is deprecated -W ignore:easy_install command is deprecated setup.py egg_info --egg-base ../../build/robot_comm build --build-base /home/sunrise/TWStateMachine/build/robot_comm/build install --record /home/sunrise/TWStateMachine/build/robot_comm/install.log --single-version-externally-managed install_data
[7.958s] DEBUG:colcon.colcon_core.event_handler.log_command:Invoked command in '/home/sunrise/TWStateMachine/src/robot_comm' returned '0': PYTHONPATH=/home/sunrise/TWStateMachine/build/robot_comm/prefix_override:/usr/lib/python3/dist-packages/colcon_core/task/python/colcon_distutils_commands:/home/sunrise/TWStateMachine/install/robot_comm/lib/python3.10/site-packages:${PYTHONPATH} /usr/bin/python3 -W ignore:setup.py install is deprecated -W ignore:easy_install command is deprecated setup.py egg_info --egg-base ../../build/robot_comm build --build-base /home/sunrise/TWStateMachine/build/robot_comm/build install --record /home/sunrise/TWStateMachine/build/robot_comm/install.log --single-version-externally-managed install_data
[7.973s] Level 1:colcon.colcon_core.environment:checking '/home/sunrise/TWStateMachine/install/robot_comm' for CMake module files
[7.976s] Level 1:colcon.colcon_core.environment:checking '/home/sunrise/TWStateMachine/install/robot_comm' for CMake config files
[7.980s] Level 1:colcon.colcon_core.environment:checking '/home/sunrise/TWStateMachine/install/robot_comm/lib'
[7.981s] Level 1:colcon.colcon_core.environment:checking '/home/sunrise/TWStateMachine/install/robot_comm/bin'
[7.982s] Level 1:colcon.colcon_core.environment:checking '/home/sunrise/TWStateMachine/install/robot_comm/lib/pkgconfig/robot_comm.pc'
[7.983s] Level 1:colcon.colcon_core.environment:checking '/home/sunrise/TWStateMachine/install/robot_comm/lib/python3.10/site-packages'
[7.984s] Level 1:colcon.colcon_core.shell:create_environment_hook('robot_comm', 'pythonpath')
[7.985s] INFO:colcon.colcon_core.shell:Creating environment hook '/home/sunrise/TWStateMachine/install/robot_comm/share/robot_comm/hook/pythonpath.ps1'
[7.987s] INFO:colcon.colcon_core.shell:Creating environment descriptor '/home/sunrise/TWStateMachine/install/robot_comm/share/robot_comm/hook/pythonpath.dsv'
[7.989s] INFO:colcon.colcon_core.shell:Creating environment hook '/home/sunrise/TWStateMachine/install/robot_comm/share/robot_comm/hook/pythonpath.sh'
[7.993s] Level 1:colcon.colcon_core.environment:checking '/home/sunrise/TWStateMachine/install/robot_comm/bin'
[7.993s] Level 1:colcon.colcon_core.environment:create_environment_scripts_only(robot_comm)
[7.995s] INFO:colcon.colcon_core.shell:Creating package script '/home/sunrise/TWStateMachine/install/robot_comm/share/robot_comm/package.ps1'
[8.000s] INFO:colcon.colcon_core.shell:Creating package descriptor '/home/sunrise/TWStateMachine/install/robot_comm/share/robot_comm/package.dsv'
[8.003s] INFO:colcon.colcon_core.shell:Creating package script '/home/sunrise/TWStateMachine/install/robot_comm/share/robot_comm/package.sh'
[8.008s] INFO:colcon.colcon_core.shell:Creating package script '/home/sunrise/TWStateMachine/install/robot_comm/share/robot_comm/package.bash'
[8.012s] INFO:colcon.colcon_core.shell:Creating package script '/home/sunrise/TWStateMachine/install/robot_comm/share/robot_comm/package.zsh'
[8.016s] Level 1:colcon.colcon_core.environment:create_file_with_runtime_dependencies(/home/sunrise/TWStateMachine/install/robot_comm/share/colcon-core/packages/robot_comm)
[13.806s] DEBUG:colcon.colcon_core.event_handler.log_command:Invoked command in '/home/sunrise/TWStateMachine/build/robot_msg' returned '0': CMAKE_PREFIX_PATH=/opt/ros/humble /usr/bin/cmake /home/sunrise/TWStateMachine/src/robot_msg -DCMAKE_INSTALL_PREFIX=/home/sunrise/TWStateMachine/install/robot_msg
[13.818s] DEBUG:colcon.colcon_core.event_handler.log_command:Invoking command in '/home/sunrise/TWStateMachine/build/robot_msg': CMAKE_PREFIX_PATH=/opt/ros/humble /usr/bin/cmake --build /home/sunrise/TWStateMachine/build/robot_msg -- -j8 -l8
[60.413s] DEBUG:colcon.colcon_core.event_handler.log_command:Invoked command in '/home/sunrise/TWStateMachine/build/robot_msg' returned '0': CMAKE_PREFIX_PATH=/opt/ros/humble /usr/bin/cmake --build /home/sunrise/TWStateMachine/build/robot_msg -- -j8 -l8
[60.461s] DEBUG:colcon.colcon_core.event_handler.log_command:Invoking command in '/home/sunrise/TWStateMachine/build/robot_msg': CMAKE_PREFIX_PATH=/opt/ros/humble /usr/bin/cmake --install /home/sunrise/TWStateMachine/build/robot_msg
[60.971s] Level 1:colcon.colcon_core.environment:create_environment_scripts_only(robot_msg)
[60.973s] Level 1:colcon.colcon_core.environment:checking '/home/sunrise/TWStateMachine/install/robot_msg' for CMake module files
[60.976s] DEBUG:colcon.colcon_core.event_handler.log_command:Invoked command in '/home/sunrise/TWStateMachine/build/robot_msg' returned '0': CMAKE_PREFIX_PATH=/opt/ros/humble /usr/bin/cmake --install /home/sunrise/TWStateMachine/build/robot_msg
[60.979s] Level 1:colcon.colcon_core.environment:checking '/home/sunrise/TWStateMachine/install/robot_msg' for CMake config files
[60.983s] Level 1:colcon.colcon_core.shell:create_environment_hook('robot_msg', 'cmake_prefix_path')
[60.984s] INFO:colcon.colcon_core.shell:Creating environment hook '/home/sunrise/TWStateMachine/install/robot_msg/share/robot_msg/hook/cmake_prefix_path.ps1'
[60.987s] INFO:colcon.colcon_core.shell:Creating environment descriptor '/home/sunrise/TWStateMachine/install/robot_msg/share/robot_msg/hook/cmake_prefix_path.dsv'
[60.989s] INFO:colcon.colcon_core.shell:Creating environment hook '/home/sunrise/TWStateMachine/install/robot_msg/share/robot_msg/hook/cmake_prefix_path.sh'
[60.992s] Level 1:colcon.colcon_core.environment:checking '/home/sunrise/TWStateMachine/install/robot_msg/lib'
[60.992s] Level 1:colcon.colcon_core.shell:create_environment_hook('robot_msg', 'ld_library_path_lib')
[60.994s] INFO:colcon.colcon_core.shell:Creating environment hook '/home/sunrise/TWStateMachine/install/robot_msg/share/robot_msg/hook/ld_library_path_lib.ps1'
[60.997s] INFO:colcon.colcon_core.shell:Creating environment descriptor '/home/sunrise/TWStateMachine/install/robot_msg/share/robot_msg/hook/ld_library_path_lib.dsv'
[60.999s] INFO:colcon.colcon_core.shell:Creating environment hook '/home/sunrise/TWStateMachine/install/robot_msg/share/robot_msg/hook/ld_library_path_lib.sh'
[61.003s] Level 1:colcon.colcon_core.environment:checking '/home/sunrise/TWStateMachine/install/robot_msg/bin'
[61.003s] Level 1:colcon.colcon_core.environment:checking '/home/sunrise/TWStateMachine/install/robot_msg/lib/pkgconfig/robot_msg.pc'
[61.005s] Level 1:colcon.colcon_core.environment:checking '/home/sunrise/TWStateMachine/install/robot_msg/lib/python3.10/site-packages'
[61.008s] Level 1:colcon.colcon_core.environment:checking '/home/sunrise/TWStateMachine/install/robot_msg/bin'
[61.011s] INFO:colcon.colcon_core.shell:Creating package script '/home/sunrise/TWStateMachine/install/robot_msg/share/robot_msg/package.ps1'
[61.014s] INFO:colcon.colcon_core.shell:Creating package descriptor '/home/sunrise/TWStateMachine/install/robot_msg/share/robot_msg/package.dsv'
[61.018s] INFO:colcon.colcon_core.shell:Creating package script '/home/sunrise/TWStateMachine/install/robot_msg/share/robot_msg/package.sh'
[61.020s] INFO:colcon.colcon_core.shell:Creating package script '/home/sunrise/TWStateMachine/install/robot_msg/share/robot_msg/package.bash'
[61.023s] INFO:colcon.colcon_core.shell:Creating package script '/home/sunrise/TWStateMachine/install/robot_msg/share/robot_msg/package.zsh'
[61.025s] Level 1:colcon.colcon_core.environment:create_file_with_runtime_dependencies(/home/sunrise/TWStateMachine/install/robot_msg/share/colcon-core/packages/robot_msg)
[61.028s] Level 1:colcon.colcon_core.environment:create_environment_scripts_only(robot_msg)
[61.030s] Level 1:colcon.colcon_core.environment:checking '/home/sunrise/TWStateMachine/install/robot_msg' for CMake module files
[61.034s] Level 1:colcon.colcon_core.environment:checking '/home/sunrise/TWStateMachine/install/robot_msg' for CMake config files
[61.038s] Level 1:colcon.colcon_core.shell:create_environment_hook('robot_msg', 'cmake_prefix_path')
[61.040s] INFO:colcon.colcon_core.shell:Creating environment hook '/home/sunrise/TWStateMachine/install/robot_msg/share/robot_msg/hook/cmake_prefix_path.ps1'
[61.042s] INFO:colcon.colcon_core.shell:Creating environment descriptor '/home/sunrise/TWStateMachine/install/robot_msg/share/robot_msg/hook/cmake_prefix_path.dsv'
[61.044s] INFO:colcon.colcon_core.shell:Creating environment hook '/home/sunrise/TWStateMachine/install/robot_msg/share/robot_msg/hook/cmake_prefix_path.sh'
[61.048s] Level 1:colcon.colcon_core.environment:checking '/home/sunrise/TWStateMachine/install/robot_msg/lib'
[61.048s] Level 1:colcon.colcon_core.shell:create_environment_hook('robot_msg', 'ld_library_path_lib')
[61.050s] INFO:colcon.colcon_core.shell:Creating environment hook '/home/sunrise/TWStateMachine/install/robot_msg/share/robot_msg/hook/ld_library_path_lib.ps1'
[61.052s] INFO:colcon.colcon_core.shell:Creating environment descriptor '/home/sunrise/TWStateMachine/install/robot_msg/share/robot_msg/hook/ld_library_path_lib.dsv'
[61.054s] INFO:colcon.colcon_core.shell:Creating environment hook '/home/sunrise/TWStateMachine/install/robot_msg/share/robot_msg/hook/ld_library_path_lib.sh'
[61.056s] Level 1:colcon.colcon_core.environment:checking '/home/sunrise/TWStateMachine/install/robot_msg/bin'
[61.056s] Level 1:colcon.colcon_core.environment:checking '/home/sunrise/TWStateMachine/install/robot_msg/lib/pkgconfig/robot_msg.pc'
[61.057s] Level 1:colcon.colcon_core.environment:checking '/home/sunrise/TWStateMachine/install/robot_msg/lib/python3.10/site-packages'
[61.060s] Level 1:colcon.colcon_core.environment:checking '/home/sunrise/TWStateMachine/install/robot_msg/bin'
[61.062s] INFO:colcon.colcon_core.shell:Creating package script '/home/sunrise/TWStateMachine/install/robot_msg/share/robot_msg/package.ps1'
[61.065s] INFO:colcon.colcon_core.shell:Creating package descriptor '/home/sunrise/TWStateMachine/install/robot_msg/share/robot_msg/package.dsv'
[61.069s] INFO:colcon.colcon_core.shell:Creating package script '/home/sunrise/TWStateMachine/install/robot_msg/share/robot_msg/package.sh'
[61.071s] INFO:colcon.colcon_core.shell:Creating package script '/home/sunrise/TWStateMachine/install/robot_msg/share/robot_msg/package.bash'
[61.074s] INFO:colcon.colcon_core.shell:Creating package script '/home/sunrise/TWStateMachine/install/robot_msg/share/robot_msg/package.zsh'
[61.076s] Level 1:colcon.colcon_core.environment:create_file_with_runtime_dependencies(/home/sunrise/TWStateMachine/install/robot_msg/share/colcon-core/packages/robot_msg)
[61.077s] DEBUG:colcon.colcon_parallel_executor.executor.parallel:closing loop
[61.079s] DEBUG:colcon.colcon_parallel_executor.executor.parallel:loop closed
[61.079s] DEBUG:colcon.colcon_parallel_executor.executor.parallel:run_until_complete finished with '0'
[61.080s] DEBUG:colcon.colcon_core.event_reactor:joining thread
[61.107s] INFO:colcon.colcon_core.plugin_system:Skipping extension 'colcon_notification.desktop_notification.notify_send': Could not find 'notify-send'
[61.108s] INFO:colcon.colcon_core.plugin_system:Skipping extension 'colcon_notification.desktop_notification.terminal_notifier': Not used on non-Darwin systems
[61.109s] INFO:colcon.colcon_core.plugin_system:Skipping extension 'colcon_notification.desktop_notification.win32': Not used on non-Windows systems
[61.109s] INFO:colcon.colcon_notification.desktop_notification:Sending desktop notification using 'notify2'
[61.175s] DEBUG:colcon.colcon_core.event_reactor:joined thread
[61.179s] INFO:colcon.colcon_core.shell:Creating prefix script '/home/sunrise/TWStateMachine/install/local_setup.ps1'
[61.186s] INFO:colcon.colcon_core.shell:Creating prefix util module '/home/sunrise/TWStateMachine/install/_local_setup_util_ps1.py'
[61.194s] INFO:colcon.colcon_core.shell:Creating prefix chain script '/home/sunrise/TWStateMachine/install/setup.ps1'
[61.200s] INFO:colcon.colcon_core.shell:Creating prefix script '/home/sunrise/TWStateMachine/install/local_setup.sh'
[61.203s] INFO:colcon.colcon_core.shell:Creating prefix util module '/home/sunrise/TWStateMachine/install/_local_setup_util_sh.py'
[61.207s] INFO:colcon.colcon_core.shell:Creating prefix chain script '/home/sunrise/TWStateMachine/install/setup.sh'
[61.213s] INFO:colcon.colcon_core.shell:Creating prefix script '/home/sunrise/TWStateMachine/install/local_setup.bash'
[61.217s] INFO:colcon.colcon_core.shell:Creating prefix chain script '/home/sunrise/TWStateMachine/install/setup.bash'
[61.222s] INFO:colcon.colcon_core.shell:Creating prefix script '/home/sunrise/TWStateMachine/install/local_setup.zsh'
[61.225s] INFO:colcon.colcon_core.shell:Creating prefix chain script '/home/sunrise/TWStateMachine/install/setup.zsh'
