[3.911s] Invoking command in '/home/sunrise/TWStateMachine/src/robot_state_machine': CONDA_PROMPT_MODIFIER=(TWStateMachine) PYTHONPATH=/home/sunrise/TWStateMachine/build/robot_state_machine/prefix_override:/usr/lib/python3/dist-packages/colcon_core/task/python/colcon_distutils_commands:/home/sunrise/TWStateMachine/install/robot_state_machine/lib/python3.10/site-packages:${PYTHONPATH} /usr/bin/python3 -W ignore:setup.py install is deprecated -W ignore:easy_install command is deprecated setup.py egg_info --egg-base ../../build/robot_state_machine build --build-base /home/sunrise/TWStateMachine/build/robot_state_machine/build install --record /home/sunrise/TWStateMachine/build/robot_state_machine/install.log --single-version-externally-managed install_data
[5.439s] running egg_info
[5.538s] creating ../../build/robot_state_machine/robot_state_machine.egg-info
[5.539s] writing ../../build/robot_state_machine/robot_state_machine.egg-info/PKG-INFO
[5.542s] writing dependency_links to ../../build/robot_state_machine/robot_state_machine.egg-info/dependency_links.txt
[5.543s] writing entry points to ../../build/robot_state_machine/robot_state_machine.egg-info/entry_points.txt
[5.545s] writing requirements to ../../build/robot_state_machine/robot_state_machine.egg-info/requires.txt
[5.545s] writing top-level names to ../../build/robot_state_machine/robot_state_machine.egg-info/top_level.txt
[5.546s] writing manifest file '../../build/robot_state_machine/robot_state_machine.egg-info/SOURCES.txt'
[5.768s] reading manifest file '../../build/robot_state_machine/robot_state_machine.egg-info/SOURCES.txt'
[5.782s] writing manifest file '../../build/robot_state_machine/robot_state_machine.egg-info/SOURCES.txt'
[5.783s] running build
[5.783s] running build_py
[5.785s] creating /home/sunrise/TWStateMachine/build/robot_state_machine/build/lib/robot_state_machine
[5.786s] copying robot_state_machine/main_node_online_npy.py -> /home/sunrise/TWStateMachine/build/robot_state_machine/build/lib/robot_state_machine
[5.787s] copying robot_state_machine/robot_pose_solver.py -> /home/sunrise/TWStateMachine/build/robot_state_machine/build/lib/robot_state_machine
[5.788s] copying robot_state_machine/main_node.py -> /home/sunrise/TWStateMachine/build/robot_state_machine/build/lib/robot_state_machine
[5.790s] copying robot_state_machine/search_follow_module.py -> /home/sunrise/TWStateMachine/build/robot_state_machine/build/lib/robot_state_machine
[5.791s] copying robot_state_machine/obstacle_avoidance_module.py -> /home/sunrise/TWStateMachine/build/robot_state_machine/build/lib/robot_state_machine
[5.791s] copying robot_state_machine/mpu_read_parse.py -> /home/sunrise/TWStateMachine/build/robot_state_machine/build/lib/robot_state_machine
[5.792s] copying robot_state_machine/edge_min_hw_pipeline.py -> /home/sunrise/TWStateMachine/build/robot_state_machine/build/lib/robot_state_machine
[5.793s] copying robot_state_machine/follow_module.py -> /home/sunrise/TWStateMachine/build/robot_state_machine/build/lib/robot_state_machine
[5.794s] copying robot_state_machine/search_module.py -> /home/sunrise/TWStateMachine/build/robot_state_machine/build/lib/robot_state_machine
[5.795s] copying robot_state_machine/online_npy_test.py -> /home/sunrise/TWStateMachine/build/robot_state_machine/build/lib/robot_state_machine
[5.796s] copying robot_state_machine/__init__.py -> /home/sunrise/TWStateMachine/build/robot_state_machine/build/lib/robot_state_machine
[5.797s] copying robot_state_machine/out_node.py -> /home/sunrise/TWStateMachine/build/robot_state_machine/build/lib/robot_state_machine
[5.798s] copying robot_state_machine/main_node_offline_npy.py -> /home/sunrise/TWStateMachine/build/robot_state_machine/build/lib/robot_state_machine
[5.799s] copying robot_state_machine/main_node_offline.py -> /home/sunrise/TWStateMachine/build/robot_state_machine/build/lib/robot_state_machine
[5.801s] copying robot_state_machine/scan_module.py -> /home/sunrise/TWStateMachine/build/robot_state_machine/build/lib/robot_state_machine
[5.803s] creating /home/sunrise/TWStateMachine/build/robot_state_machine/build/lib/robot_state_machine/utils
[5.804s] copying robot_state_machine/utils/monitor_npy.py -> /home/sunrise/TWStateMachine/build/robot_state_machine/build/lib/robot_state_machine/utils
[5.805s] copying robot_state_machine/utils/robot_protocol.py -> /home/sunrise/TWStateMachine/build/robot_state_machine/build/lib/robot_state_machine/utils
[5.806s] copying robot_state_machine/utils/cloude_http_client.py -> /home/sunrise/TWStateMachine/build/robot_state_machine/build/lib/robot_state_machine/utils
[5.807s] copying robot_state_machine/utils/cubic_spline.py -> /home/sunrise/TWStateMachine/build/robot_state_machine/build/lib/robot_state_machine/utils
[5.808s] copying robot_state_machine/utils/robot_protocol_single.py -> /home/sunrise/TWStateMachine/build/robot_state_machine/build/lib/robot_state_machine/utils
[5.809s] copying robot_state_machine/utils/split_npz.py -> /home/sunrise/TWStateMachine/build/robot_state_machine/build/lib/robot_state_machine/utils
[5.810s] copying robot_state_machine/utils/readnpy.py -> /home/sunrise/TWStateMachine/build/robot_state_machine/build/lib/robot_state_machine/utils
[5.811s] copying robot_state_machine/utils/admittance_calculate.py -> /home/sunrise/TWStateMachine/build/robot_state_machine/build/lib/robot_state_machine/utils
[5.812s] copying robot_state_machine/utils/gazeShifting_mechanism_simulation.py -> /home/sunrise/TWStateMachine/build/robot_state_machine/build/lib/robot_state_machine/utils
[5.813s] copying robot_state_machine/utils/robot_protocol_trajectory_test.py -> /home/sunrise/TWStateMachine/build/robot_state_machine/build/lib/robot_state_machine/utils
[5.814s] copying robot_state_machine/utils/__init__.py -> /home/sunrise/TWStateMachine/build/robot_state_machine/build/lib/robot_state_machine/utils
[5.815s] copying robot_state_machine/utils/gRPC_client.py -> /home/sunrise/TWStateMachine/build/robot_state_machine/build/lib/robot_state_machine/utils
[5.815s] copying robot_state_machine/utils/robot_protocol_out.py -> /home/sunrise/TWStateMachine/build/robot_state_machine/build/lib/robot_state_machine/utils
[5.816s] copying robot_state_machine/utils/voice_agent_pb2_grpc.py -> /home/sunrise/TWStateMachine/build/robot_state_machine/build/lib/robot_state_machine/utils
[5.817s] copying robot_state_machine/utils/media_stream_pb2.py -> /home/sunrise/TWStateMachine/build/robot_state_machine/build/lib/robot_state_machine/utils
[5.818s] copying robot_state_machine/utils/media_stream_pb2_grpc.py -> /home/sunrise/TWStateMachine/build/robot_state_machine/build/lib/robot_state_machine/utils
[5.819s] copying robot_state_machine/utils/gRPC_server.py -> /home/sunrise/TWStateMachine/build/robot_state_machine/build/lib/robot_state_machine/utils
[5.820s] copying robot_state_machine/utils/readnpz.py -> /home/sunrise/TWStateMachine/build/robot_state_machine/build/lib/robot_state_machine/utils
[5.821s] copying robot_state_machine/utils/voice_agent_pb2.py -> /home/sunrise/TWStateMachine/build/robot_state_machine/build/lib/robot_state_machine/utils
[5.822s] creating /home/sunrise/TWStateMachine/build/robot_state_machine/build/lib/robot_state_machine/utils/Interpolation
[5.823s] copying robot_state_machine/utils/Interpolation/easy_MotionInterpolator.py -> /home/sunrise/TWStateMachine/build/robot_state_machine/build/lib/robot_state_machine/utils/Interpolation
[5.824s] copying robot_state_machine/utils/Interpolation/__init__.py -> /home/sunrise/TWStateMachine/build/robot_state_machine/build/lib/robot_state_machine/utils/Interpolation
[5.825s] creating /home/sunrise/TWStateMachine/build/robot_state_machine/build/lib/robot_state_machine/utils/IK_Redirection
[5.826s] copying robot_state_machine/utils/IK_Redirection/txt_visual.py -> /home/sunrise/TWStateMachine/build/robot_state_machine/build/lib/robot_state_machine/utils/IK_Redirection
[5.827s] copying robot_state_machine/utils/IK_Redirection/npy_visual.py -> /home/sunrise/TWStateMachine/build/robot_state_machine/build/lib/robot_state_machine/utils/IK_Redirection
[5.827s] copying robot_state_machine/utils/IK_Redirection/__init__.py -> /home/sunrise/TWStateMachine/build/robot_state_machine/build/lib/robot_state_machine/utils/IK_Redirection
[5.828s] copying robot_state_machine/utils/IK_Redirection/ik_redirection_new.py -> /home/sunrise/TWStateMachine/build/robot_state_machine/build/lib/robot_state_machine/utils/IK_Redirection
[5.829s] copying robot_state_machine/utils/IK_Redirection/config.py -> /home/sunrise/TWStateMachine/build/robot_state_machine/build/lib/robot_state_machine/utils/IK_Redirection
[5.830s] copying robot_state_machine/utils/IK_Redirection/ik_redirection.py -> /home/sunrise/TWStateMachine/build/robot_state_machine/build/lib/robot_state_machine/utils/IK_Redirection
[5.831s] creating /home/sunrise/TWStateMachine/build/robot_state_machine/build/lib/robot_state_machine/utils/Interpolation/phc
[5.832s] copying robot_state_machine/utils/Interpolation/phc/__init__.py -> /home/sunrise/TWStateMachine/build/robot_state_machine/build/lib/robot_state_machine/utils/Interpolation/phc
[5.833s] copying robot_state_machine/utils/Interpolation/phc/run.py -> /home/sunrise/TWStateMachine/build/robot_state_machine/build/lib/robot_state_machine/utils/Interpolation/phc
[5.836s] creating /home/sunrise/TWStateMachine/build/robot_state_machine/build/lib/robot_state_machine/utils/Interpolation/phc/learning
[5.836s] copying robot_state_machine/utils/Interpolation/phc/learning/vq_quantizer.py -> /home/sunrise/TWStateMachine/build/robot_state_machine/build/lib/robot_state_machine/utils/Interpolation/phc/learning
[5.837s] copying robot_state_machine/utils/Interpolation/phc/learning/network_builder.py -> /home/sunrise/TWStateMachine/build/robot_state_machine/build/lib/robot_state_machine/utils/Interpolation/phc/learning
[5.838s] copying robot_state_machine/utils/Interpolation/phc/learning/loss_functions.py -> /home/sunrise/TWStateMachine/build/robot_state_machine/build/lib/robot_state_machine/utils/Interpolation/phc/learning
[5.839s] copying robot_state_machine/utils/Interpolation/phc/learning/pnn.py -> /home/sunrise/TWStateMachine/build/robot_state_machine/build/lib/robot_state_machine/utils/Interpolation/phc/learning
[5.840s] copying robot_state_machine/utils/Interpolation/phc/learning/common_player.py -> /home/sunrise/TWStateMachine/build/robot_state_machine/build/lib/robot_state_machine/utils/Interpolation/phc/learning
[5.841s] copying robot_state_machine/utils/Interpolation/phc/learning/amp_network_mcp_builder.py -> /home/sunrise/TWStateMachine/build/robot_state_machine/build/lib/robot_state_machine/utils/Interpolation/phc/learning
[5.842s] copying robot_state_machine/utils/Interpolation/phc/learning/amp_models.py -> /home/sunrise/TWStateMachine/build/robot_state_machine/build/lib/robot_state_machine/utils/Interpolation/phc/learning
[5.843s] copying robot_state_machine/utils/Interpolation/phc/learning/im_amp.py -> /home/sunrise/TWStateMachine/build/robot_state_machine/build/lib/robot_state_machine/utils/Interpolation/phc/learning
[5.844s] copying robot_state_machine/utils/Interpolation/phc/learning/__init__.py -> /home/sunrise/TWStateMachine/build/robot_state_machine/build/lib/robot_state_machine/utils/Interpolation/phc/learning
[5.845s] copying robot_state_machine/utils/Interpolation/phc/learning/ar_prior.py -> /home/sunrise/TWStateMachine/build/robot_state_machine/build/lib/robot_state_machine/utils/Interpolation/phc/learning
[5.846s] copying robot_state_machine/utils/Interpolation/phc/learning/replay_buffer.py -> /home/sunrise/TWStateMachine/build/robot_state_machine/build/lib/robot_state_machine/utils/Interpolation/phc/learning
[5.847s] copying robot_state_machine/utils/Interpolation/phc/learning/running_norm.py -> /home/sunrise/TWStateMachine/build/robot_state_machine/build/lib/robot_state_machine/utils/Interpolation/phc/learning
[5.848s] copying robot_state_machine/utils/Interpolation/phc/learning/transformer.py -> /home/sunrise/TWStateMachine/build/robot_state_machine/build/lib/robot_state_machine/utils/Interpolation/phc/learning
[5.849s] copying robot_state_machine/utils/Interpolation/phc/learning/amp_network_builder.py -> /home/sunrise/TWStateMachine/build/robot_state_machine/build/lib/robot_state_machine/utils/Interpolation/phc/learning
[5.850s] copying robot_state_machine/utils/Interpolation/phc/learning/amp_agent.py -> /home/sunrise/TWStateMachine/build/robot_state_machine/build/lib/robot_state_machine/utils/Interpolation/phc/learning
[5.851s] copying robot_state_machine/utils/Interpolation/phc/learning/amp_datasets.py -> /home/sunrise/TWStateMachine/build/robot_state_machine/build/lib/robot_state_machine/utils/Interpolation/phc/learning
[5.852s] copying robot_state_machine/utils/Interpolation/phc/learning/amp_network_pnn_builder.py -> /home/sunrise/TWStateMachine/build/robot_state_machine/build/lib/robot_state_machine/utils/Interpolation/phc/learning
[5.852s] copying robot_state_machine/utils/Interpolation/phc/learning/common_agent.py -> /home/sunrise/TWStateMachine/build/robot_state_machine/build/lib/robot_state_machine/utils/Interpolation/phc/learning
[5.854s] copying robot_state_machine/utils/Interpolation/phc/learning/im_amp_players.py -> /home/sunrise/TWStateMachine/build/robot_state_machine/build/lib/robot_state_machine/utils/Interpolation/phc/learning
[5.855s] copying robot_state_machine/utils/Interpolation/phc/learning/network_loader.py -> /home/sunrise/TWStateMachine/build/robot_state_machine/build/lib/robot_state_machine/utils/Interpolation/phc/learning
[5.855s] copying robot_state_machine/utils/Interpolation/phc/learning/amp_players.py -> /home/sunrise/TWStateMachine/build/robot_state_machine/build/lib/robot_state_machine/utils/Interpolation/phc/learning
[5.857s] copying robot_state_machine/utils/Interpolation/phc/learning/transformer_layers.py -> /home/sunrise/TWStateMachine/build/robot_state_machine/build/lib/robot_state_machine/utils/Interpolation/phc/learning
[5.858s] creating /home/sunrise/TWStateMachine/build/robot_state_machine/build/lib/robot_state_machine/utils/Interpolation/phc/env
[5.859s] copying robot_state_machine/utils/Interpolation/phc/env/__init__.py -> /home/sunrise/TWStateMachine/build/robot_state_machine/build/lib/robot_state_machine/utils/Interpolation/phc/env
[5.861s] creating /home/sunrise/TWStateMachine/build/robot_state_machine/build/lib/robot_state_machine/utils/Interpolation/phc/utils
[5.862s] copying robot_state_machine/utils/Interpolation/phc/utils/pytorch3d_transforms.py -> /home/sunrise/TWStateMachine/build/robot_state_machine/build/lib/robot_state_machine/utils/Interpolation/phc/utils
[5.863s] copying robot_state_machine/utils/Interpolation/phc/utils/rotation_conversions.py -> /home/sunrise/TWStateMachine/build/robot_state_machine/build/lib/robot_state_machine/utils/Interpolation/phc/utils
[5.864s] copying robot_state_machine/utils/Interpolation/phc/utils/flags.py -> /home/sunrise/TWStateMachine/build/robot_state_machine/build/lib/robot_state_machine/utils/Interpolation/phc/utils
[5.865s] copying robot_state_machine/utils/Interpolation/phc/utils/torch_MMRAV6_Assembly_batch.py -> /home/sunrise/TWStateMachine/build/robot_state_machine/build/lib/robot_state_machine/utils/Interpolation/phc/utils
[5.866s] copying robot_state_machine/utils/Interpolation/phc/utils/o3d_utils.py -> /home/sunrise/TWStateMachine/build/robot_state_machine/build/lib/robot_state_machine/utils/Interpolation/phc/utils
[5.867s] copying robot_state_machine/utils/Interpolation/phc/utils/traj_generator.py -> /home/sunrise/TWStateMachine/build/robot_state_machine/build/lib/robot_state_machine/utils/Interpolation/phc/utils
[5.868s] copying robot_state_machine/utils/Interpolation/phc/utils/running_mean_std.py -> /home/sunrise/TWStateMachine/build/robot_state_machine/build/lib/robot_state_machine/utils/Interpolation/phc/utils
[5.869s] copying robot_state_machine/utils/Interpolation/phc/utils/draw_utils.py -> /home/sunrise/TWStateMachine/build/robot_state_machine/build/lib/robot_state_machine/utils/Interpolation/phc/utils
[5.870s] copying robot_state_machine/utils/Interpolation/phc/utils/torch_h1_humanoid_batch.py -> /home/sunrise/TWStateMachine/build/robot_state_machine/build/lib/robot_state_machine/utils/Interpolation/phc/utils
[5.871s] copying robot_state_machine/utils/Interpolation/phc/utils/logger.py -> /home/sunrise/TWStateMachine/build/robot_state_machine/build/lib/robot_state_machine/utils/Interpolation/phc/utils
[5.872s] copying robot_state_machine/utils/Interpolation/phc/utils/data_tree.py -> /home/sunrise/TWStateMachine/build/robot_state_machine/build/lib/robot_state_machine/utils/Interpolation/phc/utils
[5.872s] copying robot_state_machine/utils/Interpolation/phc/utils/__init__.py -> /home/sunrise/TWStateMachine/build/robot_state_machine/build/lib/robot_state_machine/utils/Interpolation/phc/utils
[5.873s] copying robot_state_machine/utils/Interpolation/phc/utils/plot_script.py -> /home/sunrise/TWStateMachine/build/robot_state_machine/build/lib/robot_state_machine/utils/Interpolation/phc/utils
[5.874s] copying robot_state_machine/utils/Interpolation/phc/utils/torch_utils.py -> /home/sunrise/TWStateMachine/build/robot_state_machine/build/lib/robot_state_machine/utils/Interpolation/phc/utils
[5.875s] copying robot_state_machine/utils/Interpolation/phc/utils/motion_lib_base.py -> /home/sunrise/TWStateMachine/build/robot_state_machine/build/lib/robot_state_machine/utils/Interpolation/phc/utils
[5.877s] copying robot_state_machine/utils/Interpolation/phc/utils/uhc_transform_utils.py -> /home/sunrise/TWStateMachine/build/robot_state_machine/build/lib/robot_state_machine/utils/Interpolation/phc/utils
[5.877s] copying robot_state_machine/utils/Interpolation/phc/utils/motion_lib_smpl.py -> /home/sunrise/TWStateMachine/build/robot_state_machine/build/lib/robot_state_machine/utils/Interpolation/phc/utils
[5.878s] copying robot_state_machine/utils/Interpolation/phc/utils/parse_task.py -> /home/sunrise/TWStateMachine/build/robot_state_machine/build/lib/robot_state_machine/utils/Interpolation/phc/utils
[5.879s] copying robot_state_machine/utils/Interpolation/phc/utils/config.py -> /home/sunrise/TWStateMachine/build/robot_state_machine/build/lib/robot_state_machine/utils/Interpolation/phc/utils
[5.880s] copying robot_state_machine/utils/Interpolation/phc/utils/transform_utils.py -> /home/sunrise/TWStateMachine/build/robot_state_machine/build/lib/robot_state_machine/utils/Interpolation/phc/utils
[5.881s] copying robot_state_machine/utils/Interpolation/phc/utils/benchmarking.py -> /home/sunrise/TWStateMachine/build/robot_state_machine/build/lib/robot_state_machine/utils/Interpolation/phc/utils
[5.882s] copying robot_state_machine/utils/Interpolation/phc/utils/motion_lib_h1.py -> /home/sunrise/TWStateMachine/build/robot_state_machine/build/lib/robot_state_machine/utils/Interpolation/phc/utils
[5.884s] creating /home/sunrise/TWStateMachine/build/robot_state_machine/build/lib/robot_state_machine/utils/Interpolation/phc/learning/unrealego
[5.884s] copying robot_state_machine/utils/Interpolation/phc/learning/unrealego/unrealego_autoencoder_model.py -> /home/sunrise/TWStateMachine/build/robot_state_machine/build/lib/robot_state_machine/utils/Interpolation/phc/learning/unrealego
[5.885s] copying robot_state_machine/utils/Interpolation/phc/learning/unrealego/base_model.py -> /home/sunrise/TWStateMachine/build/robot_state_machine/build/lib/robot_state_machine/utils/Interpolation/phc/learning/unrealego
[5.886s] copying robot_state_machine/utils/Interpolation/phc/learning/unrealego/unrealego_heatmap_shared_model.py -> /home/sunrise/TWStateMachine/build/robot_state_machine/build/lib/robot_state_machine/utils/Interpolation/phc/learning/unrealego
[5.887s] copying robot_state_machine/utils/Interpolation/phc/learning/unrealego/__init__.py -> /home/sunrise/TWStateMachine/build/robot_state_machine/build/lib/robot_state_machine/utils/Interpolation/phc/learning/unrealego
[5.888s] copying robot_state_machine/utils/Interpolation/phc/learning/unrealego/network.py -> /home/sunrise/TWStateMachine/build/robot_state_machine/build/lib/robot_state_machine/utils/Interpolation/phc/learning/unrealego
[5.889s] copying robot_state_machine/utils/Interpolation/phc/learning/unrealego/egoglass_model.py -> /home/sunrise/TWStateMachine/build/robot_state_machine/build/lib/robot_state_machine/utils/Interpolation/phc/learning/unrealego
[5.890s] copying robot_state_machine/utils/Interpolation/phc/learning/unrealego/network_debug.py -> /home/sunrise/TWStateMachine/build/robot_state_machine/build/lib/robot_state_machine/utils/Interpolation/phc/learning/unrealego
[5.891s] copying robot_state_machine/utils/Interpolation/phc/learning/unrealego/models.py -> /home/sunrise/TWStateMachine/build/robot_state_machine/build/lib/robot_state_machine/utils/Interpolation/phc/learning/unrealego
[5.893s] creating /home/sunrise/TWStateMachine/build/robot_state_machine/build/lib/robot_state_machine/utils/Interpolation/phc/env/tasks
[5.894s] copying robot_state_machine/utils/Interpolation/phc/env/tasks/humanoid_speed.py -> /home/sunrise/TWStateMachine/build/robot_state_machine/build/lib/robot_state_machine/utils/Interpolation/phc/env/tasks
[5.895s] copying robot_state_machine/utils/Interpolation/phc/env/tasks/vec_task.py -> /home/sunrise/TWStateMachine/build/robot_state_machine/build/lib/robot_state_machine/utils/Interpolation/phc/env/tasks
[5.896s] copying robot_state_machine/utils/Interpolation/phc/env/tasks/humanoid_im_mcp.py -> /home/sunrise/TWStateMachine/build/robot_state_machine/build/lib/robot_state_machine/utils/Interpolation/phc/env/tasks
[5.897s] copying robot_state_machine/utils/Interpolation/phc/env/tasks/humanoid_amp_getup.py -> /home/sunrise/TWStateMachine/build/robot_state_machine/build/lib/robot_state_machine/utils/Interpolation/phc/env/tasks
[5.897s] copying robot_state_machine/utils/Interpolation/phc/env/tasks/humanoid_im_demo.py -> /home/sunrise/TWStateMachine/build/robot_state_machine/build/lib/robot_state_machine/utils/Interpolation/phc/env/tasks
[5.898s] copying robot_state_machine/utils/Interpolation/phc/env/tasks/humanoid_im_getup.py -> /home/sunrise/TWStateMachine/build/robot_state_machine/build/lib/robot_state_machine/utils/Interpolation/phc/env/tasks
[5.899s] copying robot_state_machine/utils/Interpolation/phc/env/tasks/base_task.py -> /home/sunrise/TWStateMachine/build/robot_state_machine/build/lib/robot_state_machine/utils/Interpolation/phc/env/tasks
[5.900s] copying robot_state_machine/utils/Interpolation/phc/env/tasks/humanoid_im.py -> /home/sunrise/TWStateMachine/build/robot_state_machine/build/lib/robot_state_machine/utils/Interpolation/phc/env/tasks
[5.902s] copying robot_state_machine/utils/Interpolation/phc/env/tasks/__init__.py -> /home/sunrise/TWStateMachine/build/robot_state_machine/build/lib/robot_state_machine/utils/Interpolation/phc/env/tasks
[5.903s] copying robot_state_machine/utils/Interpolation/phc/env/tasks/vec_task_wrappers.py -> /home/sunrise/TWStateMachine/build/robot_state_machine/build/lib/robot_state_machine/utils/Interpolation/phc/env/tasks
[5.903s] copying robot_state_machine/utils/Interpolation/phc/env/tasks/humanoid_amp_task.py -> /home/sunrise/TWStateMachine/build/robot_state_machine/build/lib/robot_state_machine/utils/Interpolation/phc/env/tasks
[5.904s] copying robot_state_machine/utils/Interpolation/phc/env/tasks/humanoid_im_mcp_demo.py -> /home/sunrise/TWStateMachine/build/robot_state_machine/build/lib/robot_state_machine/utils/Interpolation/phc/env/tasks
[5.905s] copying robot_state_machine/utils/Interpolation/phc/env/tasks/humanoid.py -> /home/sunrise/TWStateMachine/build/robot_state_machine/build/lib/robot_state_machine/utils/Interpolation/phc/env/tasks
[5.907s] copying robot_state_machine/utils/Interpolation/phc/env/tasks/humanoid_im_mcp_getup.py -> /home/sunrise/TWStateMachine/build/robot_state_machine/build/lib/robot_state_machine/utils/Interpolation/phc/env/tasks
[5.908s] copying robot_state_machine/utils/Interpolation/phc/env/tasks/humanoid_amp.py -> /home/sunrise/TWStateMachine/build/robot_state_machine/build/lib/robot_state_machine/utils/Interpolation/phc/env/tasks
[5.926s] running install
[5.959s] running install_lib
[6.059s] creating /home/sunrise/TWStateMachine/install/robot_state_machine/lib/python3.10/site-packages/robot_state_machine
[6.060s] copying /home/sunrise/TWStateMachine/build/robot_state_machine/build/lib/robot_state_machine/main_node_online_npy.py -> /home/sunrise/TWStateMachine/install/robot_state_machine/lib/python3.10/site-packages/robot_state_machine
[6.061s] copying /home/sunrise/TWStateMachine/build/robot_state_machine/build/lib/robot_state_machine/robot_pose_solver.py -> /home/sunrise/TWStateMachine/install/robot_state_machine/lib/python3.10/site-packages/robot_state_machine
[6.063s] copying /home/sunrise/TWStateMachine/build/robot_state_machine/build/lib/robot_state_machine/main_node.py -> /home/sunrise/TWStateMachine/install/robot_state_machine/lib/python3.10/site-packages/robot_state_machine
[6.064s] copying /home/sunrise/TWStateMachine/build/robot_state_machine/build/lib/robot_state_machine/search_follow_module.py -> /home/sunrise/TWStateMachine/install/robot_state_machine/lib/python3.10/site-packages/robot_state_machine
[6.065s] copying /home/sunrise/TWStateMachine/build/robot_state_machine/build/lib/robot_state_machine/obstacle_avoidance_module.py -> /home/sunrise/TWStateMachine/install/robot_state_machine/lib/python3.10/site-packages/robot_state_machine
[6.066s] copying /home/sunrise/TWStateMachine/build/robot_state_machine/build/lib/robot_state_machine/mpu_read_parse.py -> /home/sunrise/TWStateMachine/install/robot_state_machine/lib/python3.10/site-packages/robot_state_machine
[6.067s] copying /home/sunrise/TWStateMachine/build/robot_state_machine/build/lib/robot_state_machine/edge_min_hw_pipeline.py -> /home/sunrise/TWStateMachine/install/robot_state_machine/lib/python3.10/site-packages/robot_state_machine
[6.068s] copying /home/sunrise/TWStateMachine/build/robot_state_machine/build/lib/robot_state_machine/follow_module.py -> /home/sunrise/TWStateMachine/install/robot_state_machine/lib/python3.10/site-packages/robot_state_machine
[6.070s] copying /home/sunrise/TWStateMachine/build/robot_state_machine/build/lib/robot_state_machine/search_module.py -> /home/sunrise/TWStateMachine/install/robot_state_machine/lib/python3.10/site-packages/robot_state_machine
[6.071s] copying /home/sunrise/TWStateMachine/build/robot_state_machine/build/lib/robot_state_machine/online_npy_test.py -> /home/sunrise/TWStateMachine/install/robot_state_machine/lib/python3.10/site-packages/robot_state_machine
[6.072s] copying /home/sunrise/TWStateMachine/build/robot_state_machine/build/lib/robot_state_machine/__init__.py -> /home/sunrise/TWStateMachine/install/robot_state_machine/lib/python3.10/site-packages/robot_state_machine
[6.073s] copying /home/sunrise/TWStateMachine/build/robot_state_machine/build/lib/robot_state_machine/out_node.py -> /home/sunrise/TWStateMachine/install/robot_state_machine/lib/python3.10/site-packages/robot_state_machine
[6.074s] copying /home/sunrise/TWStateMachine/build/robot_state_machine/build/lib/robot_state_machine/main_node_offline_npy.py -> /home/sunrise/TWStateMachine/install/robot_state_machine/lib/python3.10/site-packages/robot_state_machine
[6.076s] creating /home/sunrise/TWStateMachine/install/robot_state_machine/lib/python3.10/site-packages/robot_state_machine/utils
[6.077s] copying /home/sunrise/TWStateMachine/build/robot_state_machine/build/lib/robot_state_machine/utils/monitor_npy.py -> /home/sunrise/TWStateMachine/install/robot_state_machine/lib/python3.10/site-packages/robot_state_machine/utils
[6.078s] creating /home/sunrise/TWStateMachine/install/robot_state_machine/lib/python3.10/site-packages/robot_state_machine/utils/Interpolation
[6.079s] copying /home/sunrise/TWStateMachine/build/robot_state_machine/build/lib/robot_state_machine/utils/Interpolation/easy_MotionInterpolator.py -> /home/sunrise/TWStateMachine/install/robot_state_machine/lib/python3.10/site-packages/robot_state_machine/utils/Interpolation
[6.080s] copying /home/sunrise/TWStateMachine/build/robot_state_machine/build/lib/robot_state_machine/utils/Interpolation/__init__.py -> /home/sunrise/TWStateMachine/install/robot_state_machine/lib/python3.10/site-packages/robot_state_machine/utils/Interpolation
[6.081s] creating /home/sunrise/TWStateMachine/install/robot_state_machine/lib/python3.10/site-packages/robot_state_machine/utils/Interpolation/phc
[6.082s] creating /home/sunrise/TWStateMachine/install/robot_state_machine/lib/python3.10/site-packages/robot_state_machine/utils/Interpolation/phc/learning
[6.083s] copying /home/sunrise/TWStateMachine/build/robot_state_machine/build/lib/robot_state_machine/utils/Interpolation/phc/learning/vq_quantizer.py -> /home/sunrise/TWStateMachine/install/robot_state_machine/lib/python3.10/site-packages/robot_state_machine/utils/Interpolation/phc/learning
[6.084s] copying /home/sunrise/TWStateMachine/build/robot_state_machine/build/lib/robot_state_machine/utils/Interpolation/phc/learning/network_builder.py -> /home/sunrise/TWStateMachine/install/robot_state_machine/lib/python3.10/site-packages/robot_state_machine/utils/Interpolation/phc/learning
[6.085s] copying /home/sunrise/TWStateMachine/build/robot_state_machine/build/lib/robot_state_machine/utils/Interpolation/phc/learning/loss_functions.py -> /home/sunrise/TWStateMachine/install/robot_state_machine/lib/python3.10/site-packages/robot_state_machine/utils/Interpolation/phc/learning
[6.086s] copying /home/sunrise/TWStateMachine/build/robot_state_machine/build/lib/robot_state_machine/utils/Interpolation/phc/learning/pnn.py -> /home/sunrise/TWStateMachine/install/robot_state_machine/lib/python3.10/site-packages/robot_state_machine/utils/Interpolation/phc/learning
[6.087s] copying /home/sunrise/TWStateMachine/build/robot_state_machine/build/lib/robot_state_machine/utils/Interpolation/phc/learning/common_player.py -> /home/sunrise/TWStateMachine/install/robot_state_machine/lib/python3.10/site-packages/robot_state_machine/utils/Interpolation/phc/learning
[6.088s] creating /home/sunrise/TWStateMachine/install/robot_state_machine/lib/python3.10/site-packages/robot_state_machine/utils/Interpolation/phc/learning/unrealego
[6.089s] copying /home/sunrise/TWStateMachine/build/robot_state_machine/build/lib/robot_state_machine/utils/Interpolation/phc/learning/unrealego/unrealego_autoencoder_model.py -> /home/sunrise/TWStateMachine/install/robot_state_machine/lib/python3.10/site-packages/robot_state_machine/utils/Interpolation/phc/learning/unrealego
[6.090s] copying /home/sunrise/TWStateMachine/build/robot_state_machine/build/lib/robot_state_machine/utils/Interpolation/phc/learning/unrealego/base_model.py -> /home/sunrise/TWStateMachine/install/robot_state_machine/lib/python3.10/site-packages/robot_state_machine/utils/Interpolation/phc/learning/unrealego
[6.091s] copying /home/sunrise/TWStateMachine/build/robot_state_machine/build/lib/robot_state_machine/utils/Interpolation/phc/learning/unrealego/unrealego_heatmap_shared_model.py -> /home/sunrise/TWStateMachine/install/robot_state_machine/lib/python3.10/site-packages/robot_state_machine/utils/Interpolation/phc/learning/unrealego
[6.092s] copying /home/sunrise/TWStateMachine/build/robot_state_machine/build/lib/robot_state_machine/utils/Interpolation/phc/learning/unrealego/__init__.py -> /home/sunrise/TWStateMachine/install/robot_state_machine/lib/python3.10/site-packages/robot_state_machine/utils/Interpolation/phc/learning/unrealego
[6.093s] copying /home/sunrise/TWStateMachine/build/robot_state_machine/build/lib/robot_state_machine/utils/Interpolation/phc/learning/unrealego/network.py -> /home/sunrise/TWStateMachine/install/robot_state_machine/lib/python3.10/site-packages/robot_state_machine/utils/Interpolation/phc/learning/unrealego
[6.094s] copying /home/sunrise/TWStateMachine/build/robot_state_machine/build/lib/robot_state_machine/utils/Interpolation/phc/learning/unrealego/egoglass_model.py -> /home/sunrise/TWStateMachine/install/robot_state_machine/lib/python3.10/site-packages/robot_state_machine/utils/Interpolation/phc/learning/unrealego
[6.095s] copying /home/sunrise/TWStateMachine/build/robot_state_machine/build/lib/robot_state_machine/utils/Interpolation/phc/learning/unrealego/network_debug.py -> /home/sunrise/TWStateMachine/install/robot_state_machine/lib/python3.10/site-packages/robot_state_machine/utils/Interpolation/phc/learning/unrealego
[6.096s] copying /home/sunrise/TWStateMachine/build/robot_state_machine/build/lib/robot_state_machine/utils/Interpolation/phc/learning/unrealego/models.py -> /home/sunrise/TWStateMachine/install/robot_state_machine/lib/python3.10/site-packages/robot_state_machine/utils/Interpolation/phc/learning/unrealego
[6.097s] copying /home/sunrise/TWStateMachine/build/robot_state_machine/build/lib/robot_state_machine/utils/Interpolation/phc/learning/amp_network_mcp_builder.py -> /home/sunrise/TWStateMachine/install/robot_state_machine/lib/python3.10/site-packages/robot_state_machine/utils/Interpolation/phc/learning
[6.097s] copying /home/sunrise/TWStateMachine/build/robot_state_machine/build/lib/robot_state_machine/utils/Interpolation/phc/learning/amp_models.py -> /home/sunrise/TWStateMachine/install/robot_state_machine/lib/python3.10/site-packages/robot_state_machine/utils/Interpolation/phc/learning
[6.098s] copying /home/sunrise/TWStateMachine/build/robot_state_machine/build/lib/robot_state_machine/utils/Interpolation/phc/learning/im_amp.py -> /home/sunrise/TWStateMachine/install/robot_state_machine/lib/python3.10/site-packages/robot_state_machine/utils/Interpolation/phc/learning
[6.099s] copying /home/sunrise/TWStateMachine/build/robot_state_machine/build/lib/robot_state_machine/utils/Interpolation/phc/learning/__init__.py -> /home/sunrise/TWStateMachine/install/robot_state_machine/lib/python3.10/site-packages/robot_state_machine/utils/Interpolation/phc/learning
[6.100s] copying /home/sunrise/TWStateMachine/build/robot_state_machine/build/lib/robot_state_machine/utils/Interpolation/phc/learning/ar_prior.py -> /home/sunrise/TWStateMachine/install/robot_state_machine/lib/python3.10/site-packages/robot_state_machine/utils/Interpolation/phc/learning
[6.101s] copying /home/sunrise/TWStateMachine/build/robot_state_machine/build/lib/robot_state_machine/utils/Interpolation/phc/learning/replay_buffer.py -> /home/sunrise/TWStateMachine/install/robot_state_machine/lib/python3.10/site-packages/robot_state_machine/utils/Interpolation/phc/learning
[6.102s] copying /home/sunrise/TWStateMachine/build/robot_state_machine/build/lib/robot_state_machine/utils/Interpolation/phc/learning/running_norm.py -> /home/sunrise/TWStateMachine/install/robot_state_machine/lib/python3.10/site-packages/robot_state_machine/utils/Interpolation/phc/learning
[6.103s] copying /home/sunrise/TWStateMachine/build/robot_state_machine/build/lib/robot_state_machine/utils/Interpolation/phc/learning/transformer.py -> /home/sunrise/TWStateMachine/install/robot_state_machine/lib/python3.10/site-packages/robot_state_machine/utils/Interpolation/phc/learning
[6.103s] copying /home/sunrise/TWStateMachine/build/robot_state_machine/build/lib/robot_state_machine/utils/Interpolation/phc/learning/amp_network_builder.py -> /home/sunrise/TWStateMachine/install/robot_state_machine/lib/python3.10/site-packages/robot_state_machine/utils/Interpolation/phc/learning
[6.104s] copying /home/sunrise/TWStateMachine/build/robot_state_machine/build/lib/robot_state_machine/utils/Interpolation/phc/learning/amp_agent.py -> /home/sunrise/TWStateMachine/install/robot_state_machine/lib/python3.10/site-packages/robot_state_machine/utils/Interpolation/phc/learning
[6.106s] copying /home/sunrise/TWStateMachine/build/robot_state_machine/build/lib/robot_state_machine/utils/Interpolation/phc/learning/amp_datasets.py -> /home/sunrise/TWStateMachine/install/robot_state_machine/lib/python3.10/site-packages/robot_state_machine/utils/Interpolation/phc/learning
[6.107s] copying /home/sunrise/TWStateMachine/build/robot_state_machine/build/lib/robot_state_machine/utils/Interpolation/phc/learning/amp_network_pnn_builder.py -> /home/sunrise/TWStateMachine/install/robot_state_machine/lib/python3.10/site-packages/robot_state_machine/utils/Interpolation/phc/learning
[6.108s] copying /home/sunrise/TWStateMachine/build/robot_state_machine/build/lib/robot_state_machine/utils/Interpolation/phc/learning/common_agent.py -> /home/sunrise/TWStateMachine/install/robot_state_machine/lib/python3.10/site-packages/robot_state_machine/utils/Interpolation/phc/learning
[6.109s] copying /home/sunrise/TWStateMachine/build/robot_state_machine/build/lib/robot_state_machine/utils/Interpolation/phc/learning/im_amp_players.py -> /home/sunrise/TWStateMachine/install/robot_state_machine/lib/python3.10/site-packages/robot_state_machine/utils/Interpolation/phc/learning
[6.110s] copying /home/sunrise/TWStateMachine/build/robot_state_machine/build/lib/robot_state_machine/utils/Interpolation/phc/learning/network_loader.py -> /home/sunrise/TWStateMachine/install/robot_state_machine/lib/python3.10/site-packages/robot_state_machine/utils/Interpolation/phc/learning
[6.111s] copying /home/sunrise/TWStateMachine/build/robot_state_machine/build/lib/robot_state_machine/utils/Interpolation/phc/learning/amp_players.py -> /home/sunrise/TWStateMachine/install/robot_state_machine/lib/python3.10/site-packages/robot_state_machine/utils/Interpolation/phc/learning
[6.112s] copying /home/sunrise/TWStateMachine/build/robot_state_machine/build/lib/robot_state_machine/utils/Interpolation/phc/learning/transformer_layers.py -> /home/sunrise/TWStateMachine/install/robot_state_machine/lib/python3.10/site-packages/robot_state_machine/utils/Interpolation/phc/learning
[6.113s] creating /home/sunrise/TWStateMachine/install/robot_state_machine/lib/python3.10/site-packages/robot_state_machine/utils/Interpolation/phc/env
[6.114s] creating /home/sunrise/TWStateMachine/install/robot_state_machine/lib/python3.10/site-packages/robot_state_machine/utils/Interpolation/phc/env/tasks
[6.115s] copying /home/sunrise/TWStateMachine/build/robot_state_machine/build/lib/robot_state_machine/utils/Interpolation/phc/env/tasks/humanoid_speed.py -> /home/sunrise/TWStateMachine/install/robot_state_machine/lib/python3.10/site-packages/robot_state_machine/utils/Interpolation/phc/env/tasks
[6.117s] copying /home/sunrise/TWStateMachine/build/robot_state_machine/build/lib/robot_state_machine/utils/Interpolation/phc/env/tasks/vec_task.py -> /home/sunrise/TWStateMachine/install/robot_state_machine/lib/python3.10/site-packages/robot_state_machine/utils/Interpolation/phc/env/tasks
[6.118s] copying /home/sunrise/TWStateMachine/build/robot_state_machine/build/lib/robot_state_machine/utils/Interpolation/phc/env/tasks/humanoid_im_mcp.py -> /home/sunrise/TWStateMachine/install/robot_state_machine/lib/python3.10/site-packages/robot_state_machine/utils/Interpolation/phc/env/tasks
[6.119s] copying /home/sunrise/TWStateMachine/build/robot_state_machine/build/lib/robot_state_machine/utils/Interpolation/phc/env/tasks/humanoid_amp_getup.py -> /home/sunrise/TWStateMachine/install/robot_state_machine/lib/python3.10/site-packages/robot_state_machine/utils/Interpolation/phc/env/tasks
[6.120s] copying /home/sunrise/TWStateMachine/build/robot_state_machine/build/lib/robot_state_machine/utils/Interpolation/phc/env/tasks/humanoid_im_demo.py -> /home/sunrise/TWStateMachine/install/robot_state_machine/lib/python3.10/site-packages/robot_state_machine/utils/Interpolation/phc/env/tasks
[6.121s] copying /home/sunrise/TWStateMachine/build/robot_state_machine/build/lib/robot_state_machine/utils/Interpolation/phc/env/tasks/humanoid_im_getup.py -> /home/sunrise/TWStateMachine/install/robot_state_machine/lib/python3.10/site-packages/robot_state_machine/utils/Interpolation/phc/env/tasks
[6.122s] copying /home/sunrise/TWStateMachine/build/robot_state_machine/build/lib/robot_state_machine/utils/Interpolation/phc/env/tasks/base_task.py -> /home/sunrise/TWStateMachine/install/robot_state_machine/lib/python3.10/site-packages/robot_state_machine/utils/Interpolation/phc/env/tasks
[6.123s] copying /home/sunrise/TWStateMachine/build/robot_state_machine/build/lib/robot_state_machine/utils/Interpolation/phc/env/tasks/humanoid_im.py -> /home/sunrise/TWStateMachine/install/robot_state_machine/lib/python3.10/site-packages/robot_state_machine/utils/Interpolation/phc/env/tasks
[6.124s] copying /home/sunrise/TWStateMachine/build/robot_state_machine/build/lib/robot_state_machine/utils/Interpolation/phc/env/tasks/__init__.py -> /home/sunrise/TWStateMachine/install/robot_state_machine/lib/python3.10/site-packages/robot_state_machine/utils/Interpolation/phc/env/tasks
[6.125s] copying /home/sunrise/TWStateMachine/build/robot_state_machine/build/lib/robot_state_machine/utils/Interpolation/phc/env/tasks/vec_task_wrappers.py -> /home/sunrise/TWStateMachine/install/robot_state_machine/lib/python3.10/site-packages/robot_state_machine/utils/Interpolation/phc/env/tasks
[6.126s] copying /home/sunrise/TWStateMachine/build/robot_state_machine/build/lib/robot_state_machine/utils/Interpolation/phc/env/tasks/humanoid_amp_task.py -> /home/sunrise/TWStateMachine/install/robot_state_machine/lib/python3.10/site-packages/robot_state_machine/utils/Interpolation/phc/env/tasks
[6.128s] copying /home/sunrise/TWStateMachine/build/robot_state_machine/build/lib/robot_state_machine/utils/Interpolation/phc/env/tasks/humanoid_im_mcp_demo.py -> /home/sunrise/TWStateMachine/install/robot_state_machine/lib/python3.10/site-packages/robot_state_machine/utils/Interpolation/phc/env/tasks
[6.129s] copying /home/sunrise/TWStateMachine/build/robot_state_machine/build/lib/robot_state_machine/utils/Interpolation/phc/env/tasks/humanoid.py -> /home/sunrise/TWStateMachine/install/robot_state_machine/lib/python3.10/site-packages/robot_state_machine/utils/Interpolation/phc/env/tasks
[6.130s] copying /home/sunrise/TWStateMachine/build/robot_state_machine/build/lib/robot_state_machine/utils/Interpolation/phc/env/tasks/humanoid_im_mcp_getup.py -> /home/sunrise/TWStateMachine/install/robot_state_machine/lib/python3.10/site-packages/robot_state_machine/utils/Interpolation/phc/env/tasks
[6.131s] copying /home/sunrise/TWStateMachine/build/robot_state_machine/build/lib/robot_state_machine/utils/Interpolation/phc/env/tasks/humanoid_amp.py -> /home/sunrise/TWStateMachine/install/robot_state_machine/lib/python3.10/site-packages/robot_state_machine/utils/Interpolation/phc/env/tasks
[6.132s] copying /home/sunrise/TWStateMachine/build/robot_state_machine/build/lib/robot_state_machine/utils/Interpolation/phc/env/__init__.py -> /home/sunrise/TWStateMachine/install/robot_state_machine/lib/python3.10/site-packages/robot_state_machine/utils/Interpolation/phc/env
[6.133s] copying /home/sunrise/TWStateMachine/build/robot_state_machine/build/lib/robot_state_machine/utils/Interpolation/phc/__init__.py -> /home/sunrise/TWStateMachine/install/robot_state_machine/lib/python3.10/site-packages/robot_state_machine/utils/Interpolation/phc
[6.134s] copying /home/sunrise/TWStateMachine/build/robot_state_machine/build/lib/robot_state_machine/utils/Interpolation/phc/run.py -> /home/sunrise/TWStateMachine/install/robot_state_machine/lib/python3.10/site-packages/robot_state_machine/utils/Interpolation/phc
[6.135s] creating /home/sunrise/TWStateMachine/install/robot_state_machine/lib/python3.10/site-packages/robot_state_machine/utils/Interpolation/phc/utils
[6.136s] copying /home/sunrise/TWStateMachine/build/robot_state_machine/build/lib/robot_state_machine/utils/Interpolation/phc/utils/pytorch3d_transforms.py -> /home/sunrise/TWStateMachine/install/robot_state_machine/lib/python3.10/site-packages/robot_state_machine/utils/Interpolation/phc/utils
[6.137s] copying /home/sunrise/TWStateMachine/build/robot_state_machine/build/lib/robot_state_machine/utils/Interpolation/phc/utils/rotation_conversions.py -> /home/sunrise/TWStateMachine/install/robot_state_machine/lib/python3.10/site-packages/robot_state_machine/utils/Interpolation/phc/utils
[6.138s] copying /home/sunrise/TWStateMachine/build/robot_state_machine/build/lib/robot_state_machine/utils/Interpolation/phc/utils/flags.py -> /home/sunrise/TWStateMachine/install/robot_state_machine/lib/python3.10/site-packages/robot_state_machine/utils/Interpolation/phc/utils
[6.139s] copying /home/sunrise/TWStateMachine/build/robot_state_machine/build/lib/robot_state_machine/utils/Interpolation/phc/utils/torch_MMRAV6_Assembly_batch.py -> /home/sunrise/TWStateMachine/install/robot_state_machine/lib/python3.10/site-packages/robot_state_machine/utils/Interpolation/phc/utils
[6.140s] copying /home/sunrise/TWStateMachine/build/robot_state_machine/build/lib/robot_state_machine/utils/Interpolation/phc/utils/o3d_utils.py -> /home/sunrise/TWStateMachine/install/robot_state_machine/lib/python3.10/site-packages/robot_state_machine/utils/Interpolation/phc/utils
[6.141s] copying /home/sunrise/TWStateMachine/build/robot_state_machine/build/lib/robot_state_machine/utils/Interpolation/phc/utils/traj_generator.py -> /home/sunrise/TWStateMachine/install/robot_state_machine/lib/python3.10/site-packages/robot_state_machine/utils/Interpolation/phc/utils
[6.142s] copying /home/sunrise/TWStateMachine/build/robot_state_machine/build/lib/robot_state_machine/utils/Interpolation/phc/utils/running_mean_std.py -> /home/sunrise/TWStateMachine/install/robot_state_machine/lib/python3.10/site-packages/robot_state_machine/utils/Interpolation/phc/utils
[6.143s] copying /home/sunrise/TWStateMachine/build/robot_state_machine/build/lib/robot_state_machine/utils/Interpolation/phc/utils/draw_utils.py -> /home/sunrise/TWStateMachine/install/robot_state_machine/lib/python3.10/site-packages/robot_state_machine/utils/Interpolation/phc/utils
[6.144s] copying /home/sunrise/TWStateMachine/build/robot_state_machine/build/lib/robot_state_machine/utils/Interpolation/phc/utils/torch_h1_humanoid_batch.py -> /home/sunrise/TWStateMachine/install/robot_state_machine/lib/python3.10/site-packages/robot_state_machine/utils/Interpolation/phc/utils
[6.144s] copying /home/sunrise/TWStateMachine/build/robot_state_machine/build/lib/robot_state_machine/utils/Interpolation/phc/utils/logger.py -> /home/sunrise/TWStateMachine/install/robot_state_machine/lib/python3.10/site-packages/robot_state_machine/utils/Interpolation/phc/utils
[6.145s] copying /home/sunrise/TWStateMachine/build/robot_state_machine/build/lib/robot_state_machine/utils/Interpolation/phc/utils/data_tree.py -> /home/sunrise/TWStateMachine/install/robot_state_machine/lib/python3.10/site-packages/robot_state_machine/utils/Interpolation/phc/utils
[6.146s] copying /home/sunrise/TWStateMachine/build/robot_state_machine/build/lib/robot_state_machine/utils/Interpolation/phc/utils/__init__.py -> /home/sunrise/TWStateMachine/install/robot_state_machine/lib/python3.10/site-packages/robot_state_machine/utils/Interpolation/phc/utils
[6.147s] copying /home/sunrise/TWStateMachine/build/robot_state_machine/build/lib/robot_state_machine/utils/Interpolation/phc/utils/plot_script.py -> /home/sunrise/TWStateMachine/install/robot_state_machine/lib/python3.10/site-packages/robot_state_machine/utils/Interpolation/phc/utils
[6.148s] copying /home/sunrise/TWStateMachine/build/robot_state_machine/build/lib/robot_state_machine/utils/Interpolation/phc/utils/torch_utils.py -> /home/sunrise/TWStateMachine/install/robot_state_machine/lib/python3.10/site-packages/robot_state_machine/utils/Interpolation/phc/utils
[6.149s] copying /home/sunrise/TWStateMachine/build/robot_state_machine/build/lib/robot_state_machine/utils/Interpolation/phc/utils/motion_lib_base.py -> /home/sunrise/TWStateMachine/install/robot_state_machine/lib/python3.10/site-packages/robot_state_machine/utils/Interpolation/phc/utils
[6.150s] copying /home/sunrise/TWStateMachine/build/robot_state_machine/build/lib/robot_state_machine/utils/Interpolation/phc/utils/uhc_transform_utils.py -> /home/sunrise/TWStateMachine/install/robot_state_machine/lib/python3.10/site-packages/robot_state_machine/utils/Interpolation/phc/utils
[6.151s] copying /home/sunrise/TWStateMachine/build/robot_state_machine/build/lib/robot_state_machine/utils/Interpolation/phc/utils/motion_lib_smpl.py -> /home/sunrise/TWStateMachine/install/robot_state_machine/lib/python3.10/site-packages/robot_state_machine/utils/Interpolation/phc/utils
[6.152s] copying /home/sunrise/TWStateMachine/build/robot_state_machine/build/lib/robot_state_machine/utils/Interpolation/phc/utils/parse_task.py -> /home/sunrise/TWStateMachine/install/robot_state_machine/lib/python3.10/site-packages/robot_state_machine/utils/Interpolation/phc/utils
[6.153s] copying /home/sunrise/TWStateMachine/build/robot_state_machine/build/lib/robot_state_machine/utils/Interpolation/phc/utils/config.py -> /home/sunrise/TWStateMachine/install/robot_state_machine/lib/python3.10/site-packages/robot_state_machine/utils/Interpolation/phc/utils
[6.154s] copying /home/sunrise/TWStateMachine/build/robot_state_machine/build/lib/robot_state_machine/utils/Interpolation/phc/utils/transform_utils.py -> /home/sunrise/TWStateMachine/install/robot_state_machine/lib/python3.10/site-packages/robot_state_machine/utils/Interpolation/phc/utils
[6.155s] copying /home/sunrise/TWStateMachine/build/robot_state_machine/build/lib/robot_state_machine/utils/Interpolation/phc/utils/benchmarking.py -> /home/sunrise/TWStateMachine/install/robot_state_machine/lib/python3.10/site-packages/robot_state_machine/utils/Interpolation/phc/utils
[6.156s] copying /home/sunrise/TWStateMachine/build/robot_state_machine/build/lib/robot_state_machine/utils/Interpolation/phc/utils/motion_lib_h1.py -> /home/sunrise/TWStateMachine/install/robot_state_machine/lib/python3.10/site-packages/robot_state_machine/utils/Interpolation/phc/utils
[6.157s] copying /home/sunrise/TWStateMachine/build/robot_state_machine/build/lib/robot_state_machine/utils/robot_protocol.py -> /home/sunrise/TWStateMachine/install/robot_state_machine/lib/python3.10/site-packages/robot_state_machine/utils
[6.158s] copying /home/sunrise/TWStateMachine/build/robot_state_machine/build/lib/robot_state_machine/utils/cloude_http_client.py -> /home/sunrise/TWStateMachine/install/robot_state_machine/lib/python3.10/site-packages/robot_state_machine/utils
[6.159s] creating /home/sunrise/TWStateMachine/install/robot_state_machine/lib/python3.10/site-packages/robot_state_machine/utils/IK_Redirection
[6.160s] copying /home/sunrise/TWStateMachine/build/robot_state_machine/build/lib/robot_state_machine/utils/IK_Redirection/txt_visual.py -> /home/sunrise/TWStateMachine/install/robot_state_machine/lib/python3.10/site-packages/robot_state_machine/utils/IK_Redirection
[6.161s] copying /home/sunrise/TWStateMachine/build/robot_state_machine/build/lib/robot_state_machine/utils/IK_Redirection/npy_visual.py -> /home/sunrise/TWStateMachine/install/robot_state_machine/lib/python3.10/site-packages/robot_state_machine/utils/IK_Redirection
[6.162s] copying /home/sunrise/TWStateMachine/build/robot_state_machine/build/lib/robot_state_machine/utils/IK_Redirection/__init__.py -> /home/sunrise/TWStateMachine/install/robot_state_machine/lib/python3.10/site-packages/robot_state_machine/utils/IK_Redirection
[6.163s] copying /home/sunrise/TWStateMachine/build/robot_state_machine/build/lib/robot_state_machine/utils/IK_Redirection/ik_redirection_new.py -> /home/sunrise/TWStateMachine/install/robot_state_machine/lib/python3.10/site-packages/robot_state_machine/utils/IK_Redirection
[6.164s] copying /home/sunrise/TWStateMachine/build/robot_state_machine/build/lib/robot_state_machine/utils/IK_Redirection/config.py -> /home/sunrise/TWStateMachine/install/robot_state_machine/lib/python3.10/site-packages/robot_state_machine/utils/IK_Redirection
[6.165s] copying /home/sunrise/TWStateMachine/build/robot_state_machine/build/lib/robot_state_machine/utils/IK_Redirection/ik_redirection.py -> /home/sunrise/TWStateMachine/install/robot_state_machine/lib/python3.10/site-packages/robot_state_machine/utils/IK_Redirection
[6.166s] copying /home/sunrise/TWStateMachine/build/robot_state_machine/build/lib/robot_state_machine/utils/cubic_spline.py -> /home/sunrise/TWStateMachine/install/robot_state_machine/lib/python3.10/site-packages/robot_state_machine/utils
[6.167s] copying /home/sunrise/TWStateMachine/build/robot_state_machine/build/lib/robot_state_machine/utils/robot_protocol_single.py -> /home/sunrise/TWStateMachine/install/robot_state_machine/lib/python3.10/site-packages/robot_state_machine/utils
[6.168s] copying /home/sunrise/TWStateMachine/build/robot_state_machine/build/lib/robot_state_machine/utils/split_npz.py -> /home/sunrise/TWStateMachine/install/robot_state_machine/lib/python3.10/site-packages/robot_state_machine/utils
[6.168s] copying /home/sunrise/TWStateMachine/build/robot_state_machine/build/lib/robot_state_machine/utils/readnpy.py -> /home/sunrise/TWStateMachine/install/robot_state_machine/lib/python3.10/site-packages/robot_state_machine/utils
[6.169s] copying /home/sunrise/TWStateMachine/build/robot_state_machine/build/lib/robot_state_machine/utils/admittance_calculate.py -> /home/sunrise/TWStateMachine/install/robot_state_machine/lib/python3.10/site-packages/robot_state_machine/utils
[6.170s] copying /home/sunrise/TWStateMachine/build/robot_state_machine/build/lib/robot_state_machine/utils/gazeShifting_mechanism_simulation.py -> /home/sunrise/TWStateMachine/install/robot_state_machine/lib/python3.10/site-packages/robot_state_machine/utils
[6.171s] copying /home/sunrise/TWStateMachine/build/robot_state_machine/build/lib/robot_state_machine/utils/robot_protocol_trajectory_test.py -> /home/sunrise/TWStateMachine/install/robot_state_machine/lib/python3.10/site-packages/robot_state_machine/utils
[6.172s] copying /home/sunrise/TWStateMachine/build/robot_state_machine/build/lib/robot_state_machine/utils/__init__.py -> /home/sunrise/TWStateMachine/install/robot_state_machine/lib/python3.10/site-packages/robot_state_machine/utils
[6.173s] copying /home/sunrise/TWStateMachine/build/robot_state_machine/build/lib/robot_state_machine/utils/gRPC_client.py -> /home/sunrise/TWStateMachine/install/robot_state_machine/lib/python3.10/site-packages/robot_state_machine/utils
[6.174s] copying /home/sunrise/TWStateMachine/build/robot_state_machine/build/lib/robot_state_machine/utils/robot_protocol_out.py -> /home/sunrise/TWStateMachine/install/robot_state_machine/lib/python3.10/site-packages/robot_state_machine/utils
[6.175s] copying /home/sunrise/TWStateMachine/build/robot_state_machine/build/lib/robot_state_machine/utils/voice_agent_pb2_grpc.py -> /home/sunrise/TWStateMachine/install/robot_state_machine/lib/python3.10/site-packages/robot_state_machine/utils
[6.175s] copying /home/sunrise/TWStateMachine/build/robot_state_machine/build/lib/robot_state_machine/utils/media_stream_pb2.py -> /home/sunrise/TWStateMachine/install/robot_state_machine/lib/python3.10/site-packages/robot_state_machine/utils
[6.177s] copying /home/sunrise/TWStateMachine/build/robot_state_machine/build/lib/robot_state_machine/utils/media_stream_pb2_grpc.py -> /home/sunrise/TWStateMachine/install/robot_state_machine/lib/python3.10/site-packages/robot_state_machine/utils
[6.177s] copying /home/sunrise/TWStateMachine/build/robot_state_machine/build/lib/robot_state_machine/utils/gRPC_server.py -> /home/sunrise/TWStateMachine/install/robot_state_machine/lib/python3.10/site-packages/robot_state_machine/utils
[6.178s] copying /home/sunrise/TWStateMachine/build/robot_state_machine/build/lib/robot_state_machine/utils/readnpz.py -> /home/sunrise/TWStateMachine/install/robot_state_machine/lib/python3.10/site-packages/robot_state_machine/utils
[6.179s] copying /home/sunrise/TWStateMachine/build/robot_state_machine/build/lib/robot_state_machine/utils/voice_agent_pb2.py -> /home/sunrise/TWStateMachine/install/robot_state_machine/lib/python3.10/site-packages/robot_state_machine/utils
[6.187s] copying /home/sunrise/TWStateMachine/build/robot_state_machine/build/lib/robot_state_machine/main_node_offline.py -> /home/sunrise/TWStateMachine/install/robot_state_machine/lib/python3.10/site-packages/robot_state_machine
[6.188s] copying /home/sunrise/TWStateMachine/build/robot_state_machine/build/lib/robot_state_machine/scan_module.py -> /home/sunrise/TWStateMachine/install/robot_state_machine/lib/python3.10/site-packages/robot_state_machine
[6.188s] byte-compiling /home/sunrise/TWStateMachine/install/robot_state_machine/lib/python3.10/site-packages/robot_state_machine/main_node_online_npy.py to main_node_online_npy.cpython-310.pyc
[6.221s] byte-compiling /home/sunrise/TWStateMachine/install/robot_state_machine/lib/python3.10/site-packages/robot_state_machine/robot_pose_solver.py to robot_pose_solver.cpython-310.pyc
[6.252s] byte-compiling /home/sunrise/TWStateMachine/install/robot_state_machine/lib/python3.10/site-packages/robot_state_machine/main_node.py to main_node.cpython-310.pyc
[6.267s] byte-compiling /home/sunrise/TWStateMachine/install/robot_state_machine/lib/python3.10/site-packages/robot_state_machine/search_follow_module.py to search_follow_module.cpython-310.pyc
[6.280s] byte-compiling /home/sunrise/TWStateMachine/install/robot_state_machine/lib/python3.10/site-packages/robot_state_machine/obstacle_avoidance_module.py to obstacle_avoidance_module.cpython-310.pyc
[6.284s] byte-compiling /home/sunrise/TWStateMachine/install/robot_state_machine/lib/python3.10/site-packages/robot_state_machine/mpu_read_parse.py to mpu_read_parse.cpython-310.pyc
[6.296s] byte-compiling /home/sunrise/TWStateMachine/install/robot_state_machine/lib/python3.10/site-packages/robot_state_machine/edge_min_hw_pipeline.py to edge_min_hw_pipeline.cpython-310.pyc
[6.311s] byte-compiling /home/sunrise/TWStateMachine/install/robot_state_machine/lib/python3.10/site-packages/robot_state_machine/follow_module.py to follow_module.cpython-310.pyc
[6.327s] byte-compiling /home/sunrise/TWStateMachine/install/robot_state_machine/lib/python3.10/site-packages/robot_state_machine/search_module.py to search_module.cpython-310.pyc
[6.343s] byte-compiling /home/sunrise/TWStateMachine/install/robot_state_machine/lib/python3.10/site-packages/robot_state_machine/online_npy_test.py to online_npy_test.cpython-310.pyc
[6.354s] byte-compiling /home/sunrise/TWStateMachine/install/robot_state_machine/lib/python3.10/site-packages/robot_state_machine/__init__.py to __init__.cpython-310.pyc
[6.354s] byte-compiling /home/sunrise/TWStateMachine/install/robot_state_machine/lib/python3.10/site-packages/robot_state_machine/out_node.py to out_node.cpython-310.pyc
[6.370s] byte-compiling /home/sunrise/TWStateMachine/install/robot_state_machine/lib/python3.10/site-packages/robot_state_machine/main_node_offline_npy.py to main_node_offline_npy.cpython-310.pyc
[6.400s] byte-compiling /home/sunrise/TWStateMachine/install/robot_state_machine/lib/python3.10/site-packages/robot_state_machine/utils/monitor_npy.py to monitor_npy.cpython-310.pyc
[6.403s] byte-compiling /home/sunrise/TWStateMachine/install/robot_state_machine/lib/python3.10/site-packages/robot_state_machine/utils/Interpolation/easy_MotionInterpolator.py to easy_MotionInterpolator.cpython-310.pyc
[6.427s] byte-compiling /home/sunrise/TWStateMachine/install/robot_state_machine/lib/python3.10/site-packages/robot_state_machine/utils/Interpolation/__init__.py to __init__.cpython-310.pyc
[6.428s] byte-compiling /home/sunrise/TWStateMachine/install/robot_state_machine/lib/python3.10/site-packages/robot_state_machine/utils/Interpolation/phc/learning/vq_quantizer.py to vq_quantizer.cpython-310.pyc
[6.436s] byte-compiling /home/sunrise/TWStateMachine/install/robot_state_machine/lib/python3.10/site-packages/robot_state_machine/utils/Interpolation/phc/learning/network_builder.py to network_builder.cpython-310.pyc
[6.473s] byte-compiling /home/sunrise/TWStateMachine/install/robot_state_machine/lib/python3.10/site-packages/robot_state_machine/utils/Interpolation/phc/learning/loss_functions.py to loss_functions.cpython-310.pyc
[6.475s] byte-compiling /home/sunrise/TWStateMachine/install/robot_state_machine/lib/python3.10/site-packages/robot_state_machine/utils/Interpolation/phc/learning/pnn.py to pnn.cpython-310.pyc
[6.481s] byte-compiling /home/sunrise/TWStateMachine/install/robot_state_machine/lib/python3.10/site-packages/robot_state_machine/utils/Interpolation/phc/learning/common_player.py to common_player.cpython-310.pyc
[6.494s] byte-compiling /home/sunrise/TWStateMachine/install/robot_state_machine/lib/python3.10/site-packages/robot_state_machine/utils/Interpolation/phc/learning/unrealego/unrealego_autoencoder_model.py to unrealego_autoencoder_model.cpython-310.pyc
[6.500s] byte-compiling /home/sunrise/TWStateMachine/install/robot_state_machine/lib/python3.10/site-packages/robot_state_machine/utils/Interpolation/phc/learning/unrealego/base_model.py to base_model.cpython-310.pyc
[6.505s] byte-compiling /home/sunrise/TWStateMachine/install/robot_state_machine/lib/python3.10/site-packages/robot_state_machine/utils/Interpolation/phc/learning/unrealego/unrealego_heatmap_shared_model.py to unrealego_heatmap_shared_model.cpython-310.pyc
[6.510s] byte-compiling /home/sunrise/TWStateMachine/install/robot_state_machine/lib/python3.10/site-packages/robot_state_machine/utils/Interpolation/phc/learning/unrealego/__init__.py to __init__.cpython-310.pyc
[6.511s] byte-compiling /home/sunrise/TWStateMachine/install/robot_state_machine/lib/python3.10/site-packages/robot_state_machine/utils/Interpolation/phc/learning/unrealego/network.py to network.cpython-310.pyc
[6.534s] byte-compiling /home/sunrise/TWStateMachine/install/robot_state_machine/lib/python3.10/site-packages/robot_state_machine/utils/Interpolation/phc/learning/unrealego/egoglass_model.py to egoglass_model.cpython-310.pyc
[6.541s] byte-compiling /home/sunrise/TWStateMachine/install/robot_state_machine/lib/python3.10/site-packages/robot_state_machine/utils/Interpolation/phc/learning/unrealego/network_debug.py to network_debug.cpython-310.pyc
[6.563s] byte-compiling /home/sunrise/TWStateMachine/install/robot_state_machine/lib/python3.10/site-packages/robot_state_machine/utils/Interpolation/phc/learning/unrealego/models.py to models.cpython-310.pyc
[6.565s] byte-compiling /home/sunrise/TWStateMachine/install/robot_state_machine/lib/python3.10/site-packages/robot_state_machine/utils/Interpolation/phc/learning/amp_network_mcp_builder.py to amp_network_mcp_builder.cpython-310.pyc
[6.569s] byte-compiling /home/sunrise/TWStateMachine/install/robot_state_machine/lib/python3.10/site-packages/robot_state_machine/utils/Interpolation/phc/learning/amp_models.py to amp_models.cpython-310.pyc
[6.574s] byte-compiling /home/sunrise/TWStateMachine/install/robot_state_machine/lib/python3.10/site-packages/robot_state_machine/utils/Interpolation/phc/learning/im_amp.py to im_amp.cpython-310.pyc
[6.588s] byte-compiling /home/sunrise/TWStateMachine/install/robot_state_machine/lib/python3.10/site-packages/robot_state_machine/utils/Interpolation/phc/learning/__init__.py to __init__.cpython-310.pyc
[6.589s] byte-compiling /home/sunrise/TWStateMachine/install/robot_state_machine/lib/python3.10/site-packages/robot_state_machine/utils/Interpolation/phc/learning/ar_prior.py to ar_prior.cpython-310.pyc
[6.591s] byte-compiling /home/sunrise/TWStateMachine/install/robot_state_machine/lib/python3.10/site-packages/robot_state_machine/utils/Interpolation/phc/learning/replay_buffer.py to replay_buffer.cpython-310.pyc
[6.594s] byte-compiling /home/sunrise/TWStateMachine/install/robot_state_machine/lib/python3.10/site-packages/robot_state_machine/utils/Interpolation/phc/learning/running_norm.py to running_norm.cpython-310.pyc
[6.597s] byte-compiling /home/sunrise/TWStateMachine/install/robot_state_machine/lib/python3.10/site-packages/robot_state_machine/utils/Interpolation/phc/learning/transformer.py to transformer.cpython-310.pyc
[6.608s] byte-compiling /home/sunrise/TWStateMachine/install/robot_state_machine/lib/python3.10/site-packages/robot_state_machine/utils/Interpolation/phc/learning/amp_network_builder.py to amp_network_builder.cpython-310.pyc
[6.617s] byte-compiling /home/sunrise/TWStateMachine/install/robot_state_machine/lib/python3.10/site-packages/robot_state_machine/utils/Interpolation/phc/learning/amp_agent.py to amp_agent.cpython-310.pyc
[6.649s] byte-compiling /home/sunrise/TWStateMachine/install/robot_state_machine/lib/python3.10/site-packages/robot_state_machine/utils/Interpolation/phc/learning/amp_datasets.py to amp_datasets.cpython-310.pyc
[6.653s] byte-compiling /home/sunrise/TWStateMachine/install/robot_state_machine/lib/python3.10/site-packages/robot_state_machine/utils/Interpolation/phc/learning/amp_network_pnn_builder.py to amp_network_pnn_builder.cpython-310.pyc
[6.657s] byte-compiling /home/sunrise/TWStateMachine/install/robot_state_machine/lib/python3.10/site-packages/robot_state_machine/utils/Interpolation/phc/learning/common_agent.py to common_agent.cpython-310.pyc
[6.696s] byte-compiling /home/sunrise/TWStateMachine/install/robot_state_machine/lib/python3.10/site-packages/robot_state_machine/utils/Interpolation/phc/learning/im_amp_players.py to im_amp_players.cpython-310.pyc
[6.709s] byte-compiling /home/sunrise/TWStateMachine/install/robot_state_machine/lib/python3.10/site-packages/robot_state_machine/utils/Interpolation/phc/learning/network_loader.py to network_loader.cpython-310.pyc
[6.717s] byte-compiling /home/sunrise/TWStateMachine/install/robot_state_machine/lib/python3.10/site-packages/robot_state_machine/utils/Interpolation/phc/learning/amp_players.py to amp_players.cpython-310.pyc
[6.726s] byte-compiling /home/sunrise/TWStateMachine/install/robot_state_machine/lib/python3.10/site-packages/robot_state_machine/utils/Interpolation/phc/learning/transformer_layers.py to transformer_layers.cpython-310.pyc
[6.734s] byte-compiling /home/sunrise/TWStateMachine/install/robot_state_machine/lib/python3.10/site-packages/robot_state_machine/utils/Interpolation/phc/env/tasks/humanoid_speed.py to humanoid_speed.cpython-310.pyc
[6.746s] byte-compiling /home/sunrise/TWStateMachine/install/robot_state_machine/lib/python3.10/site-packages/robot_state_machine/utils/Interpolation/phc/env/tasks/vec_task.py to vec_task.cpython-310.pyc
[6.753s] byte-compiling /home/sunrise/TWStateMachine/install/robot_state_machine/lib/python3.10/site-packages/robot_state_machine/utils/Interpolation/phc/env/tasks/humanoid_im_mcp.py to humanoid_im_mcp.cpython-310.pyc
[6.757s] byte-compiling /home/sunrise/TWStateMachine/install/robot_state_machine/lib/python3.10/site-packages/robot_state_machine/utils/Interpolation/phc/env/tasks/humanoid_amp_getup.py to humanoid_amp_getup.cpython-310.pyc
[6.763s] byte-compiling /home/sunrise/TWStateMachine/install/robot_state_machine/lib/python3.10/site-packages/robot_state_machine/utils/Interpolation/phc/env/tasks/humanoid_im_demo.py to humanoid_im_demo.cpython-310.pyc
[6.771s] byte-compiling /home/sunrise/TWStateMachine/install/robot_state_machine/lib/python3.10/site-packages/robot_state_machine/utils/Interpolation/phc/env/tasks/humanoid_im_getup.py to humanoid_im_getup.cpython-310.pyc
[6.779s] byte-compiling /home/sunrise/TWStateMachine/install/robot_state_machine/lib/python3.10/site-packages/robot_state_machine/utils/Interpolation/phc/env/tasks/base_task.py to base_task.cpython-310.pyc
[6.807s] byte-compiling /home/sunrise/TWStateMachine/install/robot_state_machine/lib/python3.10/site-packages/robot_state_machine/utils/Interpolation/phc/env/tasks/humanoid_im.py to humanoid_im.cpython-310.pyc
[6.879s] byte-compiling /home/sunrise/TWStateMachine/install/robot_state_machine/lib/python3.10/site-packages/robot_state_machine/utils/Interpolation/phc/env/tasks/__init__.py to __init__.cpython-310.pyc
[6.880s] byte-compiling /home/sunrise/TWStateMachine/install/robot_state_machine/lib/python3.10/site-packages/robot_state_machine/utils/Interpolation/phc/env/tasks/vec_task_wrappers.py to vec_task_wrappers.cpython-310.pyc
[6.883s] byte-compiling /home/sunrise/TWStateMachine/install/robot_state_machine/lib/python3.10/site-packages/robot_state_machine/utils/Interpolation/phc/env/tasks/humanoid_amp_task.py to humanoid_amp_task.cpython-310.pyc
[6.888s] byte-compiling /home/sunrise/TWStateMachine/install/robot_state_machine/lib/python3.10/site-packages/robot_state_machine/utils/Interpolation/phc/env/tasks/humanoid_im_mcp_demo.py to humanoid_im_mcp_demo.cpython-310.pyc
[6.902s] byte-compiling /home/sunrise/TWStateMachine/install/robot_state_machine/lib/python3.10/site-packages/robot_state_machine/utils/Interpolation/phc/env/tasks/humanoid.py to humanoid.cpython-310.pyc
[6.979s] byte-compiling /home/sunrise/TWStateMachine/install/robot_state_machine/lib/python3.10/site-packages/robot_state_machine/utils/Interpolation/phc/env/tasks/humanoid_im_mcp_getup.py to humanoid_im_mcp_getup.cpython-310.pyc
[6.981s] byte-compiling /home/sunrise/TWStateMachine/install/robot_state_machine/lib/python3.10/site-packages/robot_state_machine/utils/Interpolation/phc/env/tasks/humanoid_amp.py to humanoid_amp.cpython-310.pyc
[7.023s] byte-compiling /home/sunrise/TWStateMachine/install/robot_state_machine/lib/python3.10/site-packages/robot_state_machine/utils/Interpolation/phc/env/__init__.py to __init__.cpython-310.pyc
[7.025s] byte-compiling /home/sunrise/TWStateMachine/install/robot_state_machine/lib/python3.10/site-packages/robot_state_machine/utils/Interpolation/phc/__init__.py to __init__.cpython-310.pyc
[7.026s] byte-compiling /home/sunrise/TWStateMachine/install/robot_state_machine/lib/python3.10/site-packages/robot_state_machine/utils/Interpolation/phc/run.py to run.cpython-310.pyc
[7.037s] byte-compiling /home/sunrise/TWStateMachine/install/robot_state_machine/lib/python3.10/site-packages/robot_state_machine/utils/Interpolation/phc/utils/pytorch3d_transforms.py to pytorch3d_transforms.cpython-310.pyc
[7.054s] byte-compiling /home/sunrise/TWStateMachine/install/robot_state_machine/lib/python3.10/site-packages/robot_state_machine/utils/Interpolation/phc/utils/rotation_conversions.py to rotation_conversions.cpython-310.pyc
[7.068s] byte-compiling /home/sunrise/TWStateMachine/install/robot_state_machine/lib/python3.10/site-packages/robot_state_machine/utils/Interpolation/phc/utils/flags.py to flags.cpython-310.pyc
[7.070s] byte-compiling /home/sunrise/TWStateMachine/install/robot_state_machine/lib/python3.10/site-packages/robot_state_machine/utils/Interpolation/phc/utils/torch_MMRAV6_Assembly_batch.py to torch_MMRAV6_Assembly_batch.cpython-310.pyc
[7.082s] byte-compiling /home/sunrise/TWStateMachine/install/robot_state_machine/lib/python3.10/site-packages/robot_state_machine/utils/Interpolation/phc/utils/o3d_utils.py to o3d_utils.cpython-310.pyc
[7.084s] byte-compiling /home/sunrise/TWStateMachine/install/robot_state_machine/lib/python3.10/site-packages/robot_state_machine/utils/Interpolation/phc/utils/traj_generator.py to traj_generator.cpython-310.pyc
[7.093s] byte-compiling /home/sunrise/TWStateMachine/install/robot_state_machine/lib/python3.10/site-packages/robot_state_machine/utils/Interpolation/phc/utils/running_mean_std.py to running_mean_std.cpython-310.pyc
[7.099s] byte-compiling /home/sunrise/TWStateMachine/install/robot_state_machine/lib/python3.10/site-packages/robot_state_machine/utils/Interpolation/phc/utils/draw_utils.py to draw_utils.cpython-310.pyc
[7.105s] byte-compiling /home/sunrise/TWStateMachine/install/robot_state_machine/lib/python3.10/site-packages/robot_state_machine/utils/Interpolation/phc/utils/torch_h1_humanoid_batch.py to torch_h1_humanoid_batch.cpython-310.pyc
[7.116s] byte-compiling /home/sunrise/TWStateMachine/install/robot_state_machine/lib/python3.10/site-packages/robot_state_machine/utils/Interpolation/phc/utils/logger.py to logger.cpython-310.pyc
[7.120s] byte-compiling /home/sunrise/TWStateMachine/install/robot_state_machine/lib/python3.10/site-packages/robot_state_machine/utils/Interpolation/phc/utils/data_tree.py to data_tree.cpython-310.pyc
[7.128s] byte-compiling /home/sunrise/TWStateMachine/install/robot_state_machine/lib/python3.10/site-packages/robot_state_machine/utils/Interpolation/phc/utils/__init__.py to __init__.cpython-310.pyc
[7.129s] byte-compiling /home/sunrise/TWStateMachine/install/robot_state_machine/lib/python3.10/site-packages/robot_state_machine/utils/Interpolation/phc/utils/plot_script.py to plot_script.cpython-310.pyc
[7.136s] byte-compiling /home/sunrise/TWStateMachine/install/robot_state_machine/lib/python3.10/site-packages/robot_state_machine/utils/Interpolation/phc/utils/torch_utils.py to torch_utils.cpython-310.pyc
[7.144s] byte-compiling /home/sunrise/TWStateMachine/install/robot_state_machine/lib/python3.10/site-packages/robot_state_machine/utils/Interpolation/phc/utils/motion_lib_base.py to motion_lib_base.cpython-310.pyc
[7.167s] byte-compiling /home/sunrise/TWStateMachine/install/robot_state_machine/lib/python3.10/site-packages/robot_state_machine/utils/Interpolation/phc/utils/uhc_transform_utils.py to uhc_transform_utils.cpython-310.pyc
[7.187s] byte-compiling /home/sunrise/TWStateMachine/install/robot_state_machine/lib/python3.10/site-packages/robot_state_machine/utils/Interpolation/phc/utils/motion_lib_smpl.py to motion_lib_smpl.cpython-310.pyc
[7.195s] byte-compiling /home/sunrise/TWStateMachine/install/robot_state_machine/lib/python3.10/site-packages/robot_state_machine/utils/Interpolation/phc/utils/parse_task.py to parse_task.cpython-310.pyc
[7.198s] byte-compiling /home/sunrise/TWStateMachine/install/robot_state_machine/lib/python3.10/site-packages/robot_state_machine/utils/Interpolation/phc/utils/config.py to config.cpython-310.pyc
[7.209s] byte-compiling /home/sunrise/TWStateMachine/install/robot_state_machine/lib/python3.10/site-packages/robot_state_machine/utils/Interpolation/phc/utils/transform_utils.py to transform_utils.cpython-310.pyc
[7.221s] byte-compiling /home/sunrise/TWStateMachine/install/robot_state_machine/lib/python3.10/site-packages/robot_state_machine/utils/Interpolation/phc/utils/benchmarking.py to benchmarking.cpython-310.pyc
[7.225s] byte-compiling /home/sunrise/TWStateMachine/install/robot_state_machine/lib/python3.10/site-packages/robot_state_machine/utils/Interpolation/phc/utils/motion_lib_h1.py to motion_lib_h1.cpython-310.pyc
[7.243s] byte-compiling /home/sunrise/TWStateMachine/install/robot_state_machine/lib/python3.10/site-packages/robot_state_machine/utils/robot_protocol.py to robot_protocol.cpython-310.pyc
[7.260s] byte-compiling /home/sunrise/TWStateMachine/install/robot_state_machine/lib/python3.10/site-packages/robot_state_machine/utils/cloude_http_client.py to cloude_http_client.cpython-310.pyc
[7.284s] byte-compiling /home/sunrise/TWStateMachine/install/robot_state_machine/lib/python3.10/site-packages/robot_state_machine/utils/IK_Redirection/txt_visual.py to txt_visual.cpython-310.pyc
[7.290s] byte-compiling /home/sunrise/TWStateMachine/install/robot_state_machine/lib/python3.10/site-packages/robot_state_machine/utils/IK_Redirection/npy_visual.py to npy_visual.cpython-310.pyc
[7.296s] byte-compiling /home/sunrise/TWStateMachine/install/robot_state_machine/lib/python3.10/site-packages/robot_state_machine/utils/IK_Redirection/__init__.py to __init__.cpython-310.pyc
[7.297s] byte-compiling /home/sunrise/TWStateMachine/install/robot_state_machine/lib/python3.10/site-packages/robot_state_machine/utils/IK_Redirection/ik_redirection_new.py to ik_redirection_new.cpython-310.pyc
[7.318s] byte-compiling /home/sunrise/TWStateMachine/install/robot_state_machine/lib/python3.10/site-packages/robot_state_machine/utils/IK_Redirection/config.py to config.cpython-310.pyc
[7.322s] byte-compiling /home/sunrise/TWStateMachine/install/robot_state_machine/lib/python3.10/site-packages/robot_state_machine/utils/IK_Redirection/ik_redirection.py to ik_redirection.cpython-310.pyc
[7.335s] byte-compiling /home/sunrise/TWStateMachine/install/robot_state_machine/lib/python3.10/site-packages/robot_state_machine/utils/cubic_spline.py to cubic_spline.cpython-310.pyc
[7.341s] byte-compiling /home/sunrise/TWStateMachine/install/robot_state_machine/lib/python3.10/site-packages/robot_state_machine/utils/robot_protocol_single.py to robot_protocol_single.cpython-310.pyc
[7.358s] byte-compiling /home/sunrise/TWStateMachine/install/robot_state_machine/lib/python3.10/site-packages/robot_state_machine/utils/split_npz.py to split_npz.cpython-310.pyc
[7.360s] byte-compiling /home/sunrise/TWStateMachine/install/robot_state_machine/lib/python3.10/site-packages/robot_state_machine/utils/readnpy.py to readnpy.cpython-310.pyc
[7.364s] byte-compiling /home/sunrise/TWStateMachine/install/robot_state_machine/lib/python3.10/site-packages/robot_state_machine/utils/admittance_calculate.py to admittance_calculate.cpython-310.pyc
[7.385s] byte-compiling /home/sunrise/TWStateMachine/install/robot_state_machine/lib/python3.10/site-packages/robot_state_machine/utils/gazeShifting_mechanism_simulation.py to gazeShifting_mechanism_simulation.cpython-310.pyc
[7.390s] byte-compiling /home/sunrise/TWStateMachine/install/robot_state_machine/lib/python3.10/site-packages/robot_state_machine/utils/robot_protocol_trajectory_test.py to robot_protocol_trajectory_test.cpython-310.pyc
[7.414s] byte-compiling /home/sunrise/TWStateMachine/install/robot_state_machine/lib/python3.10/site-packages/robot_state_machine/utils/__init__.py to __init__.cpython-310.pyc
[7.415s] byte-compiling /home/sunrise/TWStateMachine/install/robot_state_machine/lib/python3.10/site-packages/robot_state_machine/utils/gRPC_client.py to gRPC_client.cpython-310.pyc
[7.419s] byte-compiling /home/sunrise/TWStateMachine/install/robot_state_machine/lib/python3.10/site-packages/robot_state_machine/utils/robot_protocol_out.py to robot_protocol_out.cpython-310.pyc
[7.421s] byte-compiling /home/sunrise/TWStateMachine/install/robot_state_machine/lib/python3.10/site-packages/robot_state_machine/utils/voice_agent_pb2_grpc.py to voice_agent_pb2_grpc.cpython-310.pyc
[7.427s] byte-compiling /home/sunrise/TWStateMachine/install/robot_state_machine/lib/python3.10/site-packages/robot_state_machine/utils/media_stream_pb2.py to media_stream_pb2.cpython-310.pyc
[7.431s] byte-compiling /home/sunrise/TWStateMachine/install/robot_state_machine/lib/python3.10/site-packages/robot_state_machine/utils/media_stream_pb2_grpc.py to media_stream_pb2_grpc.cpython-310.pyc
[7.437s] byte-compiling /home/sunrise/TWStateMachine/install/robot_state_machine/lib/python3.10/site-packages/robot_state_machine/utils/gRPC_server.py to gRPC_server.cpython-310.pyc
[7.443s] byte-compiling /home/sunrise/TWStateMachine/install/robot_state_machine/lib/python3.10/site-packages/robot_state_machine/utils/readnpz.py to readnpz.cpython-310.pyc
[7.446s] byte-compiling /home/sunrise/TWStateMachine/install/robot_state_machine/lib/python3.10/site-packages/robot_state_machine/utils/voice_agent_pb2.py to voice_agent_pb2.cpython-310.pyc
[7.449s] byte-compiling /home/sunrise/TWStateMachine/install/robot_state_machine/lib/python3.10/site-packages/robot_state_machine/main_node_offline.py to main_node_offline.cpython-310.pyc
[7.481s] byte-compiling /home/sunrise/TWStateMachine/install/robot_state_machine/lib/python3.10/site-packages/robot_state_machine/scan_module.py to scan_module.cpython-310.pyc
[7.484s] running install_data
[7.485s] creating /home/sunrise/TWStateMachine/install/robot_state_machine/share/ament_index/resource_index/packages
[7.486s] copying resource/robot_state_machine -> /home/sunrise/TWStateMachine/install/robot_state_machine/share/ament_index/resource_index/packages
[7.487s] copying package.xml -> /home/sunrise/TWStateMachine/install/robot_state_machine/share/robot_state_machine
[7.488s] creating /home/sunrise/TWStateMachine/install/robot_state_machine/share/robot_state_machine/launch
[7.489s] copying launch/robot_state_machine.launch.py -> /home/sunrise/TWStateMachine/install/robot_state_machine/share/robot_state_machine/launch
[7.490s] running install_egg_info
[7.594s] Copying ../../build/robot_state_machine/robot_state_machine.egg-info to /home/sunrise/TWStateMachine/install/robot_state_machine/lib/python3.10/site-packages/robot_state_machine-0.0.0-py3.10.egg-info
[7.598s] running install_scripts
[7.806s] Installing main_node script to /home/sunrise/TWStateMachine/install/robot_state_machine/lib/robot_state_machine
[7.807s] Installing out_node script to /home/sunrise/TWStateMachine/install/robot_state_machine/lib/robot_state_machine
[7.828s] writing list of installed files to '/home/sunrise/TWStateMachine/build/robot_state_machine/install.log'
[8.031s] Invoked command in '/home/sunrise/TWStateMachine/src/robot_state_machine' returned '0': CONDA_PROMPT_MODIFIER=(TWStateMachine) PYTHONPATH=/home/sunrise/TWStateMachine/build/robot_state_machine/prefix_override:/usr/lib/python3/dist-packages/colcon_core/task/python/colcon_distutils_commands:/home/sunrise/TWStateMachine/install/robot_state_machine/lib/python3.10/site-packages:${PYTHONPATH} /usr/bin/python3 -W ignore:setup.py install is deprecated -W ignore:easy_install command is deprecated setup.py egg_info --egg-base ../../build/robot_state_machine build --build-base /home/sunrise/TWStateMachine/build/robot_state_machine/build install --record /home/sunrise/TWStateMachine/build/robot_state_machine/install.log --single-version-externally-managed install_data
